[2019-08-04 17:17:25] local.ERROR: include(C:\Users\jerem\workspaces\php_web_scrapers\laravel-examples\vendor\composer/../../app/Scrapers/Glassesusa.php): failed to open stream: No such file or directory {"exception":"[object] (ErrorException(code: 0): include(C:\\Users\\jerem\\workspaces\\php_web_scrapers\\laravel-examples\\vendor\\composer/../../app/Scrapers/Glassesusa.php): failed to open stream: No such file or directory at C:\\Users\\jerem\\workspaces\\php_web_scrapers\\laravel-examples\\vendor\\composer\\ClassLoader.php:444)
[stacktrace]
#0 C:\\Users\\jerem\\workspaces\\php_web_scrapers\\laravel-examples\\vendor\\composer\\ClassLoader.php(444): Illuminate\\Foundation\\Bootstrap\\HandleExceptions->handleError(2, 'include(C:\\\\User...', 'C:\\\\Users\\\\jerem\\\\...', 444, Array)
#1 C:\\Users\\jerem\\workspaces\\php_web_scrapers\\laravel-examples\\vendor\\composer\\ClassLoader.php(444): include()
#2 C:\\Users\\jerem\\workspaces\\php_web_scrapers\\laravel-examples\\vendor\\composer\\ClassLoader.php(322): Composer\\Autoload\\includeFile('C:\\\\Users\\\\jerem\\\\...')
#3 [internal function]: Composer\\Autoload\\ClassLoader->loadClass('App\\\\Scrapers\\\\Re...')
#4 C:\\Users\\jerem\\workspaces\\php_web_scrapers\\laravel-examples\\app\\Console\\Commands\\RunScraper.php(20): spl_autoload_call('App\\\\Scrapers\\\\Re...')
#5 [internal function]: App\\Console\\Commands\\RunScraper->handle()
#6 C:\\Users\\jerem\\workspaces\\php_web_scrapers\\laravel-examples\\vendor\\laravel\\framework\\src\\Illuminate\\Container\\BoundMethod.php(32): call_user_func_array(Array, Array)
#7 C:\\Users\\jerem\\workspaces\\php_web_scrapers\\laravel-examples\\vendor\\laravel\\framework\\src\\Illuminate\\Container\\BoundMethod.php(90): Illuminate\\Container\\BoundMethod::Illuminate\\Container\\{closure}()
#8 C:\\Users\\jerem\\workspaces\\php_web_scrapers\\laravel-examples\\vendor\\laravel\\framework\\src\\Illuminate\\Container\\BoundMethod.php(34): Illuminate\\Container\\BoundMethod::callBoundMethod(Object(Illuminate\\Foundation\\Application), Array, Object(Closure))
#9 C:\\Users\\jerem\\workspaces\\php_web_scrapers\\laravel-examples\\vendor\\laravel\\framework\\src\\Illuminate\\Container\\Container.php(576): Illuminate\\Container\\BoundMethod::call(Object(Illuminate\\Foundation\\Application), Array, Array, NULL)
#10 C:\\Users\\jerem\\workspaces\\php_web_scrapers\\laravel-examples\\vendor\\laravel\\framework\\src\\Illuminate\\Console\\Command.php(183): Illuminate\\Container\\Container->call(Array)
#11 C:\\Users\\jerem\\workspaces\\php_web_scrapers\\laravel-examples\\vendor\\symfony\\console\\Command\\Command.php(255): Illuminate\\Console\\Command->execute(Object(Symfony\\Component\\Console\\Input\\ArgvInput), Object(Illuminate\\Console\\OutputStyle))
#12 C:\\Users\\jerem\\workspaces\\php_web_scrapers\\laravel-examples\\vendor\\laravel\\framework\\src\\Illuminate\\Console\\Command.php(170): Symfony\\Component\\Console\\Command\\Command->run(Object(Symfony\\Component\\Console\\Input\\ArgvInput), Object(Illuminate\\Console\\OutputStyle))
#13 C:\\Users\\jerem\\workspaces\\php_web_scrapers\\laravel-examples\\vendor\\symfony\\console\\Application.php(921): Illuminate\\Console\\Command->run(Object(Symfony\\Component\\Console\\Input\\ArgvInput), Object(Symfony\\Component\\Console\\Output\\ConsoleOutput))
#14 C:\\Users\\jerem\\workspaces\\php_web_scrapers\\laravel-examples\\vendor\\symfony\\console\\Application.php(273): Symfony\\Component\\Console\\Application->doRunCommand(Object(App\\Console\\Commands\\RunScraper), Object(Symfony\\Component\\Console\\Input\\ArgvInput), Object(Symfony\\Component\\Console\\Output\\ConsoleOutput))
#15 C:\\Users\\jerem\\workspaces\\php_web_scrapers\\laravel-examples\\vendor\\symfony\\console\\Application.php(149): Symfony\\Component\\Console\\Application->doRun(Object(Symfony\\Component\\Console\\Input\\ArgvInput), Object(Symfony\\Component\\Console\\Output\\ConsoleOutput))
#16 C:\\Users\\jerem\\workspaces\\php_web_scrapers\\laravel-examples\\vendor\\laravel\\framework\\src\\Illuminate\\Console\\Application.php(90): Symfony\\Component\\Console\\Application->run(Object(Symfony\\Component\\Console\\Input\\ArgvInput), Object(Symfony\\Component\\Console\\Output\\ConsoleOutput))
#17 C:\\Users\\jerem\\workspaces\\php_web_scrapers\\laravel-examples\\vendor\\laravel\\framework\\src\\Illuminate\\Foundation\\Console\\Kernel.php(133): Illuminate\\Console\\Application->run(Object(Symfony\\Component\\Console\\Input\\ArgvInput), Object(Symfony\\Component\\Console\\Output\\ConsoleOutput))
#18 C:\\Users\\jerem\\workspaces\\php_web_scrapers\\laravel-examples\\artisan(37): Illuminate\\Foundation\\Console\\Kernel->handle(Object(Symfony\\Component\\Console\\Input\\ArgvInput), Object(Symfony\\Component\\Console\\Output\\ConsoleOutput))
#19 {main}
"} 
[2019-08-04 17:18:55] local.ERROR: include(C:\Users\jerem\workspaces\php_web_scrapers\laravel-examples\vendor\composer/../../app/Scrapers/Glassesusa.php): failed to open stream: No such file or directory {"exception":"[object] (ErrorException(code: 0): include(C:\\Users\\jerem\\workspaces\\php_web_scrapers\\laravel-examples\\vendor\\composer/../../app/Scrapers/Glassesusa.php): failed to open stream: No such file or directory at C:\\Users\\jerem\\workspaces\\php_web_scrapers\\laravel-examples\\vendor\\composer\\ClassLoader.php:444)
[stacktrace]
#0 C:\\Users\\jerem\\workspaces\\php_web_scrapers\\laravel-examples\\vendor\\composer\\ClassLoader.php(444): Illuminate\\Foundation\\Bootstrap\\HandleExceptions->handleError(2, 'include(C:\\\\User...', 'C:\\\\Users\\\\jerem\\\\...', 444, Array)
#1 C:\\Users\\jerem\\workspaces\\php_web_scrapers\\laravel-examples\\vendor\\composer\\ClassLoader.php(444): include()
#2 C:\\Users\\jerem\\workspaces\\php_web_scrapers\\laravel-examples\\vendor\\composer\\ClassLoader.php(322): Composer\\Autoload\\includeFile('C:\\\\Users\\\\jerem\\\\...')
#3 [internal function]: Composer\\Autoload\\ClassLoader->loadClass('App\\\\Scrapers\\\\Re...')
#4 C:\\Users\\jerem\\workspaces\\php_web_scrapers\\laravel-examples\\app\\Console\\Commands\\RunScraper.php(20): spl_autoload_call('App\\\\Scrapers\\\\Re...')
#5 [internal function]: App\\Console\\Commands\\RunScraper->handle()
#6 C:\\Users\\jerem\\workspaces\\php_web_scrapers\\laravel-examples\\vendor\\laravel\\framework\\src\\Illuminate\\Container\\BoundMethod.php(32): call_user_func_array(Array, Array)
#7 C:\\Users\\jerem\\workspaces\\php_web_scrapers\\laravel-examples\\vendor\\laravel\\framework\\src\\Illuminate\\Container\\BoundMethod.php(90): Illuminate\\Container\\BoundMethod::Illuminate\\Container\\{closure}()
#8 C:\\Users\\jerem\\workspaces\\php_web_scrapers\\laravel-examples\\vendor\\laravel\\framework\\src\\Illuminate\\Container\\BoundMethod.php(34): Illuminate\\Container\\BoundMethod::callBoundMethod(Object(Illuminate\\Foundation\\Application), Array, Object(Closure))
#9 C:\\Users\\jerem\\workspaces\\php_web_scrapers\\laravel-examples\\vendor\\laravel\\framework\\src\\Illuminate\\Container\\Container.php(576): Illuminate\\Container\\BoundMethod::call(Object(Illuminate\\Foundation\\Application), Array, Array, NULL)
#10 C:\\Users\\jerem\\workspaces\\php_web_scrapers\\laravel-examples\\vendor\\laravel\\framework\\src\\Illuminate\\Console\\Command.php(183): Illuminate\\Container\\Container->call(Array)
#11 C:\\Users\\jerem\\workspaces\\php_web_scrapers\\laravel-examples\\vendor\\symfony\\console\\Command\\Command.php(255): Illuminate\\Console\\Command->execute(Object(Symfony\\Component\\Console\\Input\\ArgvInput), Object(Illuminate\\Console\\OutputStyle))
#12 C:\\Users\\jerem\\workspaces\\php_web_scrapers\\laravel-examples\\vendor\\laravel\\framework\\src\\Illuminate\\Console\\Command.php(170): Symfony\\Component\\Console\\Command\\Command->run(Object(Symfony\\Component\\Console\\Input\\ArgvInput), Object(Illuminate\\Console\\OutputStyle))
#13 C:\\Users\\jerem\\workspaces\\php_web_scrapers\\laravel-examples\\vendor\\symfony\\console\\Application.php(921): Illuminate\\Console\\Command->run(Object(Symfony\\Component\\Console\\Input\\ArgvInput), Object(Symfony\\Component\\Console\\Output\\ConsoleOutput))
#14 C:\\Users\\jerem\\workspaces\\php_web_scrapers\\laravel-examples\\vendor\\symfony\\console\\Application.php(273): Symfony\\Component\\Console\\Application->doRunCommand(Object(App\\Console\\Commands\\RunScraper), Object(Symfony\\Component\\Console\\Input\\ArgvInput), Object(Symfony\\Component\\Console\\Output\\ConsoleOutput))
#15 C:\\Users\\jerem\\workspaces\\php_web_scrapers\\laravel-examples\\vendor\\symfony\\console\\Application.php(149): Symfony\\Component\\Console\\Application->doRun(Object(Symfony\\Component\\Console\\Input\\ArgvInput), Object(Symfony\\Component\\Console\\Output\\ConsoleOutput))
#16 C:\\Users\\jerem\\workspaces\\php_web_scrapers\\laravel-examples\\vendor\\laravel\\framework\\src\\Illuminate\\Console\\Application.php(90): Symfony\\Component\\Console\\Application->run(Object(Symfony\\Component\\Console\\Input\\ArgvInput), Object(Symfony\\Component\\Console\\Output\\ConsoleOutput))
#17 C:\\Users\\jerem\\workspaces\\php_web_scrapers\\laravel-examples\\vendor\\laravel\\framework\\src\\Illuminate\\Foundation\\Console\\Kernel.php(133): Illuminate\\Console\\Application->run(Object(Symfony\\Component\\Console\\Input\\ArgvInput), Object(Symfony\\Component\\Console\\Output\\ConsoleOutput))
#18 C:\\Users\\jerem\\workspaces\\php_web_scrapers\\laravel-examples\\artisan(37): Illuminate\\Foundation\\Console\\Kernel->handle(Object(Symfony\\Component\\Console\\Input\\ArgvInput), Object(Symfony\\Component\\Console\\Output\\ConsoleOutput))
#19 {main}
"} 
[2019-08-04 17:19:16] local.ERROR: include(C:\Users\jerem\workspaces\php_web_scrapers\laravel-examples\vendor\composer/../../app/Scrapers/Glassesusa.php): failed to open stream: No such file or directory {"exception":"[object] (ErrorException(code: 0): include(C:\\Users\\jerem\\workspaces\\php_web_scrapers\\laravel-examples\\vendor\\composer/../../app/Scrapers/Glassesusa.php): failed to open stream: No such file or directory at C:\\Users\\jerem\\workspaces\\php_web_scrapers\\laravel-examples\\vendor\\composer\\ClassLoader.php:444)
[stacktrace]
#0 C:\\Users\\jerem\\workspaces\\php_web_scrapers\\laravel-examples\\vendor\\composer\\ClassLoader.php(444): Illuminate\\Foundation\\Bootstrap\\HandleExceptions->handleError(2, 'include(C:\\\\User...', 'C:\\\\Users\\\\jerem\\\\...', 444, Array)
#1 C:\\Users\\jerem\\workspaces\\php_web_scrapers\\laravel-examples\\vendor\\composer\\ClassLoader.php(444): include()
#2 C:\\Users\\jerem\\workspaces\\php_web_scrapers\\laravel-examples\\vendor\\composer\\ClassLoader.php(322): Composer\\Autoload\\includeFile('C:\\\\Users\\\\jerem\\\\...')
#3 [internal function]: Composer\\Autoload\\ClassLoader->loadClass('App\\\\Scrapers\\\\Re...')
#4 C:\\Users\\jerem\\workspaces\\php_web_scrapers\\laravel-examples\\app\\Console\\Commands\\RunScraper.php(20): spl_autoload_call('App\\\\Scrapers\\\\Re...')
#5 [internal function]: App\\Console\\Commands\\RunScraper->handle()
#6 C:\\Users\\jerem\\workspaces\\php_web_scrapers\\laravel-examples\\vendor\\laravel\\framework\\src\\Illuminate\\Container\\BoundMethod.php(32): call_user_func_array(Array, Array)
#7 C:\\Users\\jerem\\workspaces\\php_web_scrapers\\laravel-examples\\vendor\\laravel\\framework\\src\\Illuminate\\Container\\BoundMethod.php(90): Illuminate\\Container\\BoundMethod::Illuminate\\Container\\{closure}()
#8 C:\\Users\\jerem\\workspaces\\php_web_scrapers\\laravel-examples\\vendor\\laravel\\framework\\src\\Illuminate\\Container\\BoundMethod.php(34): Illuminate\\Container\\BoundMethod::callBoundMethod(Object(Illuminate\\Foundation\\Application), Array, Object(Closure))
#9 C:\\Users\\jerem\\workspaces\\php_web_scrapers\\laravel-examples\\vendor\\laravel\\framework\\src\\Illuminate\\Container\\Container.php(576): Illuminate\\Container\\BoundMethod::call(Object(Illuminate\\Foundation\\Application), Array, Array, NULL)
#10 C:\\Users\\jerem\\workspaces\\php_web_scrapers\\laravel-examples\\vendor\\laravel\\framework\\src\\Illuminate\\Console\\Command.php(183): Illuminate\\Container\\Container->call(Array)
#11 C:\\Users\\jerem\\workspaces\\php_web_scrapers\\laravel-examples\\vendor\\symfony\\console\\Command\\Command.php(255): Illuminate\\Console\\Command->execute(Object(Symfony\\Component\\Console\\Input\\ArgvInput), Object(Illuminate\\Console\\OutputStyle))
#12 C:\\Users\\jerem\\workspaces\\php_web_scrapers\\laravel-examples\\vendor\\laravel\\framework\\src\\Illuminate\\Console\\Command.php(170): Symfony\\Component\\Console\\Command\\Command->run(Object(Symfony\\Component\\Console\\Input\\ArgvInput), Object(Illuminate\\Console\\OutputStyle))
#13 C:\\Users\\jerem\\workspaces\\php_web_scrapers\\laravel-examples\\vendor\\symfony\\console\\Application.php(921): Illuminate\\Console\\Command->run(Object(Symfony\\Component\\Console\\Input\\ArgvInput), Object(Symfony\\Component\\Console\\Output\\ConsoleOutput))
#14 C:\\Users\\jerem\\workspaces\\php_web_scrapers\\laravel-examples\\vendor\\symfony\\console\\Application.php(273): Symfony\\Component\\Console\\Application->doRunCommand(Object(App\\Console\\Commands\\RunScraper), Object(Symfony\\Component\\Console\\Input\\ArgvInput), Object(Symfony\\Component\\Console\\Output\\ConsoleOutput))
#15 C:\\Users\\jerem\\workspaces\\php_web_scrapers\\laravel-examples\\vendor\\symfony\\console\\Application.php(149): Symfony\\Component\\Console\\Application->doRun(Object(Symfony\\Component\\Console\\Input\\ArgvInput), Object(Symfony\\Component\\Console\\Output\\ConsoleOutput))
#16 C:\\Users\\jerem\\workspaces\\php_web_scrapers\\laravel-examples\\vendor\\laravel\\framework\\src\\Illuminate\\Console\\Application.php(90): Symfony\\Component\\Console\\Application->run(Object(Symfony\\Component\\Console\\Input\\ArgvInput), Object(Symfony\\Component\\Console\\Output\\ConsoleOutput))
#17 C:\\Users\\jerem\\workspaces\\php_web_scrapers\\laravel-examples\\vendor\\laravel\\framework\\src\\Illuminate\\Foundation\\Console\\Kernel.php(133): Illuminate\\Console\\Application->run(Object(Symfony\\Component\\Console\\Input\\ArgvInput), Object(Symfony\\Component\\Console\\Output\\ConsoleOutput))
#18 C:\\Users\\jerem\\workspaces\\php_web_scrapers\\laravel-examples\\artisan(37): Illuminate\\Foundation\\Console\\Kernel->handle(Object(Symfony\\Component\\Console\\Input\\ArgvInput), Object(Symfony\\Component\\Console\\Output\\ConsoleOutput))
#19 {main}
"} 
[2019-08-04 17:21:50] local.ERROR: Argument 1 passed to App\Scrapers\Reddit::App\Scrapers\{closure}() must be an instance of App\Scrapers\Crawler, instance of Symfony\Component\DomCrawler\Crawler given, called in C:\Users\jerem\workspaces\php_web_scrapers\laravel-examples\vendor\symfony\dom-crawler\Crawler.php on line 354 {"exception":"[object] (Symfony\\Component\\Debug\\Exception\\FatalThrowableError(code: 0): Argument 1 passed to App\\Scrapers\\Reddit::App\\Scrapers\\{closure}() must be an instance of App\\Scrapers\\Crawler, instance of Symfony\\Component\\DomCrawler\\Crawler given, called in C:\\Users\\jerem\\workspaces\\php_web_scrapers\\laravel-examples\\vendor\\symfony\\dom-crawler\\Crawler.php on line 354 at C:\\Users\\jerem\\workspaces\\php_web_scrapers\\laravel-examples\\app\\Scrapers\\Reddit.php:64)
[stacktrace]
#0 C:\\Users\\jerem\\workspaces\\php_web_scrapers\\laravel-examples\\vendor\\symfony\\dom-crawler\\Crawler.php(354): App\\Scrapers\\Reddit->App\\Scrapers\\{closure}(Object(Symfony\\Component\\DomCrawler\\Crawler), 0)
#1 C:\\Users\\jerem\\workspaces\\php_web_scrapers\\laravel-examples\\app\\Scrapers\\Reddit.php(116): Symfony\\Component\\DomCrawler\\Crawler->each(Object(Closure))
#2 C:\\Users\\jerem\\workspaces\\php_web_scrapers\\laravel-examples\\app\\Scrapers\\Reddit.php(47): App\\Scrapers\\Reddit->getPosts()
#3 C:\\Users\\jerem\\workspaces\\php_web_scrapers\\laravel-examples\\app\\Console\\Commands\\RunScraper.php(27): App\\Scrapers\\Reddit->run()
#4 [internal function]: App\\Console\\Commands\\RunScraper->handle()
#5 C:\\Users\\jerem\\workspaces\\php_web_scrapers\\laravel-examples\\vendor\\laravel\\framework\\src\\Illuminate\\Container\\BoundMethod.php(32): call_user_func_array(Array, Array)
#6 C:\\Users\\jerem\\workspaces\\php_web_scrapers\\laravel-examples\\vendor\\laravel\\framework\\src\\Illuminate\\Container\\BoundMethod.php(90): Illuminate\\Container\\BoundMethod::Illuminate\\Container\\{closure}()
#7 C:\\Users\\jerem\\workspaces\\php_web_scrapers\\laravel-examples\\vendor\\laravel\\framework\\src\\Illuminate\\Container\\BoundMethod.php(34): Illuminate\\Container\\BoundMethod::callBoundMethod(Object(Illuminate\\Foundation\\Application), Array, Object(Closure))
#8 C:\\Users\\jerem\\workspaces\\php_web_scrapers\\laravel-examples\\vendor\\laravel\\framework\\src\\Illuminate\\Container\\Container.php(576): Illuminate\\Container\\BoundMethod::call(Object(Illuminate\\Foundation\\Application), Array, Array, NULL)
#9 C:\\Users\\jerem\\workspaces\\php_web_scrapers\\laravel-examples\\vendor\\laravel\\framework\\src\\Illuminate\\Console\\Command.php(183): Illuminate\\Container\\Container->call(Array)
#10 C:\\Users\\jerem\\workspaces\\php_web_scrapers\\laravel-examples\\vendor\\symfony\\console\\Command\\Command.php(255): Illuminate\\Console\\Command->execute(Object(Symfony\\Component\\Console\\Input\\ArgvInput), Object(Illuminate\\Console\\OutputStyle))
#11 C:\\Users\\jerem\\workspaces\\php_web_scrapers\\laravel-examples\\vendor\\laravel\\framework\\src\\Illuminate\\Console\\Command.php(170): Symfony\\Component\\Console\\Command\\Command->run(Object(Symfony\\Component\\Console\\Input\\ArgvInput), Object(Illuminate\\Console\\OutputStyle))
#12 C:\\Users\\jerem\\workspaces\\php_web_scrapers\\laravel-examples\\vendor\\symfony\\console\\Application.php(921): Illuminate\\Console\\Command->run(Object(Symfony\\Component\\Console\\Input\\ArgvInput), Object(Symfony\\Component\\Console\\Output\\ConsoleOutput))
#13 C:\\Users\\jerem\\workspaces\\php_web_scrapers\\laravel-examples\\vendor\\symfony\\console\\Application.php(273): Symfony\\Component\\Console\\Application->doRunCommand(Object(App\\Console\\Commands\\RunScraper), Object(Symfony\\Component\\Console\\Input\\ArgvInput), Object(Symfony\\Component\\Console\\Output\\ConsoleOutput))
#14 C:\\Users\\jerem\\workspaces\\php_web_scrapers\\laravel-examples\\vendor\\symfony\\console\\Application.php(149): Symfony\\Component\\Console\\Application->doRun(Object(Symfony\\Component\\Console\\Input\\ArgvInput), Object(Symfony\\Component\\Console\\Output\\ConsoleOutput))
#15 C:\\Users\\jerem\\workspaces\\php_web_scrapers\\laravel-examples\\vendor\\laravel\\framework\\src\\Illuminate\\Console\\Application.php(90): Symfony\\Component\\Console\\Application->run(Object(Symfony\\Component\\Console\\Input\\ArgvInput), Object(Symfony\\Component\\Console\\Output\\ConsoleOutput))
#16 C:\\Users\\jerem\\workspaces\\php_web_scrapers\\laravel-examples\\vendor\\laravel\\framework\\src\\Illuminate\\Foundation\\Console\\Kernel.php(133): Illuminate\\Console\\Application->run(Object(Symfony\\Component\\Console\\Input\\ArgvInput), Object(Symfony\\Component\\Console\\Output\\ConsoleOutput))
#17 C:\\Users\\jerem\\workspaces\\php_web_scrapers\\laravel-examples\\artisan(37): Illuminate\\Foundation\\Console\\Kernel->handle(Object(Symfony\\Component\\Console\\Input\\ArgvInput), Object(Symfony\\Component\\Console\\Output\\ConsoleOutput))
#18 {main}
"} 
[2019-08-04 17:22:22] local.ERROR: Command "dump-autoload" is not defined. {"exception":"[object] (Symfony\\Component\\Console\\Exception\\CommandNotFoundException(code: 0): Command \"dump-autoload\" is not defined. at C:\\Users\\jerem\\workspaces\\php_web_scrapers\\laravel-examples\\vendor\\symfony\\console\\Application.php:652)
[stacktrace]
#0 C:\\Users\\jerem\\workspaces\\php_web_scrapers\\laravel-examples\\vendor\\symfony\\console\\Application.php(237): Symfony\\Component\\Console\\Application->find('dump-autoload')
#1 C:\\Users\\jerem\\workspaces\\php_web_scrapers\\laravel-examples\\vendor\\symfony\\console\\Application.php(149): Symfony\\Component\\Console\\Application->doRun(Object(Symfony\\Component\\Console\\Input\\ArgvInput), Object(Symfony\\Component\\Console\\Output\\ConsoleOutput))
#2 C:\\Users\\jerem\\workspaces\\php_web_scrapers\\laravel-examples\\vendor\\laravel\\framework\\src\\Illuminate\\Console\\Application.php(90): Symfony\\Component\\Console\\Application->run(Object(Symfony\\Component\\Console\\Input\\ArgvInput), Object(Symfony\\Component\\Console\\Output\\ConsoleOutput))
#3 C:\\Users\\jerem\\workspaces\\php_web_scrapers\\laravel-examples\\vendor\\laravel\\framework\\src\\Illuminate\\Foundation\\Console\\Kernel.php(133): Illuminate\\Console\\Application->run(Object(Symfony\\Component\\Console\\Input\\ArgvInput), Object(Symfony\\Component\\Console\\Output\\ConsoleOutput))
#4 C:\\Users\\jerem\\workspaces\\php_web_scrapers\\laravel-examples\\artisan(37): Illuminate\\Foundation\\Console\\Kernel->handle(Object(Symfony\\Component\\Console\\Input\\ArgvInput), Object(Symfony\\Component\\Console\\Output\\ConsoleOutput))
#5 {main}
"} 
[2019-08-04 17:23:00] local.ERROR: Argument 1 passed to App\Scrapers\Reddit::App\Scrapers\{closure}() must be an instance of App\Scrapers\Crawler, instance of Symfony\Component\DomCrawler\Crawler given, called in C:\Users\jerem\workspaces\php_web_scrapers\laravel-examples\vendor\symfony\dom-crawler\Crawler.php on line 354 {"exception":"[object] (Symfony\\Component\\Debug\\Exception\\FatalThrowableError(code: 0): Argument 1 passed to App\\Scrapers\\Reddit::App\\Scrapers\\{closure}() must be an instance of App\\Scrapers\\Crawler, instance of Symfony\\Component\\DomCrawler\\Crawler given, called in C:\\Users\\jerem\\workspaces\\php_web_scrapers\\laravel-examples\\vendor\\symfony\\dom-crawler\\Crawler.php on line 354 at C:\\Users\\jerem\\workspaces\\php_web_scrapers\\laravel-examples\\app\\Scrapers\\Reddit.php:64)
[stacktrace]
#0 C:\\Users\\jerem\\workspaces\\php_web_scrapers\\laravel-examples\\vendor\\symfony\\dom-crawler\\Crawler.php(354): App\\Scrapers\\Reddit->App\\Scrapers\\{closure}(Object(Symfony\\Component\\DomCrawler\\Crawler), 0)
#1 C:\\Users\\jerem\\workspaces\\php_web_scrapers\\laravel-examples\\app\\Scrapers\\Reddit.php(116): Symfony\\Component\\DomCrawler\\Crawler->each(Object(Closure))
#2 C:\\Users\\jerem\\workspaces\\php_web_scrapers\\laravel-examples\\app\\Scrapers\\Reddit.php(47): App\\Scrapers\\Reddit->getPosts()
#3 C:\\Users\\jerem\\workspaces\\php_web_scrapers\\laravel-examples\\app\\Console\\Commands\\RunScraper.php(27): App\\Scrapers\\Reddit->run()
#4 [internal function]: App\\Console\\Commands\\RunScraper->handle()
#5 C:\\Users\\jerem\\workspaces\\php_web_scrapers\\laravel-examples\\vendor\\laravel\\framework\\src\\Illuminate\\Container\\BoundMethod.php(32): call_user_func_array(Array, Array)
#6 C:\\Users\\jerem\\workspaces\\php_web_scrapers\\laravel-examples\\vendor\\laravel\\framework\\src\\Illuminate\\Container\\BoundMethod.php(90): Illuminate\\Container\\BoundMethod::Illuminate\\Container\\{closure}()
#7 C:\\Users\\jerem\\workspaces\\php_web_scrapers\\laravel-examples\\vendor\\laravel\\framework\\src\\Illuminate\\Container\\BoundMethod.php(34): Illuminate\\Container\\BoundMethod::callBoundMethod(Object(Illuminate\\Foundation\\Application), Array, Object(Closure))
#8 C:\\Users\\jerem\\workspaces\\php_web_scrapers\\laravel-examples\\vendor\\laravel\\framework\\src\\Illuminate\\Container\\Container.php(576): Illuminate\\Container\\BoundMethod::call(Object(Illuminate\\Foundation\\Application), Array, Array, NULL)
#9 C:\\Users\\jerem\\workspaces\\php_web_scrapers\\laravel-examples\\vendor\\laravel\\framework\\src\\Illuminate\\Console\\Command.php(183): Illuminate\\Container\\Container->call(Array)
#10 C:\\Users\\jerem\\workspaces\\php_web_scrapers\\laravel-examples\\vendor\\symfony\\console\\Command\\Command.php(255): Illuminate\\Console\\Command->execute(Object(Symfony\\Component\\Console\\Input\\ArgvInput), Object(Illuminate\\Console\\OutputStyle))
#11 C:\\Users\\jerem\\workspaces\\php_web_scrapers\\laravel-examples\\vendor\\laravel\\framework\\src\\Illuminate\\Console\\Command.php(170): Symfony\\Component\\Console\\Command\\Command->run(Object(Symfony\\Component\\Console\\Input\\ArgvInput), Object(Illuminate\\Console\\OutputStyle))
#12 C:\\Users\\jerem\\workspaces\\php_web_scrapers\\laravel-examples\\vendor\\symfony\\console\\Application.php(921): Illuminate\\Console\\Command->run(Object(Symfony\\Component\\Console\\Input\\ArgvInput), Object(Symfony\\Component\\Console\\Output\\ConsoleOutput))
#13 C:\\Users\\jerem\\workspaces\\php_web_scrapers\\laravel-examples\\vendor\\symfony\\console\\Application.php(273): Symfony\\Component\\Console\\Application->doRunCommand(Object(App\\Console\\Commands\\RunScraper), Object(Symfony\\Component\\Console\\Input\\ArgvInput), Object(Symfony\\Component\\Console\\Output\\ConsoleOutput))
#14 C:\\Users\\jerem\\workspaces\\php_web_scrapers\\laravel-examples\\vendor\\symfony\\console\\Application.php(149): Symfony\\Component\\Console\\Application->doRun(Object(Symfony\\Component\\Console\\Input\\ArgvInput), Object(Symfony\\Component\\Console\\Output\\ConsoleOutput))
#15 C:\\Users\\jerem\\workspaces\\php_web_scrapers\\laravel-examples\\vendor\\laravel\\framework\\src\\Illuminate\\Console\\Application.php(90): Symfony\\Component\\Console\\Application->run(Object(Symfony\\Component\\Console\\Input\\ArgvInput), Object(Symfony\\Component\\Console\\Output\\ConsoleOutput))
#16 C:\\Users\\jerem\\workspaces\\php_web_scrapers\\laravel-examples\\vendor\\laravel\\framework\\src\\Illuminate\\Foundation\\Console\\Kernel.php(133): Illuminate\\Console\\Application->run(Object(Symfony\\Component\\Console\\Input\\ArgvInput), Object(Symfony\\Component\\Console\\Output\\ConsoleOutput))
#17 C:\\Users\\jerem\\workspaces\\php_web_scrapers\\laravel-examples\\artisan(37): Illuminate\\Foundation\\Console\\Kernel->handle(Object(Symfony\\Component\\Console\\Input\\ArgvInput), Object(Symfony\\Component\\Console\\Output\\ConsoleOutput))
#18 {main}
"} 
[2019-08-04 17:24:52] local.ERROR: Argument 1 passed to App\Scrapers\Reddit::App\Scrapers\{closure}() must be an instance of App\Scrapers\Crawler, instance of Symfony\Component\DomCrawler\Crawler given, called in C:\Users\jerem\workspaces\php_web_scrapers\laravel-examples\vendor\symfony\dom-crawler\Crawler.php on line 354 {"exception":"[object] (Symfony\\Component\\Debug\\Exception\\FatalThrowableError(code: 0): Argument 1 passed to App\\Scrapers\\Reddit::App\\Scrapers\\{closure}() must be an instance of App\\Scrapers\\Crawler, instance of Symfony\\Component\\DomCrawler\\Crawler given, called in C:\\Users\\jerem\\workspaces\\php_web_scrapers\\laravel-examples\\vendor\\symfony\\dom-crawler\\Crawler.php on line 354 at C:\\Users\\jerem\\workspaces\\php_web_scrapers\\laravel-examples\\app\\Scrapers\\Reddit.php:64)
[stacktrace]
#0 C:\\Users\\jerem\\workspaces\\php_web_scrapers\\laravel-examples\\vendor\\symfony\\dom-crawler\\Crawler.php(354): App\\Scrapers\\Reddit->App\\Scrapers\\{closure}(Object(Symfony\\Component\\DomCrawler\\Crawler), 0)
#1 C:\\Users\\jerem\\workspaces\\php_web_scrapers\\laravel-examples\\app\\Scrapers\\Reddit.php(116): Symfony\\Component\\DomCrawler\\Crawler->each(Object(Closure))
#2 C:\\Users\\jerem\\workspaces\\php_web_scrapers\\laravel-examples\\app\\Scrapers\\Reddit.php(47): App\\Scrapers\\Reddit->getPosts()
#3 C:\\Users\\jerem\\workspaces\\php_web_scrapers\\laravel-examples\\app\\Console\\Commands\\RunScraper.php(27): App\\Scrapers\\Reddit->run()
#4 [internal function]: App\\Console\\Commands\\RunScraper->handle()
#5 C:\\Users\\jerem\\workspaces\\php_web_scrapers\\laravel-examples\\vendor\\laravel\\framework\\src\\Illuminate\\Container\\BoundMethod.php(32): call_user_func_array(Array, Array)
#6 C:\\Users\\jerem\\workspaces\\php_web_scrapers\\laravel-examples\\vendor\\laravel\\framework\\src\\Illuminate\\Container\\BoundMethod.php(90): Illuminate\\Container\\BoundMethod::Illuminate\\Container\\{closure}()
#7 C:\\Users\\jerem\\workspaces\\php_web_scrapers\\laravel-examples\\vendor\\laravel\\framework\\src\\Illuminate\\Container\\BoundMethod.php(34): Illuminate\\Container\\BoundMethod::callBoundMethod(Object(Illuminate\\Foundation\\Application), Array, Object(Closure))
#8 C:\\Users\\jerem\\workspaces\\php_web_scrapers\\laravel-examples\\vendor\\laravel\\framework\\src\\Illuminate\\Container\\Container.php(576): Illuminate\\Container\\BoundMethod::call(Object(Illuminate\\Foundation\\Application), Array, Array, NULL)
#9 C:\\Users\\jerem\\workspaces\\php_web_scrapers\\laravel-examples\\vendor\\laravel\\framework\\src\\Illuminate\\Console\\Command.php(183): Illuminate\\Container\\Container->call(Array)
#10 C:\\Users\\jerem\\workspaces\\php_web_scrapers\\laravel-examples\\vendor\\symfony\\console\\Command\\Command.php(255): Illuminate\\Console\\Command->execute(Object(Symfony\\Component\\Console\\Input\\ArgvInput), Object(Illuminate\\Console\\OutputStyle))
#11 C:\\Users\\jerem\\workspaces\\php_web_scrapers\\laravel-examples\\vendor\\laravel\\framework\\src\\Illuminate\\Console\\Command.php(170): Symfony\\Component\\Console\\Command\\Command->run(Object(Symfony\\Component\\Console\\Input\\ArgvInput), Object(Illuminate\\Console\\OutputStyle))
#12 C:\\Users\\jerem\\workspaces\\php_web_scrapers\\laravel-examples\\vendor\\symfony\\console\\Application.php(921): Illuminate\\Console\\Command->run(Object(Symfony\\Component\\Console\\Input\\ArgvInput), Object(Symfony\\Component\\Console\\Output\\ConsoleOutput))
#13 C:\\Users\\jerem\\workspaces\\php_web_scrapers\\laravel-examples\\vendor\\symfony\\console\\Application.php(273): Symfony\\Component\\Console\\Application->doRunCommand(Object(App\\Console\\Commands\\RunScraper), Object(Symfony\\Component\\Console\\Input\\ArgvInput), Object(Symfony\\Component\\Console\\Output\\ConsoleOutput))
#14 C:\\Users\\jerem\\workspaces\\php_web_scrapers\\laravel-examples\\vendor\\symfony\\console\\Application.php(149): Symfony\\Component\\Console\\Application->doRun(Object(Symfony\\Component\\Console\\Input\\ArgvInput), Object(Symfony\\Component\\Console\\Output\\ConsoleOutput))
#15 C:\\Users\\jerem\\workspaces\\php_web_scrapers\\laravel-examples\\vendor\\laravel\\framework\\src\\Illuminate\\Console\\Application.php(90): Symfony\\Component\\Console\\Application->run(Object(Symfony\\Component\\Console\\Input\\ArgvInput), Object(Symfony\\Component\\Console\\Output\\ConsoleOutput))
#16 C:\\Users\\jerem\\workspaces\\php_web_scrapers\\laravel-examples\\vendor\\laravel\\framework\\src\\Illuminate\\Foundation\\Console\\Kernel.php(133): Illuminate\\Console\\Application->run(Object(Symfony\\Component\\Console\\Input\\ArgvInput), Object(Symfony\\Component\\Console\\Output\\ConsoleOutput))
#17 C:\\Users\\jerem\\workspaces\\php_web_scrapers\\laravel-examples\\artisan(37): Illuminate\\Foundation\\Console\\Kernel->handle(Object(Symfony\\Component\\Console\\Input\\ArgvInput), Object(Symfony\\Component\\Console\\Output\\ConsoleOutput))
#18 {main}
"} 
[2019-08-04 17:25:25] local.ERROR: Argument 1 passed to App\Scrapers\Reddit::App\Scrapers\{closure}() must be an instance of App\Scrapers\Crawler, instance of Symfony\Component\DomCrawler\Crawler given, called in C:\Users\jerem\workspaces\php_web_scrapers\laravel-examples\vendor\symfony\dom-crawler\Crawler.php on line 354 {"exception":"[object] (Symfony\\Component\\Debug\\Exception\\FatalThrowableError(code: 0): Argument 1 passed to App\\Scrapers\\Reddit::App\\Scrapers\\{closure}() must be an instance of App\\Scrapers\\Crawler, instance of Symfony\\Component\\DomCrawler\\Crawler given, called in C:\\Users\\jerem\\workspaces\\php_web_scrapers\\laravel-examples\\vendor\\symfony\\dom-crawler\\Crawler.php on line 354 at C:\\Users\\jerem\\workspaces\\php_web_scrapers\\laravel-examples\\app\\Scrapers\\Reddit.php:64)
[stacktrace]
#0 C:\\Users\\jerem\\workspaces\\php_web_scrapers\\laravel-examples\\vendor\\symfony\\dom-crawler\\Crawler.php(354): App\\Scrapers\\Reddit->App\\Scrapers\\{closure}(Object(Symfony\\Component\\DomCrawler\\Crawler), 0)
#1 C:\\Users\\jerem\\workspaces\\php_web_scrapers\\laravel-examples\\app\\Scrapers\\Reddit.php(116): Symfony\\Component\\DomCrawler\\Crawler->each(Object(Closure))
#2 C:\\Users\\jerem\\workspaces\\php_web_scrapers\\laravel-examples\\app\\Scrapers\\Reddit.php(47): App\\Scrapers\\Reddit->getPosts()
#3 C:\\Users\\jerem\\workspaces\\php_web_scrapers\\laravel-examples\\app\\Console\\Commands\\RunScraper.php(26): App\\Scrapers\\Reddit->run()
#4 [internal function]: App\\Console\\Commands\\RunScraper->handle()
#5 C:\\Users\\jerem\\workspaces\\php_web_scrapers\\laravel-examples\\vendor\\laravel\\framework\\src\\Illuminate\\Container\\BoundMethod.php(32): call_user_func_array(Array, Array)
#6 C:\\Users\\jerem\\workspaces\\php_web_scrapers\\laravel-examples\\vendor\\laravel\\framework\\src\\Illuminate\\Container\\BoundMethod.php(90): Illuminate\\Container\\BoundMethod::Illuminate\\Container\\{closure}()
#7 C:\\Users\\jerem\\workspaces\\php_web_scrapers\\laravel-examples\\vendor\\laravel\\framework\\src\\Illuminate\\Container\\BoundMethod.php(34): Illuminate\\Container\\BoundMethod::callBoundMethod(Object(Illuminate\\Foundation\\Application), Array, Object(Closure))
#8 C:\\Users\\jerem\\workspaces\\php_web_scrapers\\laravel-examples\\vendor\\laravel\\framework\\src\\Illuminate\\Container\\Container.php(576): Illuminate\\Container\\BoundMethod::call(Object(Illuminate\\Foundation\\Application), Array, Array, NULL)
#9 C:\\Users\\jerem\\workspaces\\php_web_scrapers\\laravel-examples\\vendor\\laravel\\framework\\src\\Illuminate\\Console\\Command.php(183): Illuminate\\Container\\Container->call(Array)
#10 C:\\Users\\jerem\\workspaces\\php_web_scrapers\\laravel-examples\\vendor\\symfony\\console\\Command\\Command.php(255): Illuminate\\Console\\Command->execute(Object(Symfony\\Component\\Console\\Input\\ArgvInput), Object(Illuminate\\Console\\OutputStyle))
#11 C:\\Users\\jerem\\workspaces\\php_web_scrapers\\laravel-examples\\vendor\\laravel\\framework\\src\\Illuminate\\Console\\Command.php(170): Symfony\\Component\\Console\\Command\\Command->run(Object(Symfony\\Component\\Console\\Input\\ArgvInput), Object(Illuminate\\Console\\OutputStyle))
#12 C:\\Users\\jerem\\workspaces\\php_web_scrapers\\laravel-examples\\vendor\\symfony\\console\\Application.php(921): Illuminate\\Console\\Command->run(Object(Symfony\\Component\\Console\\Input\\ArgvInput), Object(Symfony\\Component\\Console\\Output\\ConsoleOutput))
#13 C:\\Users\\jerem\\workspaces\\php_web_scrapers\\laravel-examples\\vendor\\symfony\\console\\Application.php(273): Symfony\\Component\\Console\\Application->doRunCommand(Object(App\\Console\\Commands\\RunScraper), Object(Symfony\\Component\\Console\\Input\\ArgvInput), Object(Symfony\\Component\\Console\\Output\\ConsoleOutput))
#14 C:\\Users\\jerem\\workspaces\\php_web_scrapers\\laravel-examples\\vendor\\symfony\\console\\Application.php(149): Symfony\\Component\\Console\\Application->doRun(Object(Symfony\\Component\\Console\\Input\\ArgvInput), Object(Symfony\\Component\\Console\\Output\\ConsoleOutput))
#15 C:\\Users\\jerem\\workspaces\\php_web_scrapers\\laravel-examples\\vendor\\laravel\\framework\\src\\Illuminate\\Console\\Application.php(90): Symfony\\Component\\Console\\Application->run(Object(Symfony\\Component\\Console\\Input\\ArgvInput), Object(Symfony\\Component\\Console\\Output\\ConsoleOutput))
#16 C:\\Users\\jerem\\workspaces\\php_web_scrapers\\laravel-examples\\vendor\\laravel\\framework\\src\\Illuminate\\Foundation\\Console\\Kernel.php(133): Illuminate\\Console\\Application->run(Object(Symfony\\Component\\Console\\Input\\ArgvInput), Object(Symfony\\Component\\Console\\Output\\ConsoleOutput))
#17 C:\\Users\\jerem\\workspaces\\php_web_scrapers\\laravel-examples\\artisan(37): Illuminate\\Foundation\\Console\\Kernel->handle(Object(Symfony\\Component\\Console\\Input\\ArgvInput), Object(Symfony\\Component\\Console\\Output\\ConsoleOutput))
#18 {main}
"} 
[2019-08-04 17:25:46] local.ERROR: Argument 1 passed to App\Scrapers\Reddit::App\Scrapers\{closure}() must be an instance of App\Scrapers\Crawler, instance of Symfony\Component\DomCrawler\Crawler given, called in C:\Users\jerem\workspaces\php_web_scrapers\laravel-examples\vendor\symfony\dom-crawler\Crawler.php on line 354 {"exception":"[object] (Symfony\\Component\\Debug\\Exception\\FatalThrowableError(code: 0): Argument 1 passed to App\\Scrapers\\Reddit::App\\Scrapers\\{closure}() must be an instance of App\\Scrapers\\Crawler, instance of Symfony\\Component\\DomCrawler\\Crawler given, called in C:\\Users\\jerem\\workspaces\\php_web_scrapers\\laravel-examples\\vendor\\symfony\\dom-crawler\\Crawler.php on line 354 at C:\\Users\\jerem\\workspaces\\php_web_scrapers\\laravel-examples\\app\\Scrapers\\Reddit.php:64)
[stacktrace]
#0 C:\\Users\\jerem\\workspaces\\php_web_scrapers\\laravel-examples\\vendor\\symfony\\dom-crawler\\Crawler.php(354): App\\Scrapers\\Reddit->App\\Scrapers\\{closure}(Object(Symfony\\Component\\DomCrawler\\Crawler), 0)
#1 C:\\Users\\jerem\\workspaces\\php_web_scrapers\\laravel-examples\\app\\Scrapers\\Reddit.php(116): Symfony\\Component\\DomCrawler\\Crawler->each(Object(Closure))
#2 C:\\Users\\jerem\\workspaces\\php_web_scrapers\\laravel-examples\\app\\Scrapers\\Reddit.php(47): App\\Scrapers\\Reddit->getPosts()
#3 C:\\Users\\jerem\\workspaces\\php_web_scrapers\\laravel-examples\\app\\Console\\Commands\\RunScraper.php(26): App\\Scrapers\\Reddit->run()
#4 [internal function]: App\\Console\\Commands\\RunScraper->handle()
#5 C:\\Users\\jerem\\workspaces\\php_web_scrapers\\laravel-examples\\vendor\\laravel\\framework\\src\\Illuminate\\Container\\BoundMethod.php(32): call_user_func_array(Array, Array)
#6 C:\\Users\\jerem\\workspaces\\php_web_scrapers\\laravel-examples\\vendor\\laravel\\framework\\src\\Illuminate\\Container\\BoundMethod.php(90): Illuminate\\Container\\BoundMethod::Illuminate\\Container\\{closure}()
#7 C:\\Users\\jerem\\workspaces\\php_web_scrapers\\laravel-examples\\vendor\\laravel\\framework\\src\\Illuminate\\Container\\BoundMethod.php(34): Illuminate\\Container\\BoundMethod::callBoundMethod(Object(Illuminate\\Foundation\\Application), Array, Object(Closure))
#8 C:\\Users\\jerem\\workspaces\\php_web_scrapers\\laravel-examples\\vendor\\laravel\\framework\\src\\Illuminate\\Container\\Container.php(576): Illuminate\\Container\\BoundMethod::call(Object(Illuminate\\Foundation\\Application), Array, Array, NULL)
#9 C:\\Users\\jerem\\workspaces\\php_web_scrapers\\laravel-examples\\vendor\\laravel\\framework\\src\\Illuminate\\Console\\Command.php(183): Illuminate\\Container\\Container->call(Array)
#10 C:\\Users\\jerem\\workspaces\\php_web_scrapers\\laravel-examples\\vendor\\symfony\\console\\Command\\Command.php(255): Illuminate\\Console\\Command->execute(Object(Symfony\\Component\\Console\\Input\\ArgvInput), Object(Illuminate\\Console\\OutputStyle))
#11 C:\\Users\\jerem\\workspaces\\php_web_scrapers\\laravel-examples\\vendor\\laravel\\framework\\src\\Illuminate\\Console\\Command.php(170): Symfony\\Component\\Console\\Command\\Command->run(Object(Symfony\\Component\\Console\\Input\\ArgvInput), Object(Illuminate\\Console\\OutputStyle))
#12 C:\\Users\\jerem\\workspaces\\php_web_scrapers\\laravel-examples\\vendor\\symfony\\console\\Application.php(921): Illuminate\\Console\\Command->run(Object(Symfony\\Component\\Console\\Input\\ArgvInput), Object(Symfony\\Component\\Console\\Output\\ConsoleOutput))
#13 C:\\Users\\jerem\\workspaces\\php_web_scrapers\\laravel-examples\\vendor\\symfony\\console\\Application.php(273): Symfony\\Component\\Console\\Application->doRunCommand(Object(App\\Console\\Commands\\RunScraper), Object(Symfony\\Component\\Console\\Input\\ArgvInput), Object(Symfony\\Component\\Console\\Output\\ConsoleOutput))
#14 C:\\Users\\jerem\\workspaces\\php_web_scrapers\\laravel-examples\\vendor\\symfony\\console\\Application.php(149): Symfony\\Component\\Console\\Application->doRun(Object(Symfony\\Component\\Console\\Input\\ArgvInput), Object(Symfony\\Component\\Console\\Output\\ConsoleOutput))
#15 C:\\Users\\jerem\\workspaces\\php_web_scrapers\\laravel-examples\\vendor\\laravel\\framework\\src\\Illuminate\\Console\\Application.php(90): Symfony\\Component\\Console\\Application->run(Object(Symfony\\Component\\Console\\Input\\ArgvInput), Object(Symfony\\Component\\Console\\Output\\ConsoleOutput))
#16 C:\\Users\\jerem\\workspaces\\php_web_scrapers\\laravel-examples\\vendor\\laravel\\framework\\src\\Illuminate\\Foundation\\Console\\Kernel.php(133): Illuminate\\Console\\Application->run(Object(Symfony\\Component\\Console\\Input\\ArgvInput), Object(Symfony\\Component\\Console\\Output\\ConsoleOutput))
#17 C:\\Users\\jerem\\workspaces\\php_web_scrapers\\laravel-examples\\artisan(37): Illuminate\\Foundation\\Console\\Kernel->handle(Object(Symfony\\Component\\Console\\Input\\ArgvInput), Object(Symfony\\Component\\Console\\Output\\ConsoleOutput))
#18 {main}
"} 
[2019-08-04 17:30:37] local.ERROR: Argument 1 passed to App\Scrapers\Reddit::App\Scrapers\{closure}() must be an instance of App\Scrapers\Crawler, instance of Symfony\Component\DomCrawler\Crawler given, called in C:\Users\jerem\workspaces\php_web_scrapers\laravel-examples\vendor\symfony\dom-crawler\Crawler.php on line 354 {"exception":"[object] (Symfony\\Component\\Debug\\Exception\\FatalThrowableError(code: 0): Argument 1 passed to App\\Scrapers\\Reddit::App\\Scrapers\\{closure}() must be an instance of App\\Scrapers\\Crawler, instance of Symfony\\Component\\DomCrawler\\Crawler given, called in C:\\Users\\jerem\\workspaces\\php_web_scrapers\\laravel-examples\\vendor\\symfony\\dom-crawler\\Crawler.php on line 354 at C:\\Users\\jerem\\workspaces\\php_web_scrapers\\laravel-examples\\app\\Scrapers\\Reddit.php:64)
[stacktrace]
#0 C:\\Users\\jerem\\workspaces\\php_web_scrapers\\laravel-examples\\vendor\\symfony\\dom-crawler\\Crawler.php(354): App\\Scrapers\\Reddit->App\\Scrapers\\{closure}(Object(Symfony\\Component\\DomCrawler\\Crawler), 0)
#1 C:\\Users\\jerem\\workspaces\\php_web_scrapers\\laravel-examples\\app\\Scrapers\\Reddit.php(116): Symfony\\Component\\DomCrawler\\Crawler->each(Object(Closure))
#2 C:\\Users\\jerem\\workspaces\\php_web_scrapers\\laravel-examples\\app\\Scrapers\\Reddit.php(47): App\\Scrapers\\Reddit->getPosts()
#3 C:\\Users\\jerem\\workspaces\\php_web_scrapers\\laravel-examples\\app\\Console\\Commands\\RunScraper.php(27): App\\Scrapers\\Reddit->run()
#4 [internal function]: App\\Console\\Commands\\RunScraper->handle()
#5 C:\\Users\\jerem\\workspaces\\php_web_scrapers\\laravel-examples\\vendor\\laravel\\framework\\src\\Illuminate\\Container\\BoundMethod.php(32): call_user_func_array(Array, Array)
#6 C:\\Users\\jerem\\workspaces\\php_web_scrapers\\laravel-examples\\vendor\\laravel\\framework\\src\\Illuminate\\Container\\BoundMethod.php(90): Illuminate\\Container\\BoundMethod::Illuminate\\Container\\{closure}()
#7 C:\\Users\\jerem\\workspaces\\php_web_scrapers\\laravel-examples\\vendor\\laravel\\framework\\src\\Illuminate\\Container\\BoundMethod.php(34): Illuminate\\Container\\BoundMethod::callBoundMethod(Object(Illuminate\\Foundation\\Application), Array, Object(Closure))
#8 C:\\Users\\jerem\\workspaces\\php_web_scrapers\\laravel-examples\\vendor\\laravel\\framework\\src\\Illuminate\\Container\\Container.php(576): Illuminate\\Container\\BoundMethod::call(Object(Illuminate\\Foundation\\Application), Array, Array, NULL)
#9 C:\\Users\\jerem\\workspaces\\php_web_scrapers\\laravel-examples\\vendor\\laravel\\framework\\src\\Illuminate\\Console\\Command.php(183): Illuminate\\Container\\Container->call(Array)
#10 C:\\Users\\jerem\\workspaces\\php_web_scrapers\\laravel-examples\\vendor\\symfony\\console\\Command\\Command.php(255): Illuminate\\Console\\Command->execute(Object(Symfony\\Component\\Console\\Input\\ArgvInput), Object(Illuminate\\Console\\OutputStyle))
#11 C:\\Users\\jerem\\workspaces\\php_web_scrapers\\laravel-examples\\vendor\\laravel\\framework\\src\\Illuminate\\Console\\Command.php(170): Symfony\\Component\\Console\\Command\\Command->run(Object(Symfony\\Component\\Console\\Input\\ArgvInput), Object(Illuminate\\Console\\OutputStyle))
#12 C:\\Users\\jerem\\workspaces\\php_web_scrapers\\laravel-examples\\vendor\\symfony\\console\\Application.php(921): Illuminate\\Console\\Command->run(Object(Symfony\\Component\\Console\\Input\\ArgvInput), Object(Symfony\\Component\\Console\\Output\\ConsoleOutput))
#13 C:\\Users\\jerem\\workspaces\\php_web_scrapers\\laravel-examples\\vendor\\symfony\\console\\Application.php(273): Symfony\\Component\\Console\\Application->doRunCommand(Object(App\\Console\\Commands\\RunScraper), Object(Symfony\\Component\\Console\\Input\\ArgvInput), Object(Symfony\\Component\\Console\\Output\\ConsoleOutput))
#14 C:\\Users\\jerem\\workspaces\\php_web_scrapers\\laravel-examples\\vendor\\symfony\\console\\Application.php(149): Symfony\\Component\\Console\\Application->doRun(Object(Symfony\\Component\\Console\\Input\\ArgvInput), Object(Symfony\\Component\\Console\\Output\\ConsoleOutput))
#15 C:\\Users\\jerem\\workspaces\\php_web_scrapers\\laravel-examples\\vendor\\laravel\\framework\\src\\Illuminate\\Console\\Application.php(90): Symfony\\Component\\Console\\Application->run(Object(Symfony\\Component\\Console\\Input\\ArgvInput), Object(Symfony\\Component\\Console\\Output\\ConsoleOutput))
#16 C:\\Users\\jerem\\workspaces\\php_web_scrapers\\laravel-examples\\vendor\\laravel\\framework\\src\\Illuminate\\Foundation\\Console\\Kernel.php(133): Illuminate\\Console\\Application->run(Object(Symfony\\Component\\Console\\Input\\ArgvInput), Object(Symfony\\Component\\Console\\Output\\ConsoleOutput))
#17 C:\\Users\\jerem\\workspaces\\php_web_scrapers\\laravel-examples\\artisan(37): Illuminate\\Foundation\\Console\\Kernel->handle(Object(Symfony\\Component\\Console\\Input\\ArgvInput), Object(Symfony\\Component\\Console\\Output\\ConsoleOutput))
#18 {main}
"} 
[2019-08-04 20:42:04] local.ERROR: Class 'App\Scrapers\DB' not found {"exception":"[object] (Symfony\\Component\\Debug\\Exception\\FatalThrowableError(code: 0): Class 'App\\Scrapers\\DB' not found at C:\\Users\\jerem\\workspaces\\php_web_scrapers\\laravel-examples\\app\\Scrapers\\Reddit.php:45)
[stacktrace]
#0 C:\\Users\\jerem\\workspaces\\php_web_scrapers\\laravel-examples\\app\\Console\\Commands\\RunScraper.php(26): App\\Scrapers\\Reddit->run()
#1 [internal function]: App\\Console\\Commands\\RunScraper->handle()
#2 C:\\Users\\jerem\\workspaces\\php_web_scrapers\\laravel-examples\\vendor\\laravel\\framework\\src\\Illuminate\\Container\\BoundMethod.php(32): call_user_func_array(Array, Array)
#3 C:\\Users\\jerem\\workspaces\\php_web_scrapers\\laravel-examples\\vendor\\laravel\\framework\\src\\Illuminate\\Container\\BoundMethod.php(90): Illuminate\\Container\\BoundMethod::Illuminate\\Container\\{closure}()
#4 C:\\Users\\jerem\\workspaces\\php_web_scrapers\\laravel-examples\\vendor\\laravel\\framework\\src\\Illuminate\\Container\\BoundMethod.php(34): Illuminate\\Container\\BoundMethod::callBoundMethod(Object(Illuminate\\Foundation\\Application), Array, Object(Closure))
#5 C:\\Users\\jerem\\workspaces\\php_web_scrapers\\laravel-examples\\vendor\\laravel\\framework\\src\\Illuminate\\Container\\Container.php(576): Illuminate\\Container\\BoundMethod::call(Object(Illuminate\\Foundation\\Application), Array, Array, NULL)
#6 C:\\Users\\jerem\\workspaces\\php_web_scrapers\\laravel-examples\\vendor\\laravel\\framework\\src\\Illuminate\\Console\\Command.php(183): Illuminate\\Container\\Container->call(Array)
#7 C:\\Users\\jerem\\workspaces\\php_web_scrapers\\laravel-examples\\vendor\\symfony\\console\\Command\\Command.php(255): Illuminate\\Console\\Command->execute(Object(Symfony\\Component\\Console\\Input\\ArgvInput), Object(Illuminate\\Console\\OutputStyle))
#8 C:\\Users\\jerem\\workspaces\\php_web_scrapers\\laravel-examples\\vendor\\laravel\\framework\\src\\Illuminate\\Console\\Command.php(170): Symfony\\Component\\Console\\Command\\Command->run(Object(Symfony\\Component\\Console\\Input\\ArgvInput), Object(Illuminate\\Console\\OutputStyle))
#9 C:\\Users\\jerem\\workspaces\\php_web_scrapers\\laravel-examples\\vendor\\symfony\\console\\Application.php(921): Illuminate\\Console\\Command->run(Object(Symfony\\Component\\Console\\Input\\ArgvInput), Object(Symfony\\Component\\Console\\Output\\ConsoleOutput))
#10 C:\\Users\\jerem\\workspaces\\php_web_scrapers\\laravel-examples\\vendor\\symfony\\console\\Application.php(273): Symfony\\Component\\Console\\Application->doRunCommand(Object(App\\Console\\Commands\\RunScraper), Object(Symfony\\Component\\Console\\Input\\ArgvInput), Object(Symfony\\Component\\Console\\Output\\ConsoleOutput))
#11 C:\\Users\\jerem\\workspaces\\php_web_scrapers\\laravel-examples\\vendor\\symfony\\console\\Application.php(149): Symfony\\Component\\Console\\Application->doRun(Object(Symfony\\Component\\Console\\Input\\ArgvInput), Object(Symfony\\Component\\Console\\Output\\ConsoleOutput))
#12 C:\\Users\\jerem\\workspaces\\php_web_scrapers\\laravel-examples\\vendor\\laravel\\framework\\src\\Illuminate\\Console\\Application.php(90): Symfony\\Component\\Console\\Application->run(Object(Symfony\\Component\\Console\\Input\\ArgvInput), Object(Symfony\\Component\\Console\\Output\\ConsoleOutput))
#13 C:\\Users\\jerem\\workspaces\\php_web_scrapers\\laravel-examples\\vendor\\laravel\\framework\\src\\Illuminate\\Foundation\\Console\\Kernel.php(133): Illuminate\\Console\\Application->run(Object(Symfony\\Component\\Console\\Input\\ArgvInput), Object(Symfony\\Component\\Console\\Output\\ConsoleOutput))
#14 C:\\Users\\jerem\\workspaces\\php_web_scrapers\\laravel-examples\\artisan(37): Illuminate\\Foundation\\Console\\Kernel->handle(Object(Symfony\\Component\\Console\\Input\\ArgvInput), Object(Symfony\\Component\\Console\\Output\\ConsoleOutput))
#15 {main}
"} 
