[2019-08-03 13:54:03] local.ERROR: The current node list is empty. {"exception":"[object] (InvalidArgumentException(code: 0): The current node list is empty. at C:\\Users\\jerem\\workspaces\\php_web_scrapers\\laravel-goutte-example\\vendor\\symfony\\dom-crawler\\Crawler.php:533)
[stacktrace]
#0 C:\\Users\\jerem\\workspaces\\php_web_scrapers\\laravel-goutte-example\\app\\Scrapers\\Reddit.php(71): Symfony\\Component\\DomCrawler\\Crawler->attr('src')
#1 C:\\Users\\jerem\\workspaces\\php_web_scrapers\\laravel-goutte-example\\vendor\\symfony\\dom-crawler\\Crawler.php(354): App\\Scrapers\\Reddit->App\\Scrapers\\{closure}(Object(Symfony\\Component\\DomCrawler\\Crawler), 0)
#2 C:\\Users\\jerem\\workspaces\\php_web_scrapers\\laravel-goutte-example\\app\\Scrapers\\Reddit.php(117): Symfony\\Component\\DomCrawler\\Crawler->each(Object(Closure))
#3 C:\\Users\\jerem\\workspaces\\php_web_scrapers\\laravel-goutte-example\\app\\Scrapers\\Reddit.php(48): App\\Scrapers\\Reddit->getPosts()
#4 C:\\Users\\jerem\\workspaces\\php_web_scrapers\\laravel-goutte-example\\app\\Console\\Commands\\RunScraper.php(26): App\\Scrapers\\Reddit->run()
#5 [internal function]: App\\Console\\Commands\\RunScraper->handle()
#6 C:\\Users\\jerem\\workspaces\\php_web_scrapers\\laravel-goutte-example\\vendor\\laravel\\framework\\src\\Illuminate\\Container\\BoundMethod.php(32): call_user_func_array(Array, Array)
#7 C:\\Users\\jerem\\workspaces\\php_web_scrapers\\laravel-goutte-example\\vendor\\laravel\\framework\\src\\Illuminate\\Container\\BoundMethod.php(90): Illuminate\\Container\\BoundMethod::Illuminate\\Container\\{closure}()
#8 C:\\Users\\jerem\\workspaces\\php_web_scrapers\\laravel-goutte-example\\vendor\\laravel\\framework\\src\\Illuminate\\Container\\BoundMethod.php(34): Illuminate\\Container\\BoundMethod::callBoundMethod(Object(Illuminate\\Foundation\\Application), Array, Object(Closure))
#9 C:\\Users\\jerem\\workspaces\\php_web_scrapers\\laravel-goutte-example\\vendor\\laravel\\framework\\src\\Illuminate\\Container\\Container.php(576): Illuminate\\Container\\BoundMethod::call(Object(Illuminate\\Foundation\\Application), Array, Array, NULL)
#10 C:\\Users\\jerem\\workspaces\\php_web_scrapers\\laravel-goutte-example\\vendor\\laravel\\framework\\src\\Illuminate\\Console\\Command.php(183): Illuminate\\Container\\Container->call(Array)
#11 C:\\Users\\jerem\\workspaces\\php_web_scrapers\\laravel-goutte-example\\vendor\\symfony\\console\\Command\\Command.php(255): Illuminate\\Console\\Command->execute(Object(Symfony\\Component\\Console\\Input\\ArgvInput), Object(Illuminate\\Console\\OutputStyle))
#12 C:\\Users\\jerem\\workspaces\\php_web_scrapers\\laravel-goutte-example\\vendor\\laravel\\framework\\src\\Illuminate\\Console\\Command.php(170): Symfony\\Component\\Console\\Command\\Command->run(Object(Symfony\\Component\\Console\\Input\\ArgvInput), Object(Illuminate\\Console\\OutputStyle))
#13 C:\\Users\\jerem\\workspaces\\php_web_scrapers\\laravel-goutte-example\\vendor\\symfony\\console\\Application.php(921): Illuminate\\Console\\Command->run(Object(Symfony\\Component\\Console\\Input\\ArgvInput), Object(Symfony\\Component\\Console\\Output\\ConsoleOutput))
#14 C:\\Users\\jerem\\workspaces\\php_web_scrapers\\laravel-goutte-example\\vendor\\symfony\\console\\Application.php(273): Symfony\\Component\\Console\\Application->doRunCommand(Object(App\\Console\\Commands\\RunScraper), Object(Symfony\\Component\\Console\\Input\\ArgvInput), Object(Symfony\\Component\\Console\\Output\\ConsoleOutput))
#15 C:\\Users\\jerem\\workspaces\\php_web_scrapers\\laravel-goutte-example\\vendor\\symfony\\console\\Application.php(149): Symfony\\Component\\Console\\Application->doRun(Object(Symfony\\Component\\Console\\Input\\ArgvInput), Object(Symfony\\Component\\Console\\Output\\ConsoleOutput))
#16 C:\\Users\\jerem\\workspaces\\php_web_scrapers\\laravel-goutte-example\\vendor\\laravel\\framework\\src\\Illuminate\\Console\\Application.php(90): Symfony\\Component\\Console\\Application->run(Object(Symfony\\Component\\Console\\Input\\ArgvInput), Object(Symfony\\Component\\Console\\Output\\ConsoleOutput))
#17 C:\\Users\\jerem\\workspaces\\php_web_scrapers\\laravel-goutte-example\\vendor\\laravel\\framework\\src\\Illuminate\\Foundation\\Console\\Kernel.php(133): Illuminate\\Console\\Application->run(Object(Symfony\\Component\\Console\\Input\\ArgvInput), Object(Symfony\\Component\\Console\\Output\\ConsoleOutput))
#18 C:\\Users\\jerem\\workspaces\\php_web_scrapers\\laravel-goutte-example\\artisan(37): Illuminate\\Foundation\\Console\\Kernel->handle(Object(Symfony\\Component\\Console\\Input\\ArgvInput), Object(Symfony\\Component\\Console\\Output\\ConsoleOutput))
#19 {main}
"} 
[2019-08-03 13:55:04] local.ERROR: The current node list is empty. {"exception":"[object] (InvalidArgumentException(code: 0): The current node list is empty. at C:\\Users\\jerem\\workspaces\\php_web_scrapers\\laravel-goutte-example\\vendor\\symfony\\dom-crawler\\Crawler.php:533)
[stacktrace]
#0 C:\\Users\\jerem\\workspaces\\php_web_scrapers\\laravel-goutte-example\\app\\Scrapers\\Reddit.php(71): Symfony\\Component\\DomCrawler\\Crawler->attr('src')
#1 C:\\Users\\jerem\\workspaces\\php_web_scrapers\\laravel-goutte-example\\vendor\\symfony\\dom-crawler\\Crawler.php(354): App\\Scrapers\\Reddit->App\\Scrapers\\{closure}(Object(Symfony\\Component\\DomCrawler\\Crawler), 0)
#2 C:\\Users\\jerem\\workspaces\\php_web_scrapers\\laravel-goutte-example\\app\\Scrapers\\Reddit.php(117): Symfony\\Component\\DomCrawler\\Crawler->each(Object(Closure))
#3 C:\\Users\\jerem\\workspaces\\php_web_scrapers\\laravel-goutte-example\\app\\Scrapers\\Reddit.php(48): App\\Scrapers\\Reddit->getPosts()
#4 C:\\Users\\jerem\\workspaces\\php_web_scrapers\\laravel-goutte-example\\app\\Console\\Commands\\RunScraper.php(26): App\\Scrapers\\Reddit->run()
#5 [internal function]: App\\Console\\Commands\\RunScraper->handle()
#6 C:\\Users\\jerem\\workspaces\\php_web_scrapers\\laravel-goutte-example\\vendor\\laravel\\framework\\src\\Illuminate\\Container\\BoundMethod.php(32): call_user_func_array(Array, Array)
#7 C:\\Users\\jerem\\workspaces\\php_web_scrapers\\laravel-goutte-example\\vendor\\laravel\\framework\\src\\Illuminate\\Container\\BoundMethod.php(90): Illuminate\\Container\\BoundMethod::Illuminate\\Container\\{closure}()
#8 C:\\Users\\jerem\\workspaces\\php_web_scrapers\\laravel-goutte-example\\vendor\\laravel\\framework\\src\\Illuminate\\Container\\BoundMethod.php(34): Illuminate\\Container\\BoundMethod::callBoundMethod(Object(Illuminate\\Foundation\\Application), Array, Object(Closure))
#9 C:\\Users\\jerem\\workspaces\\php_web_scrapers\\laravel-goutte-example\\vendor\\laravel\\framework\\src\\Illuminate\\Container\\Container.php(576): Illuminate\\Container\\BoundMethod::call(Object(Illuminate\\Foundation\\Application), Array, Array, NULL)
#10 C:\\Users\\jerem\\workspaces\\php_web_scrapers\\laravel-goutte-example\\vendor\\laravel\\framework\\src\\Illuminate\\Console\\Command.php(183): Illuminate\\Container\\Container->call(Array)
#11 C:\\Users\\jerem\\workspaces\\php_web_scrapers\\laravel-goutte-example\\vendor\\symfony\\console\\Command\\Command.php(255): Illuminate\\Console\\Command->execute(Object(Symfony\\Component\\Console\\Input\\ArgvInput), Object(Illuminate\\Console\\OutputStyle))
#12 C:\\Users\\jerem\\workspaces\\php_web_scrapers\\laravel-goutte-example\\vendor\\laravel\\framework\\src\\Illuminate\\Console\\Command.php(170): Symfony\\Component\\Console\\Command\\Command->run(Object(Symfony\\Component\\Console\\Input\\ArgvInput), Object(Illuminate\\Console\\OutputStyle))
#13 C:\\Users\\jerem\\workspaces\\php_web_scrapers\\laravel-goutte-example\\vendor\\symfony\\console\\Application.php(921): Illuminate\\Console\\Command->run(Object(Symfony\\Component\\Console\\Input\\ArgvInput), Object(Symfony\\Component\\Console\\Output\\ConsoleOutput))
#14 C:\\Users\\jerem\\workspaces\\php_web_scrapers\\laravel-goutte-example\\vendor\\symfony\\console\\Application.php(273): Symfony\\Component\\Console\\Application->doRunCommand(Object(App\\Console\\Commands\\RunScraper), Object(Symfony\\Component\\Console\\Input\\ArgvInput), Object(Symfony\\Component\\Console\\Output\\ConsoleOutput))
#15 C:\\Users\\jerem\\workspaces\\php_web_scrapers\\laravel-goutte-example\\vendor\\symfony\\console\\Application.php(149): Symfony\\Component\\Console\\Application->doRun(Object(Symfony\\Component\\Console\\Input\\ArgvInput), Object(Symfony\\Component\\Console\\Output\\ConsoleOutput))
#16 C:\\Users\\jerem\\workspaces\\php_web_scrapers\\laravel-goutte-example\\vendor\\laravel\\framework\\src\\Illuminate\\Console\\Application.php(90): Symfony\\Component\\Console\\Application->run(Object(Symfony\\Component\\Console\\Input\\ArgvInput), Object(Symfony\\Component\\Console\\Output\\ConsoleOutput))
#17 C:\\Users\\jerem\\workspaces\\php_web_scrapers\\laravel-goutte-example\\vendor\\laravel\\framework\\src\\Illuminate\\Foundation\\Console\\Kernel.php(133): Illuminate\\Console\\Application->run(Object(Symfony\\Component\\Console\\Input\\ArgvInput), Object(Symfony\\Component\\Console\\Output\\ConsoleOutput))
#18 C:\\Users\\jerem\\workspaces\\php_web_scrapers\\laravel-goutte-example\\artisan(37): Illuminate\\Foundation\\Console\\Kernel->handle(Object(Symfony\\Component\\Console\\Input\\ArgvInput), Object(Symfony\\Component\\Console\\Output\\ConsoleOutput))
#19 {main}
"} 
[2019-08-03 13:55:33] local.ERROR: The current node list is empty. {"exception":"[object] (InvalidArgumentException(code: 0): The current node list is empty. at C:\\Users\\jerem\\workspaces\\php_web_scrapers\\laravel-goutte-example\\vendor\\symfony\\dom-crawler\\Crawler.php:533)
[stacktrace]
#0 C:\\Users\\jerem\\workspaces\\php_web_scrapers\\laravel-goutte-example\\app\\Scrapers\\Reddit.php(71): Symfony\\Component\\DomCrawler\\Crawler->attr('src')
#1 C:\\Users\\jerem\\workspaces\\php_web_scrapers\\laravel-goutte-example\\vendor\\symfony\\dom-crawler\\Crawler.php(354): App\\Scrapers\\Reddit->App\\Scrapers\\{closure}(Object(Symfony\\Component\\DomCrawler\\Crawler), 0)
#2 C:\\Users\\jerem\\workspaces\\php_web_scrapers\\laravel-goutte-example\\app\\Scrapers\\Reddit.php(117): Symfony\\Component\\DomCrawler\\Crawler->each(Object(Closure))
#3 C:\\Users\\jerem\\workspaces\\php_web_scrapers\\laravel-goutte-example\\app\\Scrapers\\Reddit.php(48): App\\Scrapers\\Reddit->getPosts()
#4 C:\\Users\\jerem\\workspaces\\php_web_scrapers\\laravel-goutte-example\\app\\Console\\Commands\\RunScraper.php(26): App\\Scrapers\\Reddit->run()
#5 [internal function]: App\\Console\\Commands\\RunScraper->handle()
#6 C:\\Users\\jerem\\workspaces\\php_web_scrapers\\laravel-goutte-example\\vendor\\laravel\\framework\\src\\Illuminate\\Container\\BoundMethod.php(32): call_user_func_array(Array, Array)
#7 C:\\Users\\jerem\\workspaces\\php_web_scrapers\\laravel-goutte-example\\vendor\\laravel\\framework\\src\\Illuminate\\Container\\BoundMethod.php(90): Illuminate\\Container\\BoundMethod::Illuminate\\Container\\{closure}()
#8 C:\\Users\\jerem\\workspaces\\php_web_scrapers\\laravel-goutte-example\\vendor\\laravel\\framework\\src\\Illuminate\\Container\\BoundMethod.php(34): Illuminate\\Container\\BoundMethod::callBoundMethod(Object(Illuminate\\Foundation\\Application), Array, Object(Closure))
#9 C:\\Users\\jerem\\workspaces\\php_web_scrapers\\laravel-goutte-example\\vendor\\laravel\\framework\\src\\Illuminate\\Container\\Container.php(576): Illuminate\\Container\\BoundMethod::call(Object(Illuminate\\Foundation\\Application), Array, Array, NULL)
#10 C:\\Users\\jerem\\workspaces\\php_web_scrapers\\laravel-goutte-example\\vendor\\laravel\\framework\\src\\Illuminate\\Console\\Command.php(183): Illuminate\\Container\\Container->call(Array)
#11 C:\\Users\\jerem\\workspaces\\php_web_scrapers\\laravel-goutte-example\\vendor\\symfony\\console\\Command\\Command.php(255): Illuminate\\Console\\Command->execute(Object(Symfony\\Component\\Console\\Input\\ArgvInput), Object(Illuminate\\Console\\OutputStyle))
#12 C:\\Users\\jerem\\workspaces\\php_web_scrapers\\laravel-goutte-example\\vendor\\laravel\\framework\\src\\Illuminate\\Console\\Command.php(170): Symfony\\Component\\Console\\Command\\Command->run(Object(Symfony\\Component\\Console\\Input\\ArgvInput), Object(Illuminate\\Console\\OutputStyle))
#13 C:\\Users\\jerem\\workspaces\\php_web_scrapers\\laravel-goutte-example\\vendor\\symfony\\console\\Application.php(921): Illuminate\\Console\\Command->run(Object(Symfony\\Component\\Console\\Input\\ArgvInput), Object(Symfony\\Component\\Console\\Output\\ConsoleOutput))
#14 C:\\Users\\jerem\\workspaces\\php_web_scrapers\\laravel-goutte-example\\vendor\\symfony\\console\\Application.php(273): Symfony\\Component\\Console\\Application->doRunCommand(Object(App\\Console\\Commands\\RunScraper), Object(Symfony\\Component\\Console\\Input\\ArgvInput), Object(Symfony\\Component\\Console\\Output\\ConsoleOutput))
#15 C:\\Users\\jerem\\workspaces\\php_web_scrapers\\laravel-goutte-example\\vendor\\symfony\\console\\Application.php(149): Symfony\\Component\\Console\\Application->doRun(Object(Symfony\\Component\\Console\\Input\\ArgvInput), Object(Symfony\\Component\\Console\\Output\\ConsoleOutput))
#16 C:\\Users\\jerem\\workspaces\\php_web_scrapers\\laravel-goutte-example\\vendor\\laravel\\framework\\src\\Illuminate\\Console\\Application.php(90): Symfony\\Component\\Console\\Application->run(Object(Symfony\\Component\\Console\\Input\\ArgvInput), Object(Symfony\\Component\\Console\\Output\\ConsoleOutput))
#17 C:\\Users\\jerem\\workspaces\\php_web_scrapers\\laravel-goutte-example\\vendor\\laravel\\framework\\src\\Illuminate\\Foundation\\Console\\Kernel.php(133): Illuminate\\Console\\Application->run(Object(Symfony\\Component\\Console\\Input\\ArgvInput), Object(Symfony\\Component\\Console\\Output\\ConsoleOutput))
#18 C:\\Users\\jerem\\workspaces\\php_web_scrapers\\laravel-goutte-example\\artisan(37): Illuminate\\Foundation\\Console\\Kernel->handle(Object(Symfony\\Component\\Console\\Input\\ArgvInput), Object(Symfony\\Component\\Console\\Output\\ConsoleOutput))
#19 {main}
"} 
[2019-08-03 14:06:19] local.ERROR: Class 'Symfony\Component\Serializer\Encoder\XmlEncoder' not found {"exception":"[object] (Symfony\\Component\\Debug\\Exception\\FatalThrowableError(code: 0): Class 'Symfony\\Component\\Serializer\\Encoder\\XmlEncoder' not found at C:\\Users\\jerem\\workspaces\\php_web_scrapers\\laravel-goutte-example\\app\\Scrapers\\Reddit.php:66)
[stacktrace]
#0 C:\\Users\\jerem\\workspaces\\php_web_scrapers\\laravel-goutte-example\\app\\Scrapers\\Reddit.php(54): App\\Scrapers\\Reddit->getPosts()
#1 C:\\Users\\jerem\\workspaces\\php_web_scrapers\\laravel-goutte-example\\app\\Console\\Commands\\RunScraper.php(26): App\\Scrapers\\Reddit->run()
#2 [internal function]: App\\Console\\Commands\\RunScraper->handle()
#3 C:\\Users\\jerem\\workspaces\\php_web_scrapers\\laravel-goutte-example\\vendor\\laravel\\framework\\src\\Illuminate\\Container\\BoundMethod.php(32): call_user_func_array(Array, Array)
#4 C:\\Users\\jerem\\workspaces\\php_web_scrapers\\laravel-goutte-example\\vendor\\laravel\\framework\\src\\Illuminate\\Container\\BoundMethod.php(90): Illuminate\\Container\\BoundMethod::Illuminate\\Container\\{closure}()
#5 C:\\Users\\jerem\\workspaces\\php_web_scrapers\\laravel-goutte-example\\vendor\\laravel\\framework\\src\\Illuminate\\Container\\BoundMethod.php(34): Illuminate\\Container\\BoundMethod::callBoundMethod(Object(Illuminate\\Foundation\\Application), Array, Object(Closure))
#6 C:\\Users\\jerem\\workspaces\\php_web_scrapers\\laravel-goutte-example\\vendor\\laravel\\framework\\src\\Illuminate\\Container\\Container.php(576): Illuminate\\Container\\BoundMethod::call(Object(Illuminate\\Foundation\\Application), Array, Array, NULL)
#7 C:\\Users\\jerem\\workspaces\\php_web_scrapers\\laravel-goutte-example\\vendor\\laravel\\framework\\src\\Illuminate\\Console\\Command.php(183): Illuminate\\Container\\Container->call(Array)
#8 C:\\Users\\jerem\\workspaces\\php_web_scrapers\\laravel-goutte-example\\vendor\\symfony\\console\\Command\\Command.php(255): Illuminate\\Console\\Command->execute(Object(Symfony\\Component\\Console\\Input\\ArgvInput), Object(Illuminate\\Console\\OutputStyle))
#9 C:\\Users\\jerem\\workspaces\\php_web_scrapers\\laravel-goutte-example\\vendor\\laravel\\framework\\src\\Illuminate\\Console\\Command.php(170): Symfony\\Component\\Console\\Command\\Command->run(Object(Symfony\\Component\\Console\\Input\\ArgvInput), Object(Illuminate\\Console\\OutputStyle))
#10 C:\\Users\\jerem\\workspaces\\php_web_scrapers\\laravel-goutte-example\\vendor\\symfony\\console\\Application.php(921): Illuminate\\Console\\Command->run(Object(Symfony\\Component\\Console\\Input\\ArgvInput), Object(Symfony\\Component\\Console\\Output\\ConsoleOutput))
#11 C:\\Users\\jerem\\workspaces\\php_web_scrapers\\laravel-goutte-example\\vendor\\symfony\\console\\Application.php(273): Symfony\\Component\\Console\\Application->doRunCommand(Object(App\\Console\\Commands\\RunScraper), Object(Symfony\\Component\\Console\\Input\\ArgvInput), Object(Symfony\\Component\\Console\\Output\\ConsoleOutput))
#12 C:\\Users\\jerem\\workspaces\\php_web_scrapers\\laravel-goutte-example\\vendor\\symfony\\console\\Application.php(149): Symfony\\Component\\Console\\Application->doRun(Object(Symfony\\Component\\Console\\Input\\ArgvInput), Object(Symfony\\Component\\Console\\Output\\ConsoleOutput))
#13 C:\\Users\\jerem\\workspaces\\php_web_scrapers\\laravel-goutte-example\\vendor\\laravel\\framework\\src\\Illuminate\\Console\\Application.php(90): Symfony\\Component\\Console\\Application->run(Object(Symfony\\Component\\Console\\Input\\ArgvInput), Object(Symfony\\Component\\Console\\Output\\ConsoleOutput))
#14 C:\\Users\\jerem\\workspaces\\php_web_scrapers\\laravel-goutte-example\\vendor\\laravel\\framework\\src\\Illuminate\\Foundation\\Console\\Kernel.php(133): Illuminate\\Console\\Application->run(Object(Symfony\\Component\\Console\\Input\\ArgvInput), Object(Symfony\\Component\\Console\\Output\\ConsoleOutput))
#15 C:\\Users\\jerem\\workspaces\\php_web_scrapers\\laravel-goutte-example\\artisan(37): Illuminate\\Foundation\\Console\\Kernel->handle(Object(Symfony\\Component\\Console\\Input\\ArgvInput), Object(Symfony\\Component\\Console\\Output\\ConsoleOutput))
#16 {main}
"} 
[2019-08-03 14:06:56] local.ERROR: Class 'Symfony\Component\Serializer\Encoder\JsonEncoder' not found {"exception":"[object] (Symfony\\Component\\Debug\\Exception\\FatalThrowableError(code: 0): Class 'Symfony\\Component\\Serializer\\Encoder\\JsonEncoder' not found at C:\\Users\\jerem\\workspaces\\php_web_scrapers\\laravel-goutte-example\\app\\Scrapers\\Reddit.php:65)
[stacktrace]
#0 C:\\Users\\jerem\\workspaces\\php_web_scrapers\\laravel-goutte-example\\app\\Scrapers\\Reddit.php(53): App\\Scrapers\\Reddit->getPosts()
#1 C:\\Users\\jerem\\workspaces\\php_web_scrapers\\laravel-goutte-example\\app\\Console\\Commands\\RunScraper.php(26): App\\Scrapers\\Reddit->run()
#2 [internal function]: App\\Console\\Commands\\RunScraper->handle()
#3 C:\\Users\\jerem\\workspaces\\php_web_scrapers\\laravel-goutte-example\\vendor\\laravel\\framework\\src\\Illuminate\\Container\\BoundMethod.php(32): call_user_func_array(Array, Array)
#4 C:\\Users\\jerem\\workspaces\\php_web_scrapers\\laravel-goutte-example\\vendor\\laravel\\framework\\src\\Illuminate\\Container\\BoundMethod.php(90): Illuminate\\Container\\BoundMethod::Illuminate\\Container\\{closure}()
#5 C:\\Users\\jerem\\workspaces\\php_web_scrapers\\laravel-goutte-example\\vendor\\laravel\\framework\\src\\Illuminate\\Container\\BoundMethod.php(34): Illuminate\\Container\\BoundMethod::callBoundMethod(Object(Illuminate\\Foundation\\Application), Array, Object(Closure))
#6 C:\\Users\\jerem\\workspaces\\php_web_scrapers\\laravel-goutte-example\\vendor\\laravel\\framework\\src\\Illuminate\\Container\\Container.php(576): Illuminate\\Container\\BoundMethod::call(Object(Illuminate\\Foundation\\Application), Array, Array, NULL)
#7 C:\\Users\\jerem\\workspaces\\php_web_scrapers\\laravel-goutte-example\\vendor\\laravel\\framework\\src\\Illuminate\\Console\\Command.php(183): Illuminate\\Container\\Container->call(Array)
#8 C:\\Users\\jerem\\workspaces\\php_web_scrapers\\laravel-goutte-example\\vendor\\symfony\\console\\Command\\Command.php(255): Illuminate\\Console\\Command->execute(Object(Symfony\\Component\\Console\\Input\\ArgvInput), Object(Illuminate\\Console\\OutputStyle))
#9 C:\\Users\\jerem\\workspaces\\php_web_scrapers\\laravel-goutte-example\\vendor\\laravel\\framework\\src\\Illuminate\\Console\\Command.php(170): Symfony\\Component\\Console\\Command\\Command->run(Object(Symfony\\Component\\Console\\Input\\ArgvInput), Object(Illuminate\\Console\\OutputStyle))
#10 C:\\Users\\jerem\\workspaces\\php_web_scrapers\\laravel-goutte-example\\vendor\\symfony\\console\\Application.php(921): Illuminate\\Console\\Command->run(Object(Symfony\\Component\\Console\\Input\\ArgvInput), Object(Symfony\\Component\\Console\\Output\\ConsoleOutput))
#11 C:\\Users\\jerem\\workspaces\\php_web_scrapers\\laravel-goutte-example\\vendor\\symfony\\console\\Application.php(273): Symfony\\Component\\Console\\Application->doRunCommand(Object(App\\Console\\Commands\\RunScraper), Object(Symfony\\Component\\Console\\Input\\ArgvInput), Object(Symfony\\Component\\Console\\Output\\ConsoleOutput))
#12 C:\\Users\\jerem\\workspaces\\php_web_scrapers\\laravel-goutte-example\\vendor\\symfony\\console\\Application.php(149): Symfony\\Component\\Console\\Application->doRun(Object(Symfony\\Component\\Console\\Input\\ArgvInput), Object(Symfony\\Component\\Console\\Output\\ConsoleOutput))
#13 C:\\Users\\jerem\\workspaces\\php_web_scrapers\\laravel-goutte-example\\vendor\\laravel\\framework\\src\\Illuminate\\Console\\Application.php(90): Symfony\\Component\\Console\\Application->run(Object(Symfony\\Component\\Console\\Input\\ArgvInput), Object(Symfony\\Component\\Console\\Output\\ConsoleOutput))
#14 C:\\Users\\jerem\\workspaces\\php_web_scrapers\\laravel-goutte-example\\vendor\\laravel\\framework\\src\\Illuminate\\Foundation\\Console\\Kernel.php(133): Illuminate\\Console\\Application->run(Object(Symfony\\Component\\Console\\Input\\ArgvInput), Object(Symfony\\Component\\Console\\Output\\ConsoleOutput))
#15 C:\\Users\\jerem\\workspaces\\php_web_scrapers\\laravel-goutte-example\\artisan(37): Illuminate\\Foundation\\Console\\Kernel->handle(Object(Symfony\\Component\\Console\\Input\\ArgvInput), Object(Symfony\\Component\\Console\\Output\\ConsoleOutput))
#16 {main}
"} 
[2019-08-03 14:11:23] local.ERROR: The ObjectNormalizer class requires the "PropertyAccess" component. Install "symfony/property-access" to use it. {"exception":"[object] (Symfony\\Component\\Serializer\\Exception\\LogicException(code: 0): The ObjectNormalizer class requires the \"PropertyAccess\" component. Install \"symfony/property-access\" to use it. at C:\\Users\\jerem\\workspaces\\php_web_scrapers\\laravel-goutte-example\\vendor\\symfony\\serializer\\Normalizer\\ObjectNormalizer.php:40)
[stacktrace]
#0 C:\\Users\\jerem\\workspaces\\php_web_scrapers\\laravel-goutte-example\\app\\Scrapers\\Reddit.php(66): Symfony\\Component\\Serializer\\Normalizer\\ObjectNormalizer->__construct()
#1 C:\\Users\\jerem\\workspaces\\php_web_scrapers\\laravel-goutte-example\\app\\Scrapers\\Reddit.php(53): App\\Scrapers\\Reddit->getPosts()
#2 C:\\Users\\jerem\\workspaces\\php_web_scrapers\\laravel-goutte-example\\app\\Console\\Commands\\RunScraper.php(26): App\\Scrapers\\Reddit->run()
#3 [internal function]: App\\Console\\Commands\\RunScraper->handle()
#4 C:\\Users\\jerem\\workspaces\\php_web_scrapers\\laravel-goutte-example\\vendor\\laravel\\framework\\src\\Illuminate\\Container\\BoundMethod.php(32): call_user_func_array(Array, Array)
#5 C:\\Users\\jerem\\workspaces\\php_web_scrapers\\laravel-goutte-example\\vendor\\laravel\\framework\\src\\Illuminate\\Container\\BoundMethod.php(90): Illuminate\\Container\\BoundMethod::Illuminate\\Container\\{closure}()
#6 C:\\Users\\jerem\\workspaces\\php_web_scrapers\\laravel-goutte-example\\vendor\\laravel\\framework\\src\\Illuminate\\Container\\BoundMethod.php(34): Illuminate\\Container\\BoundMethod::callBoundMethod(Object(Illuminate\\Foundation\\Application), Array, Object(Closure))
#7 C:\\Users\\jerem\\workspaces\\php_web_scrapers\\laravel-goutte-example\\vendor\\laravel\\framework\\src\\Illuminate\\Container\\Container.php(576): Illuminate\\Container\\BoundMethod::call(Object(Illuminate\\Foundation\\Application), Array, Array, NULL)
#8 C:\\Users\\jerem\\workspaces\\php_web_scrapers\\laravel-goutte-example\\vendor\\laravel\\framework\\src\\Illuminate\\Console\\Command.php(183): Illuminate\\Container\\Container->call(Array)
#9 C:\\Users\\jerem\\workspaces\\php_web_scrapers\\laravel-goutte-example\\vendor\\symfony\\console\\Command\\Command.php(255): Illuminate\\Console\\Command->execute(Object(Symfony\\Component\\Console\\Input\\ArgvInput), Object(Illuminate\\Console\\OutputStyle))
#10 C:\\Users\\jerem\\workspaces\\php_web_scrapers\\laravel-goutte-example\\vendor\\laravel\\framework\\src\\Illuminate\\Console\\Command.php(170): Symfony\\Component\\Console\\Command\\Command->run(Object(Symfony\\Component\\Console\\Input\\ArgvInput), Object(Illuminate\\Console\\OutputStyle))
#11 C:\\Users\\jerem\\workspaces\\php_web_scrapers\\laravel-goutte-example\\vendor\\symfony\\console\\Application.php(921): Illuminate\\Console\\Command->run(Object(Symfony\\Component\\Console\\Input\\ArgvInput), Object(Symfony\\Component\\Console\\Output\\ConsoleOutput))
#12 C:\\Users\\jerem\\workspaces\\php_web_scrapers\\laravel-goutte-example\\vendor\\symfony\\console\\Application.php(273): Symfony\\Component\\Console\\Application->doRunCommand(Object(App\\Console\\Commands\\RunScraper), Object(Symfony\\Component\\Console\\Input\\ArgvInput), Object(Symfony\\Component\\Console\\Output\\ConsoleOutput))
#13 C:\\Users\\jerem\\workspaces\\php_web_scrapers\\laravel-goutte-example\\vendor\\symfony\\console\\Application.php(149): Symfony\\Component\\Console\\Application->doRun(Object(Symfony\\Component\\Console\\Input\\ArgvInput), Object(Symfony\\Component\\Console\\Output\\ConsoleOutput))
#14 C:\\Users\\jerem\\workspaces\\php_web_scrapers\\laravel-goutte-example\\vendor\\laravel\\framework\\src\\Illuminate\\Console\\Application.php(90): Symfony\\Component\\Console\\Application->run(Object(Symfony\\Component\\Console\\Input\\ArgvInput), Object(Symfony\\Component\\Console\\Output\\ConsoleOutput))
#15 C:\\Users\\jerem\\workspaces\\php_web_scrapers\\laravel-goutte-example\\vendor\\laravel\\framework\\src\\Illuminate\\Foundation\\Console\\Kernel.php(133): Illuminate\\Console\\Application->run(Object(Symfony\\Component\\Console\\Input\\ArgvInput), Object(Symfony\\Component\\Console\\Output\\ConsoleOutput))
#16 C:\\Users\\jerem\\workspaces\\php_web_scrapers\\laravel-goutte-example\\artisan(37): Illuminate\\Foundation\\Console\\Kernel->handle(Object(Symfony\\Component\\Console\\Input\\ArgvInput), Object(Symfony\\Component\\Console\\Output\\ConsoleOutput))
#17 {main}
"} 
[2019-08-03 14:26:26] local.ERROR: syntax error, unexpected 'else' (T_ELSE) {"exception":"[object] (Symfony\\Component\\Debug\\Exception\\FatalThrowableError(code: 0): syntax error, unexpected 'else' (T_ELSE) at C:\\Users\\jerem\\workspaces\\php_web_scrapers\\laravel-goutte-example\\app\\Scrapers\\Reddit.php:73)
[stacktrace]
#0 C:\\Users\\jerem\\workspaces\\php_web_scrapers\\laravel-goutte-example\\vendor\\composer\\ClassLoader.php(322): Composer\\Autoload\\includeFile('C:\\\\Users\\\\jerem\\\\...')
#1 [internal function]: Composer\\Autoload\\ClassLoader->loadClass('App\\\\Scrapers\\\\Re...')
#2 C:\\Users\\jerem\\workspaces\\php_web_scrapers\\laravel-goutte-example\\app\\Console\\Commands\\RunScraper.php(19): spl_autoload_call('App\\\\Scrapers\\\\Re...')
#3 [internal function]: App\\Console\\Commands\\RunScraper->handle()
#4 C:\\Users\\jerem\\workspaces\\php_web_scrapers\\laravel-goutte-example\\vendor\\laravel\\framework\\src\\Illuminate\\Container\\BoundMethod.php(32): call_user_func_array(Array, Array)
#5 C:\\Users\\jerem\\workspaces\\php_web_scrapers\\laravel-goutte-example\\vendor\\laravel\\framework\\src\\Illuminate\\Container\\BoundMethod.php(90): Illuminate\\Container\\BoundMethod::Illuminate\\Container\\{closure}()
#6 C:\\Users\\jerem\\workspaces\\php_web_scrapers\\laravel-goutte-example\\vendor\\laravel\\framework\\src\\Illuminate\\Container\\BoundMethod.php(34): Illuminate\\Container\\BoundMethod::callBoundMethod(Object(Illuminate\\Foundation\\Application), Array, Object(Closure))
#7 C:\\Users\\jerem\\workspaces\\php_web_scrapers\\laravel-goutte-example\\vendor\\laravel\\framework\\src\\Illuminate\\Container\\Container.php(576): Illuminate\\Container\\BoundMethod::call(Object(Illuminate\\Foundation\\Application), Array, Array, NULL)
#8 C:\\Users\\jerem\\workspaces\\php_web_scrapers\\laravel-goutte-example\\vendor\\laravel\\framework\\src\\Illuminate\\Console\\Command.php(183): Illuminate\\Container\\Container->call(Array)
#9 C:\\Users\\jerem\\workspaces\\php_web_scrapers\\laravel-goutte-example\\vendor\\symfony\\console\\Command\\Command.php(255): Illuminate\\Console\\Command->execute(Object(Symfony\\Component\\Console\\Input\\ArgvInput), Object(Illuminate\\Console\\OutputStyle))
#10 C:\\Users\\jerem\\workspaces\\php_web_scrapers\\laravel-goutte-example\\vendor\\laravel\\framework\\src\\Illuminate\\Console\\Command.php(170): Symfony\\Component\\Console\\Command\\Command->run(Object(Symfony\\Component\\Console\\Input\\ArgvInput), Object(Illuminate\\Console\\OutputStyle))
#11 C:\\Users\\jerem\\workspaces\\php_web_scrapers\\laravel-goutte-example\\vendor\\symfony\\console\\Application.php(921): Illuminate\\Console\\Command->run(Object(Symfony\\Component\\Console\\Input\\ArgvInput), Object(Symfony\\Component\\Console\\Output\\ConsoleOutput))
#12 C:\\Users\\jerem\\workspaces\\php_web_scrapers\\laravel-goutte-example\\vendor\\symfony\\console\\Application.php(273): Symfony\\Component\\Console\\Application->doRunCommand(Object(App\\Console\\Commands\\RunScraper), Object(Symfony\\Component\\Console\\Input\\ArgvInput), Object(Symfony\\Component\\Console\\Output\\ConsoleOutput))
#13 C:\\Users\\jerem\\workspaces\\php_web_scrapers\\laravel-goutte-example\\vendor\\symfony\\console\\Application.php(149): Symfony\\Component\\Console\\Application->doRun(Object(Symfony\\Component\\Console\\Input\\ArgvInput), Object(Symfony\\Component\\Console\\Output\\ConsoleOutput))
#14 C:\\Users\\jerem\\workspaces\\php_web_scrapers\\laravel-goutte-example\\vendor\\laravel\\framework\\src\\Illuminate\\Console\\Application.php(90): Symfony\\Component\\Console\\Application->run(Object(Symfony\\Component\\Console\\Input\\ArgvInput), Object(Symfony\\Component\\Console\\Output\\ConsoleOutput))
#15 C:\\Users\\jerem\\workspaces\\php_web_scrapers\\laravel-goutte-example\\vendor\\laravel\\framework\\src\\Illuminate\\Foundation\\Console\\Kernel.php(133): Illuminate\\Console\\Application->run(Object(Symfony\\Component\\Console\\Input\\ArgvInput), Object(Symfony\\Component\\Console\\Output\\ConsoleOutput))
#16 C:\\Users\\jerem\\workspaces\\php_web_scrapers\\laravel-goutte-example\\artisan(37): Illuminate\\Foundation\\Console\\Kernel->handle(Object(Symfony\\Component\\Console\\Input\\ArgvInput), Object(Symfony\\Component\\Console\\Output\\ConsoleOutput))
#17 {main}
"} 
[2019-08-03 14:35:35] local.ERROR: The current node list is empty. {"exception":"[object] (InvalidArgumentException(code: 0): The current node list is empty. at C:\\Users\\jerem\\workspaces\\php_web_scrapers\\laravel-goutte-example\\vendor\\symfony\\dom-crawler\\Crawler.php:533)
[stacktrace]
#0 C:\\Users\\jerem\\workspaces\\php_web_scrapers\\laravel-goutte-example\\app\\Scrapers\\Reddit.php(69): Symfony\\Component\\DomCrawler\\Crawler->attr('src')
#1 C:\\Users\\jerem\\workspaces\\php_web_scrapers\\laravel-goutte-example\\vendor\\symfony\\dom-crawler\\Crawler.php(354): App\\Scrapers\\Reddit->App\\Scrapers\\{closure}(Object(Symfony\\Component\\DomCrawler\\Crawler), 0)
#2 C:\\Users\\jerem\\workspaces\\php_web_scrapers\\laravel-goutte-example\\app\\Scrapers\\Reddit.php(110): Symfony\\Component\\DomCrawler\\Crawler->each(Object(Closure))
#3 C:\\Users\\jerem\\workspaces\\php_web_scrapers\\laravel-goutte-example\\app\\Scrapers\\Reddit.php(48): App\\Scrapers\\Reddit->getPosts()
#4 C:\\Users\\jerem\\workspaces\\php_web_scrapers\\laravel-goutte-example\\app\\Console\\Commands\\RunScraper.php(26): App\\Scrapers\\Reddit->run()
#5 [internal function]: App\\Console\\Commands\\RunScraper->handle()
#6 C:\\Users\\jerem\\workspaces\\php_web_scrapers\\laravel-goutte-example\\vendor\\laravel\\framework\\src\\Illuminate\\Container\\BoundMethod.php(32): call_user_func_array(Array, Array)
#7 C:\\Users\\jerem\\workspaces\\php_web_scrapers\\laravel-goutte-example\\vendor\\laravel\\framework\\src\\Illuminate\\Container\\BoundMethod.php(90): Illuminate\\Container\\BoundMethod::Illuminate\\Container\\{closure}()
#8 C:\\Users\\jerem\\workspaces\\php_web_scrapers\\laravel-goutte-example\\vendor\\laravel\\framework\\src\\Illuminate\\Container\\BoundMethod.php(34): Illuminate\\Container\\BoundMethod::callBoundMethod(Object(Illuminate\\Foundation\\Application), Array, Object(Closure))
#9 C:\\Users\\jerem\\workspaces\\php_web_scrapers\\laravel-goutte-example\\vendor\\laravel\\framework\\src\\Illuminate\\Container\\Container.php(576): Illuminate\\Container\\BoundMethod::call(Object(Illuminate\\Foundation\\Application), Array, Array, NULL)
#10 C:\\Users\\jerem\\workspaces\\php_web_scrapers\\laravel-goutte-example\\vendor\\laravel\\framework\\src\\Illuminate\\Console\\Command.php(183): Illuminate\\Container\\Container->call(Array)
#11 C:\\Users\\jerem\\workspaces\\php_web_scrapers\\laravel-goutte-example\\vendor\\symfony\\console\\Command\\Command.php(255): Illuminate\\Console\\Command->execute(Object(Symfony\\Component\\Console\\Input\\ArgvInput), Object(Illuminate\\Console\\OutputStyle))
#12 C:\\Users\\jerem\\workspaces\\php_web_scrapers\\laravel-goutte-example\\vendor\\laravel\\framework\\src\\Illuminate\\Console\\Command.php(170): Symfony\\Component\\Console\\Command\\Command->run(Object(Symfony\\Component\\Console\\Input\\ArgvInput), Object(Illuminate\\Console\\OutputStyle))
#13 C:\\Users\\jerem\\workspaces\\php_web_scrapers\\laravel-goutte-example\\vendor\\symfony\\console\\Application.php(921): Illuminate\\Console\\Command->run(Object(Symfony\\Component\\Console\\Input\\ArgvInput), Object(Symfony\\Component\\Console\\Output\\ConsoleOutput))
#14 C:\\Users\\jerem\\workspaces\\php_web_scrapers\\laravel-goutte-example\\vendor\\symfony\\console\\Application.php(273): Symfony\\Component\\Console\\Application->doRunCommand(Object(App\\Console\\Commands\\RunScraper), Object(Symfony\\Component\\Console\\Input\\ArgvInput), Object(Symfony\\Component\\Console\\Output\\ConsoleOutput))
#15 C:\\Users\\jerem\\workspaces\\php_web_scrapers\\laravel-goutte-example\\vendor\\symfony\\console\\Application.php(149): Symfony\\Component\\Console\\Application->doRun(Object(Symfony\\Component\\Console\\Input\\ArgvInput), Object(Symfony\\Component\\Console\\Output\\ConsoleOutput))
#16 C:\\Users\\jerem\\workspaces\\php_web_scrapers\\laravel-goutte-example\\vendor\\laravel\\framework\\src\\Illuminate\\Console\\Application.php(90): Symfony\\Component\\Console\\Application->run(Object(Symfony\\Component\\Console\\Input\\ArgvInput), Object(Symfony\\Component\\Console\\Output\\ConsoleOutput))
#17 C:\\Users\\jerem\\workspaces\\php_web_scrapers\\laravel-goutte-example\\vendor\\laravel\\framework\\src\\Illuminate\\Foundation\\Console\\Kernel.php(133): Illuminate\\Console\\Application->run(Object(Symfony\\Component\\Console\\Input\\ArgvInput), Object(Symfony\\Component\\Console\\Output\\ConsoleOutput))
#18 C:\\Users\\jerem\\workspaces\\php_web_scrapers\\laravel-goutte-example\\artisan(37): Illuminate\\Foundation\\Console\\Kernel->handle(Object(Symfony\\Component\\Console\\Input\\ArgvInput), Object(Symfony\\Component\\Console\\Output\\ConsoleOutput))
#19 {main}
"} 
[2019-08-03 14:36:13] local.ERROR: The current node list is empty. {"exception":"[object] (InvalidArgumentException(code: 0): The current node list is empty. at C:\\Users\\jerem\\workspaces\\php_web_scrapers\\laravel-goutte-example\\vendor\\symfony\\dom-crawler\\Crawler.php:533)
[stacktrace]
#0 C:\\Users\\jerem\\workspaces\\php_web_scrapers\\laravel-goutte-example\\app\\Scrapers\\Reddit.php(69): Symfony\\Component\\DomCrawler\\Crawler->attr('src')
#1 C:\\Users\\jerem\\workspaces\\php_web_scrapers\\laravel-goutte-example\\vendor\\symfony\\dom-crawler\\Crawler.php(354): App\\Scrapers\\Reddit->App\\Scrapers\\{closure}(Object(Symfony\\Component\\DomCrawler\\Crawler), 0)
#2 C:\\Users\\jerem\\workspaces\\php_web_scrapers\\laravel-goutte-example\\app\\Scrapers\\Reddit.php(110): Symfony\\Component\\DomCrawler\\Crawler->each(Object(Closure))
#3 C:\\Users\\jerem\\workspaces\\php_web_scrapers\\laravel-goutte-example\\app\\Scrapers\\Reddit.php(48): App\\Scrapers\\Reddit->getPosts()
#4 C:\\Users\\jerem\\workspaces\\php_web_scrapers\\laravel-goutte-example\\app\\Console\\Commands\\RunScraper.php(26): App\\Scrapers\\Reddit->run()
#5 [internal function]: App\\Console\\Commands\\RunScraper->handle()
#6 C:\\Users\\jerem\\workspaces\\php_web_scrapers\\laravel-goutte-example\\vendor\\laravel\\framework\\src\\Illuminate\\Container\\BoundMethod.php(32): call_user_func_array(Array, Array)
#7 C:\\Users\\jerem\\workspaces\\php_web_scrapers\\laravel-goutte-example\\vendor\\laravel\\framework\\src\\Illuminate\\Container\\BoundMethod.php(90): Illuminate\\Container\\BoundMethod::Illuminate\\Container\\{closure}()
#8 C:\\Users\\jerem\\workspaces\\php_web_scrapers\\laravel-goutte-example\\vendor\\laravel\\framework\\src\\Illuminate\\Container\\BoundMethod.php(34): Illuminate\\Container\\BoundMethod::callBoundMethod(Object(Illuminate\\Foundation\\Application), Array, Object(Closure))
#9 C:\\Users\\jerem\\workspaces\\php_web_scrapers\\laravel-goutte-example\\vendor\\laravel\\framework\\src\\Illuminate\\Container\\Container.php(576): Illuminate\\Container\\BoundMethod::call(Object(Illuminate\\Foundation\\Application), Array, Array, NULL)
#10 C:\\Users\\jerem\\workspaces\\php_web_scrapers\\laravel-goutte-example\\vendor\\laravel\\framework\\src\\Illuminate\\Console\\Command.php(183): Illuminate\\Container\\Container->call(Array)
#11 C:\\Users\\jerem\\workspaces\\php_web_scrapers\\laravel-goutte-example\\vendor\\symfony\\console\\Command\\Command.php(255): Illuminate\\Console\\Command->execute(Object(Symfony\\Component\\Console\\Input\\ArgvInput), Object(Illuminate\\Console\\OutputStyle))
#12 C:\\Users\\jerem\\workspaces\\php_web_scrapers\\laravel-goutte-example\\vendor\\laravel\\framework\\src\\Illuminate\\Console\\Command.php(170): Symfony\\Component\\Console\\Command\\Command->run(Object(Symfony\\Component\\Console\\Input\\ArgvInput), Object(Illuminate\\Console\\OutputStyle))
#13 C:\\Users\\jerem\\workspaces\\php_web_scrapers\\laravel-goutte-example\\vendor\\symfony\\console\\Application.php(921): Illuminate\\Console\\Command->run(Object(Symfony\\Component\\Console\\Input\\ArgvInput), Object(Symfony\\Component\\Console\\Output\\ConsoleOutput))
#14 C:\\Users\\jerem\\workspaces\\php_web_scrapers\\laravel-goutte-example\\vendor\\symfony\\console\\Application.php(273): Symfony\\Component\\Console\\Application->doRunCommand(Object(App\\Console\\Commands\\RunScraper), Object(Symfony\\Component\\Console\\Input\\ArgvInput), Object(Symfony\\Component\\Console\\Output\\ConsoleOutput))
#15 C:\\Users\\jerem\\workspaces\\php_web_scrapers\\laravel-goutte-example\\vendor\\symfony\\console\\Application.php(149): Symfony\\Component\\Console\\Application->doRun(Object(Symfony\\Component\\Console\\Input\\ArgvInput), Object(Symfony\\Component\\Console\\Output\\ConsoleOutput))
#16 C:\\Users\\jerem\\workspaces\\php_web_scrapers\\laravel-goutte-example\\vendor\\laravel\\framework\\src\\Illuminate\\Console\\Application.php(90): Symfony\\Component\\Console\\Application->run(Object(Symfony\\Component\\Console\\Input\\ArgvInput), Object(Symfony\\Component\\Console\\Output\\ConsoleOutput))
#17 C:\\Users\\jerem\\workspaces\\php_web_scrapers\\laravel-goutte-example\\vendor\\laravel\\framework\\src\\Illuminate\\Foundation\\Console\\Kernel.php(133): Illuminate\\Console\\Application->run(Object(Symfony\\Component\\Console\\Input\\ArgvInput), Object(Symfony\\Component\\Console\\Output\\ConsoleOutput))
#18 C:\\Users\\jerem\\workspaces\\php_web_scrapers\\laravel-goutte-example\\artisan(37): Illuminate\\Foundation\\Console\\Kernel->handle(Object(Symfony\\Component\\Console\\Input\\ArgvInput), Object(Symfony\\Component\\Console\\Output\\ConsoleOutput))
#19 {main}
"} 
[2019-08-03 20:25:30] local.ERROR: Class 'CreateFrameTable' not found {"exception":"[object] (Symfony\\Component\\Debug\\Exception\\FatalThrowableError(code: 0): Class 'CreateFrameTable' not found at C:\\Users\\jerem\\workspaces\\php_web_scrapers\\laravel-examples\\vendor\\laravel\\framework\\src\\Illuminate\\Database\\Migrations\\Migrator.php:448)
[stacktrace]
#0 C:\\Users\\jerem\\workspaces\\php_web_scrapers\\laravel-examples\\vendor\\laravel\\framework\\src\\Illuminate\\Database\\Migrations\\Migrator.php(347): Illuminate\\Database\\Migrations\\Migrator->resolve('2019_08_03_2011...')
#1 C:\\Users\\jerem\\workspaces\\php_web_scrapers\\laravel-examples\\vendor\\laravel\\framework\\src\\Illuminate\\Database\\Migrations\\Migrator.php(279): Illuminate\\Database\\Migrations\\Migrator->runDown('C:\\\\Users\\\\jerem\\\\...', Object(stdClass), false)
#2 C:\\Users\\jerem\\workspaces\\php_web_scrapers\\laravel-examples\\vendor\\laravel\\framework\\src\\Illuminate\\Database\\Migrations\\Migrator.php(229): Illuminate\\Database\\Migrations\\Migrator->rollbackMigrations(Array, Array, Array)
#3 C:\\Users\\jerem\\workspaces\\php_web_scrapers\\laravel-examples\\vendor\\laravel\\framework\\src\\Illuminate\\Database\\Console\\Migrations\\RollbackCommand.php(63): Illuminate\\Database\\Migrations\\Migrator->rollback(Array, Array)
#4 [internal function]: Illuminate\\Database\\Console\\Migrations\\RollbackCommand->handle()
#5 C:\\Users\\jerem\\workspaces\\php_web_scrapers\\laravel-examples\\vendor\\laravel\\framework\\src\\Illuminate\\Container\\BoundMethod.php(32): call_user_func_array(Array, Array)
#6 C:\\Users\\jerem\\workspaces\\php_web_scrapers\\laravel-examples\\vendor\\laravel\\framework\\src\\Illuminate\\Container\\BoundMethod.php(90): Illuminate\\Container\\BoundMethod::Illuminate\\Container\\{closure}()
#7 C:\\Users\\jerem\\workspaces\\php_web_scrapers\\laravel-examples\\vendor\\laravel\\framework\\src\\Illuminate\\Container\\BoundMethod.php(34): Illuminate\\Container\\BoundMethod::callBoundMethod(Object(Illuminate\\Foundation\\Application), Array, Object(Closure))
#8 C:\\Users\\jerem\\workspaces\\php_web_scrapers\\laravel-examples\\vendor\\laravel\\framework\\src\\Illuminate\\Container\\Container.php(576): Illuminate\\Container\\BoundMethod::call(Object(Illuminate\\Foundation\\Application), Array, Array, NULL)
#9 C:\\Users\\jerem\\workspaces\\php_web_scrapers\\laravel-examples\\vendor\\laravel\\framework\\src\\Illuminate\\Console\\Command.php(183): Illuminate\\Container\\Container->call(Array)
#10 C:\\Users\\jerem\\workspaces\\php_web_scrapers\\laravel-examples\\vendor\\symfony\\console\\Command\\Command.php(255): Illuminate\\Console\\Command->execute(Object(Symfony\\Component\\Console\\Input\\ArgvInput), Object(Illuminate\\Console\\OutputStyle))
#11 C:\\Users\\jerem\\workspaces\\php_web_scrapers\\laravel-examples\\vendor\\laravel\\framework\\src\\Illuminate\\Console\\Command.php(170): Symfony\\Component\\Console\\Command\\Command->run(Object(Symfony\\Component\\Console\\Input\\ArgvInput), Object(Illuminate\\Console\\OutputStyle))
#12 C:\\Users\\jerem\\workspaces\\php_web_scrapers\\laravel-examples\\vendor\\symfony\\console\\Application.php(921): Illuminate\\Console\\Command->run(Object(Symfony\\Component\\Console\\Input\\ArgvInput), Object(Symfony\\Component\\Console\\Output\\ConsoleOutput))
#13 C:\\Users\\jerem\\workspaces\\php_web_scrapers\\laravel-examples\\vendor\\symfony\\console\\Application.php(273): Symfony\\Component\\Console\\Application->doRunCommand(Object(Illuminate\\Database\\Console\\Migrations\\RollbackCommand), Object(Symfony\\Component\\Console\\Input\\ArgvInput), Object(Symfony\\Component\\Console\\Output\\ConsoleOutput))
#14 C:\\Users\\jerem\\workspaces\\php_web_scrapers\\laravel-examples\\vendor\\symfony\\console\\Application.php(149): Symfony\\Component\\Console\\Application->doRun(Object(Symfony\\Component\\Console\\Input\\ArgvInput), Object(Symfony\\Component\\Console\\Output\\ConsoleOutput))
#15 C:\\Users\\jerem\\workspaces\\php_web_scrapers\\laravel-examples\\vendor\\laravel\\framework\\src\\Illuminate\\Console\\Application.php(90): Symfony\\Component\\Console\\Application->run(Object(Symfony\\Component\\Console\\Input\\ArgvInput), Object(Symfony\\Component\\Console\\Output\\ConsoleOutput))
#16 C:\\Users\\jerem\\workspaces\\php_web_scrapers\\laravel-examples\\vendor\\laravel\\framework\\src\\Illuminate\\Foundation\\Console\\Kernel.php(133): Illuminate\\Console\\Application->run(Object(Symfony\\Component\\Console\\Input\\ArgvInput), Object(Symfony\\Component\\Console\\Output\\ConsoleOutput))
#17 C:\\Users\\jerem\\workspaces\\php_web_scrapers\\laravel-examples\\artisan(37): Illuminate\\Foundation\\Console\\Kernel->handle(Object(Symfony\\Component\\Console\\Input\\ArgvInput), Object(Symfony\\Component\\Console\\Output\\ConsoleOutput))
#18 {main}
"} 
[2019-08-03 22:19:39] local.ERROR: Class 'App\Console\Commands\Glassesusa' not found {"exception":"[object] (Symfony\\Component\\Debug\\Exception\\FatalThrowableError(code: 0): Class 'App\\Console\\Commands\\Glassesusa' not found at C:\\Users\\jerem\\workspaces\\php_web_scrapers\\laravel-examples\\app\\Console\\Commands\\RunScraper.php:23)
[stacktrace]
#0 [internal function]: App\\Console\\Commands\\RunScraper->handle()
#1 C:\\Users\\jerem\\workspaces\\php_web_scrapers\\laravel-examples\\vendor\\laravel\\framework\\src\\Illuminate\\Container\\BoundMethod.php(32): call_user_func_array(Array, Array)
#2 C:\\Users\\jerem\\workspaces\\php_web_scrapers\\laravel-examples\\vendor\\laravel\\framework\\src\\Illuminate\\Container\\BoundMethod.php(90): Illuminate\\Container\\BoundMethod::Illuminate\\Container\\{closure}()
#3 C:\\Users\\jerem\\workspaces\\php_web_scrapers\\laravel-examples\\vendor\\laravel\\framework\\src\\Illuminate\\Container\\BoundMethod.php(34): Illuminate\\Container\\BoundMethod::callBoundMethod(Object(Illuminate\\Foundation\\Application), Array, Object(Closure))
#4 C:\\Users\\jerem\\workspaces\\php_web_scrapers\\laravel-examples\\vendor\\laravel\\framework\\src\\Illuminate\\Container\\Container.php(576): Illuminate\\Container\\BoundMethod::call(Object(Illuminate\\Foundation\\Application), Array, Array, NULL)
#5 C:\\Users\\jerem\\workspaces\\php_web_scrapers\\laravel-examples\\vendor\\laravel\\framework\\src\\Illuminate\\Console\\Command.php(183): Illuminate\\Container\\Container->call(Array)
#6 C:\\Users\\jerem\\workspaces\\php_web_scrapers\\laravel-examples\\vendor\\symfony\\console\\Command\\Command.php(255): Illuminate\\Console\\Command->execute(Object(Symfony\\Component\\Console\\Input\\ArgvInput), Object(Illuminate\\Console\\OutputStyle))
#7 C:\\Users\\jerem\\workspaces\\php_web_scrapers\\laravel-examples\\vendor\\laravel\\framework\\src\\Illuminate\\Console\\Command.php(170): Symfony\\Component\\Console\\Command\\Command->run(Object(Symfony\\Component\\Console\\Input\\ArgvInput), Object(Illuminate\\Console\\OutputStyle))
#8 C:\\Users\\jerem\\workspaces\\php_web_scrapers\\laravel-examples\\vendor\\symfony\\console\\Application.php(921): Illuminate\\Console\\Command->run(Object(Symfony\\Component\\Console\\Input\\ArgvInput), Object(Symfony\\Component\\Console\\Output\\ConsoleOutput))
#9 C:\\Users\\jerem\\workspaces\\php_web_scrapers\\laravel-examples\\vendor\\symfony\\console\\Application.php(273): Symfony\\Component\\Console\\Application->doRunCommand(Object(App\\Console\\Commands\\RunScraper), Object(Symfony\\Component\\Console\\Input\\ArgvInput), Object(Symfony\\Component\\Console\\Output\\ConsoleOutput))
#10 C:\\Users\\jerem\\workspaces\\php_web_scrapers\\laravel-examples\\vendor\\symfony\\console\\Application.php(149): Symfony\\Component\\Console\\Application->doRun(Object(Symfony\\Component\\Console\\Input\\ArgvInput), Object(Symfony\\Component\\Console\\Output\\ConsoleOutput))
#11 C:\\Users\\jerem\\workspaces\\php_web_scrapers\\laravel-examples\\vendor\\laravel\\framework\\src\\Illuminate\\Console\\Application.php(90): Symfony\\Component\\Console\\Application->run(Object(Symfony\\Component\\Console\\Input\\ArgvInput), Object(Symfony\\Component\\Console\\Output\\ConsoleOutput))
#12 C:\\Users\\jerem\\workspaces\\php_web_scrapers\\laravel-examples\\vendor\\laravel\\framework\\src\\Illuminate\\Foundation\\Console\\Kernel.php(133): Illuminate\\Console\\Application->run(Object(Symfony\\Component\\Console\\Input\\ArgvInput), Object(Symfony\\Component\\Console\\Output\\ConsoleOutput))
#13 C:\\Users\\jerem\\workspaces\\php_web_scrapers\\laravel-examples\\artisan(37): Illuminate\\Foundation\\Console\\Kernel->handle(Object(Symfony\\Component\\Console\\Input\\ArgvInput), Object(Symfony\\Component\\Console\\Output\\ConsoleOutput))
#14 {main}
"} 
[2019-08-03 22:19:56] local.ERROR: Call to undefined method App\Scrapers\Glassesusa::startChromeDriver() {"exception":"[object] (Symfony\\Component\\Debug\\Exception\\FatalThrowableError(code: 0): Call to undefined method App\\Scrapers\\Glassesusa::startChromeDriver() at C:\\Users\\jerem\\workspaces\\php_web_scrapers\\laravel-examples\\app\\Scrapers\\Scraper.php:40)
[stacktrace]
#0 C:\\Users\\jerem\\workspaces\\php_web_scrapers\\laravel-examples\\app\\Console\\Commands\\RunScraper.php(24): App\\Scrapers\\Scraper->__construct()
#1 [internal function]: App\\Console\\Commands\\RunScraper->handle()
#2 C:\\Users\\jerem\\workspaces\\php_web_scrapers\\laravel-examples\\vendor\\laravel\\framework\\src\\Illuminate\\Container\\BoundMethod.php(32): call_user_func_array(Array, Array)
#3 C:\\Users\\jerem\\workspaces\\php_web_scrapers\\laravel-examples\\vendor\\laravel\\framework\\src\\Illuminate\\Container\\BoundMethod.php(90): Illuminate\\Container\\BoundMethod::Illuminate\\Container\\{closure}()
#4 C:\\Users\\jerem\\workspaces\\php_web_scrapers\\laravel-examples\\vendor\\laravel\\framework\\src\\Illuminate\\Container\\BoundMethod.php(34): Illuminate\\Container\\BoundMethod::callBoundMethod(Object(Illuminate\\Foundation\\Application), Array, Object(Closure))
#5 C:\\Users\\jerem\\workspaces\\php_web_scrapers\\laravel-examples\\vendor\\laravel\\framework\\src\\Illuminate\\Container\\Container.php(576): Illuminate\\Container\\BoundMethod::call(Object(Illuminate\\Foundation\\Application), Array, Array, NULL)
#6 C:\\Users\\jerem\\workspaces\\php_web_scrapers\\laravel-examples\\vendor\\laravel\\framework\\src\\Illuminate\\Console\\Command.php(183): Illuminate\\Container\\Container->call(Array)
#7 C:\\Users\\jerem\\workspaces\\php_web_scrapers\\laravel-examples\\vendor\\symfony\\console\\Command\\Command.php(255): Illuminate\\Console\\Command->execute(Object(Symfony\\Component\\Console\\Input\\ArgvInput), Object(Illuminate\\Console\\OutputStyle))
#8 C:\\Users\\jerem\\workspaces\\php_web_scrapers\\laravel-examples\\vendor\\laravel\\framework\\src\\Illuminate\\Console\\Command.php(170): Symfony\\Component\\Console\\Command\\Command->run(Object(Symfony\\Component\\Console\\Input\\ArgvInput), Object(Illuminate\\Console\\OutputStyle))
#9 C:\\Users\\jerem\\workspaces\\php_web_scrapers\\laravel-examples\\vendor\\symfony\\console\\Application.php(921): Illuminate\\Console\\Command->run(Object(Symfony\\Component\\Console\\Input\\ArgvInput), Object(Symfony\\Component\\Console\\Output\\ConsoleOutput))
#10 C:\\Users\\jerem\\workspaces\\php_web_scrapers\\laravel-examples\\vendor\\symfony\\console\\Application.php(273): Symfony\\Component\\Console\\Application->doRunCommand(Object(App\\Console\\Commands\\RunScraper), Object(Symfony\\Component\\Console\\Input\\ArgvInput), Object(Symfony\\Component\\Console\\Output\\ConsoleOutput))
#11 C:\\Users\\jerem\\workspaces\\php_web_scrapers\\laravel-examples\\vendor\\symfony\\console\\Application.php(149): Symfony\\Component\\Console\\Application->doRun(Object(Symfony\\Component\\Console\\Input\\ArgvInput), Object(Symfony\\Component\\Console\\Output\\ConsoleOutput))
#12 C:\\Users\\jerem\\workspaces\\php_web_scrapers\\laravel-examples\\vendor\\laravel\\framework\\src\\Illuminate\\Console\\Application.php(90): Symfony\\Component\\Console\\Application->run(Object(Symfony\\Component\\Console\\Input\\ArgvInput), Object(Symfony\\Component\\Console\\Output\\ConsoleOutput))
#13 C:\\Users\\jerem\\workspaces\\php_web_scrapers\\laravel-examples\\vendor\\laravel\\framework\\src\\Illuminate\\Foundation\\Console\\Kernel.php(133): Illuminate\\Console\\Application->run(Object(Symfony\\Component\\Console\\Input\\ArgvInput), Object(Symfony\\Component\\Console\\Output\\ConsoleOutput))
#14 C:\\Users\\jerem\\workspaces\\php_web_scrapers\\laravel-examples\\artisan(37): Illuminate\\Foundation\\Console\\Kernel->handle(Object(Symfony\\Component\\Console\\Input\\ArgvInput), Object(Symfony\\Component\\Console\\Output\\ConsoleOutput))
#15 {main}
"} 
[2019-08-03 22:22:10] local.ERROR: Call to undefined method App\Scrapers\Glassesusa::startChromeDriver() {"exception":"[object] (Symfony\\Component\\Debug\\Exception\\FatalThrowableError(code: 0): Call to undefined method App\\Scrapers\\Glassesusa::startChromeDriver() at C:\\Users\\jerem\\workspaces\\php_web_scrapers\\laravel-examples\\app\\Scrapers\\Scraper.php:41)
[stacktrace]
#0 C:\\Users\\jerem\\workspaces\\php_web_scrapers\\laravel-examples\\app\\Console\\Commands\\RunScraper.php(24): App\\Scrapers\\Scraper->__construct()
#1 [internal function]: App\\Console\\Commands\\RunScraper->handle()
#2 C:\\Users\\jerem\\workspaces\\php_web_scrapers\\laravel-examples\\vendor\\laravel\\framework\\src\\Illuminate\\Container\\BoundMethod.php(32): call_user_func_array(Array, Array)
#3 C:\\Users\\jerem\\workspaces\\php_web_scrapers\\laravel-examples\\vendor\\laravel\\framework\\src\\Illuminate\\Container\\BoundMethod.php(90): Illuminate\\Container\\BoundMethod::Illuminate\\Container\\{closure}()
#4 C:\\Users\\jerem\\workspaces\\php_web_scrapers\\laravel-examples\\vendor\\laravel\\framework\\src\\Illuminate\\Container\\BoundMethod.php(34): Illuminate\\Container\\BoundMethod::callBoundMethod(Object(Illuminate\\Foundation\\Application), Array, Object(Closure))
#5 C:\\Users\\jerem\\workspaces\\php_web_scrapers\\laravel-examples\\vendor\\laravel\\framework\\src\\Illuminate\\Container\\Container.php(576): Illuminate\\Container\\BoundMethod::call(Object(Illuminate\\Foundation\\Application), Array, Array, NULL)
#6 C:\\Users\\jerem\\workspaces\\php_web_scrapers\\laravel-examples\\vendor\\laravel\\framework\\src\\Illuminate\\Console\\Command.php(183): Illuminate\\Container\\Container->call(Array)
#7 C:\\Users\\jerem\\workspaces\\php_web_scrapers\\laravel-examples\\vendor\\symfony\\console\\Command\\Command.php(255): Illuminate\\Console\\Command->execute(Object(Symfony\\Component\\Console\\Input\\ArgvInput), Object(Illuminate\\Console\\OutputStyle))
#8 C:\\Users\\jerem\\workspaces\\php_web_scrapers\\laravel-examples\\vendor\\laravel\\framework\\src\\Illuminate\\Console\\Command.php(170): Symfony\\Component\\Console\\Command\\Command->run(Object(Symfony\\Component\\Console\\Input\\ArgvInput), Object(Illuminate\\Console\\OutputStyle))
#9 C:\\Users\\jerem\\workspaces\\php_web_scrapers\\laravel-examples\\vendor\\symfony\\console\\Application.php(921): Illuminate\\Console\\Command->run(Object(Symfony\\Component\\Console\\Input\\ArgvInput), Object(Symfony\\Component\\Console\\Output\\ConsoleOutput))
#10 C:\\Users\\jerem\\workspaces\\php_web_scrapers\\laravel-examples\\vendor\\symfony\\console\\Application.php(273): Symfony\\Component\\Console\\Application->doRunCommand(Object(App\\Console\\Commands\\RunScraper), Object(Symfony\\Component\\Console\\Input\\ArgvInput), Object(Symfony\\Component\\Console\\Output\\ConsoleOutput))
#11 C:\\Users\\jerem\\workspaces\\php_web_scrapers\\laravel-examples\\vendor\\symfony\\console\\Application.php(149): Symfony\\Component\\Console\\Application->doRun(Object(Symfony\\Component\\Console\\Input\\ArgvInput), Object(Symfony\\Component\\Console\\Output\\ConsoleOutput))
#12 C:\\Users\\jerem\\workspaces\\php_web_scrapers\\laravel-examples\\vendor\\laravel\\framework\\src\\Illuminate\\Console\\Application.php(90): Symfony\\Component\\Console\\Application->run(Object(Symfony\\Component\\Console\\Input\\ArgvInput), Object(Symfony\\Component\\Console\\Output\\ConsoleOutput))
#13 C:\\Users\\jerem\\workspaces\\php_web_scrapers\\laravel-examples\\vendor\\laravel\\framework\\src\\Illuminate\\Foundation\\Console\\Kernel.php(133): Illuminate\\Console\\Application->run(Object(Symfony\\Component\\Console\\Input\\ArgvInput), Object(Symfony\\Component\\Console\\Output\\ConsoleOutput))
#14 C:\\Users\\jerem\\workspaces\\php_web_scrapers\\laravel-examples\\artisan(37): Illuminate\\Foundation\\Console\\Kernel->handle(Object(Symfony\\Component\\Console\\Input\\ArgvInput), Object(Symfony\\Component\\Console\\Output\\ConsoleOutput))
#15 {main}
"} 
[2019-08-03 22:22:39] local.ERROR: Call to undefined method App\Scrapers\Glassesusa::startChromeDriver() {"exception":"[object] (Symfony\\Component\\Debug\\Exception\\FatalThrowableError(code: 0): Call to undefined method App\\Scrapers\\Glassesusa::startChromeDriver() at C:\\Users\\jerem\\workspaces\\php_web_scrapers\\laravel-examples\\app\\Scrapers\\Scraper.php:41)
[stacktrace]
#0 C:\\Users\\jerem\\workspaces\\php_web_scrapers\\laravel-examples\\app\\Console\\Commands\\RunScraper.php(24): App\\Scrapers\\Scraper->__construct()
#1 [internal function]: App\\Console\\Commands\\RunScraper->handle()
#2 C:\\Users\\jerem\\workspaces\\php_web_scrapers\\laravel-examples\\vendor\\laravel\\framework\\src\\Illuminate\\Container\\BoundMethod.php(32): call_user_func_array(Array, Array)
#3 C:\\Users\\jerem\\workspaces\\php_web_scrapers\\laravel-examples\\vendor\\laravel\\framework\\src\\Illuminate\\Container\\BoundMethod.php(90): Illuminate\\Container\\BoundMethod::Illuminate\\Container\\{closure}()
#4 C:\\Users\\jerem\\workspaces\\php_web_scrapers\\laravel-examples\\vendor\\laravel\\framework\\src\\Illuminate\\Container\\BoundMethod.php(34): Illuminate\\Container\\BoundMethod::callBoundMethod(Object(Illuminate\\Foundation\\Application), Array, Object(Closure))
#5 C:\\Users\\jerem\\workspaces\\php_web_scrapers\\laravel-examples\\vendor\\laravel\\framework\\src\\Illuminate\\Container\\Container.php(576): Illuminate\\Container\\BoundMethod::call(Object(Illuminate\\Foundation\\Application), Array, Array, NULL)
#6 C:\\Users\\jerem\\workspaces\\php_web_scrapers\\laravel-examples\\vendor\\laravel\\framework\\src\\Illuminate\\Console\\Command.php(183): Illuminate\\Container\\Container->call(Array)
#7 C:\\Users\\jerem\\workspaces\\php_web_scrapers\\laravel-examples\\vendor\\symfony\\console\\Command\\Command.php(255): Illuminate\\Console\\Command->execute(Object(Symfony\\Component\\Console\\Input\\ArgvInput), Object(Illuminate\\Console\\OutputStyle))
#8 C:\\Users\\jerem\\workspaces\\php_web_scrapers\\laravel-examples\\vendor\\laravel\\framework\\src\\Illuminate\\Console\\Command.php(170): Symfony\\Component\\Console\\Command\\Command->run(Object(Symfony\\Component\\Console\\Input\\ArgvInput), Object(Illuminate\\Console\\OutputStyle))
#9 C:\\Users\\jerem\\workspaces\\php_web_scrapers\\laravel-examples\\vendor\\symfony\\console\\Application.php(921): Illuminate\\Console\\Command->run(Object(Symfony\\Component\\Console\\Input\\ArgvInput), Object(Symfony\\Component\\Console\\Output\\ConsoleOutput))
#10 C:\\Users\\jerem\\workspaces\\php_web_scrapers\\laravel-examples\\vendor\\symfony\\console\\Application.php(273): Symfony\\Component\\Console\\Application->doRunCommand(Object(App\\Console\\Commands\\RunScraper), Object(Symfony\\Component\\Console\\Input\\ArgvInput), Object(Symfony\\Component\\Console\\Output\\ConsoleOutput))
#11 C:\\Users\\jerem\\workspaces\\php_web_scrapers\\laravel-examples\\vendor\\symfony\\console\\Application.php(149): Symfony\\Component\\Console\\Application->doRun(Object(Symfony\\Component\\Console\\Input\\ArgvInput), Object(Symfony\\Component\\Console\\Output\\ConsoleOutput))
#12 C:\\Users\\jerem\\workspaces\\php_web_scrapers\\laravel-examples\\vendor\\laravel\\framework\\src\\Illuminate\\Console\\Application.php(90): Symfony\\Component\\Console\\Application->run(Object(Symfony\\Component\\Console\\Input\\ArgvInput), Object(Symfony\\Component\\Console\\Output\\ConsoleOutput))
#13 C:\\Users\\jerem\\workspaces\\php_web_scrapers\\laravel-examples\\vendor\\laravel\\framework\\src\\Illuminate\\Foundation\\Console\\Kernel.php(133): Illuminate\\Console\\Application->run(Object(Symfony\\Component\\Console\\Input\\ArgvInput), Object(Symfony\\Component\\Console\\Output\\ConsoleOutput))
#14 C:\\Users\\jerem\\workspaces\\php_web_scrapers\\laravel-examples\\artisan(37): Illuminate\\Foundation\\Console\\Kernel->handle(Object(Symfony\\Component\\Console\\Input\\ArgvInput), Object(Symfony\\Component\\Console\\Output\\ConsoleOutput))
#15 {main}
"} 
[2019-08-03 22:25:34] local.ERROR: Call to undefined method App\Scrapers\Glassesusa::browse() {"exception":"[object] (Symfony\\Component\\Debug\\Exception\\FatalThrowableError(code: 0): Call to undefined method App\\Scrapers\\Glassesusa::browse() at C:\\Users\\jerem\\workspaces\\php_web_scrapers\\laravel-examples\\app\\Scrapers\\Glassesusa.php:76)
[stacktrace]
#0 C:\\Users\\jerem\\workspaces\\php_web_scrapers\\laravel-examples\\app\\Scrapers\\Glassesusa.php(49): App\\Scrapers\\Glassesusa->getFrames()
#1 C:\\Users\\jerem\\workspaces\\php_web_scrapers\\laravel-examples\\app\\Console\\Commands\\RunScraper.php(31): App\\Scrapers\\Glassesusa->run()
#2 [internal function]: App\\Console\\Commands\\RunScraper->handle()
#3 C:\\Users\\jerem\\workspaces\\php_web_scrapers\\laravel-examples\\vendor\\laravel\\framework\\src\\Illuminate\\Container\\BoundMethod.php(32): call_user_func_array(Array, Array)
#4 C:\\Users\\jerem\\workspaces\\php_web_scrapers\\laravel-examples\\vendor\\laravel\\framework\\src\\Illuminate\\Container\\BoundMethod.php(90): Illuminate\\Container\\BoundMethod::Illuminate\\Container\\{closure}()
#5 C:\\Users\\jerem\\workspaces\\php_web_scrapers\\laravel-examples\\vendor\\laravel\\framework\\src\\Illuminate\\Container\\BoundMethod.php(34): Illuminate\\Container\\BoundMethod::callBoundMethod(Object(Illuminate\\Foundation\\Application), Array, Object(Closure))
#6 C:\\Users\\jerem\\workspaces\\php_web_scrapers\\laravel-examples\\vendor\\laravel\\framework\\src\\Illuminate\\Container\\Container.php(576): Illuminate\\Container\\BoundMethod::call(Object(Illuminate\\Foundation\\Application), Array, Array, NULL)
#7 C:\\Users\\jerem\\workspaces\\php_web_scrapers\\laravel-examples\\vendor\\laravel\\framework\\src\\Illuminate\\Console\\Command.php(183): Illuminate\\Container\\Container->call(Array)
#8 C:\\Users\\jerem\\workspaces\\php_web_scrapers\\laravel-examples\\vendor\\symfony\\console\\Command\\Command.php(255): Illuminate\\Console\\Command->execute(Object(Symfony\\Component\\Console\\Input\\ArgvInput), Object(Illuminate\\Console\\OutputStyle))
#9 C:\\Users\\jerem\\workspaces\\php_web_scrapers\\laravel-examples\\vendor\\laravel\\framework\\src\\Illuminate\\Console\\Command.php(170): Symfony\\Component\\Console\\Command\\Command->run(Object(Symfony\\Component\\Console\\Input\\ArgvInput), Object(Illuminate\\Console\\OutputStyle))
#10 C:\\Users\\jerem\\workspaces\\php_web_scrapers\\laravel-examples\\vendor\\symfony\\console\\Application.php(921): Illuminate\\Console\\Command->run(Object(Symfony\\Component\\Console\\Input\\ArgvInput), Object(Symfony\\Component\\Console\\Output\\ConsoleOutput))
#11 C:\\Users\\jerem\\workspaces\\php_web_scrapers\\laravel-examples\\vendor\\symfony\\console\\Application.php(273): Symfony\\Component\\Console\\Application->doRunCommand(Object(App\\Console\\Commands\\RunScraper), Object(Symfony\\Component\\Console\\Input\\ArgvInput), Object(Symfony\\Component\\Console\\Output\\ConsoleOutput))
#12 C:\\Users\\jerem\\workspaces\\php_web_scrapers\\laravel-examples\\vendor\\symfony\\console\\Application.php(149): Symfony\\Component\\Console\\Application->doRun(Object(Symfony\\Component\\Console\\Input\\ArgvInput), Object(Symfony\\Component\\Console\\Output\\ConsoleOutput))
#13 C:\\Users\\jerem\\workspaces\\php_web_scrapers\\laravel-examples\\vendor\\laravel\\framework\\src\\Illuminate\\Console\\Application.php(90): Symfony\\Component\\Console\\Application->run(Object(Symfony\\Component\\Console\\Input\\ArgvInput), Object(Symfony\\Component\\Console\\Output\\ConsoleOutput))
#14 C:\\Users\\jerem\\workspaces\\php_web_scrapers\\laravel-examples\\vendor\\laravel\\framework\\src\\Illuminate\\Foundation\\Console\\Kernel.php(133): Illuminate\\Console\\Application->run(Object(Symfony\\Component\\Console\\Input\\ArgvInput), Object(Symfony\\Component\\Console\\Output\\ConsoleOutput))
#15 C:\\Users\\jerem\\workspaces\\php_web_scrapers\\laravel-examples\\artisan(37): Illuminate\\Foundation\\Console\\Kernel->handle(Object(Symfony\\Component\\Console\\Input\\ArgvInput), Object(Symfony\\Component\\Console\\Output\\ConsoleOutput))
#16 {main}
"} 
[2019-08-03 22:33:41] local.ERROR: Call to undefined function App\Scrapers\DuskTestCase() {"exception":"[object] (Symfony\\Component\\Debug\\Exception\\FatalThrowableError(code: 0): Call to undefined function App\\Scrapers\\DuskTestCase() at C:\\Users\\jerem\\workspaces\\php_web_scrapers\\laravel-examples\\app\\Scrapers\\Glassesusa.php:45)
[stacktrace]
#0 C:\\Users\\jerem\\workspaces\\php_web_scrapers\\laravel-examples\\app\\Console\\Commands\\RunScraper.php(31): App\\Scrapers\\Glassesusa->run()
#1 [internal function]: App\\Console\\Commands\\RunScraper->handle()
#2 C:\\Users\\jerem\\workspaces\\php_web_scrapers\\laravel-examples\\vendor\\laravel\\framework\\src\\Illuminate\\Container\\BoundMethod.php(32): call_user_func_array(Array, Array)
#3 C:\\Users\\jerem\\workspaces\\php_web_scrapers\\laravel-examples\\vendor\\laravel\\framework\\src\\Illuminate\\Container\\BoundMethod.php(90): Illuminate\\Container\\BoundMethod::Illuminate\\Container\\{closure}()
#4 C:\\Users\\jerem\\workspaces\\php_web_scrapers\\laravel-examples\\vendor\\laravel\\framework\\src\\Illuminate\\Container\\BoundMethod.php(34): Illuminate\\Container\\BoundMethod::callBoundMethod(Object(Illuminate\\Foundation\\Application), Array, Object(Closure))
#5 C:\\Users\\jerem\\workspaces\\php_web_scrapers\\laravel-examples\\vendor\\laravel\\framework\\src\\Illuminate\\Container\\Container.php(576): Illuminate\\Container\\BoundMethod::call(Object(Illuminate\\Foundation\\Application), Array, Array, NULL)
#6 C:\\Users\\jerem\\workspaces\\php_web_scrapers\\laravel-examples\\vendor\\laravel\\framework\\src\\Illuminate\\Console\\Command.php(183): Illuminate\\Container\\Container->call(Array)
#7 C:\\Users\\jerem\\workspaces\\php_web_scrapers\\laravel-examples\\vendor\\symfony\\console\\Command\\Command.php(255): Illuminate\\Console\\Command->execute(Object(Symfony\\Component\\Console\\Input\\ArgvInput), Object(Illuminate\\Console\\OutputStyle))
#8 C:\\Users\\jerem\\workspaces\\php_web_scrapers\\laravel-examples\\vendor\\laravel\\framework\\src\\Illuminate\\Console\\Command.php(170): Symfony\\Component\\Console\\Command\\Command->run(Object(Symfony\\Component\\Console\\Input\\ArgvInput), Object(Illuminate\\Console\\OutputStyle))
#9 C:\\Users\\jerem\\workspaces\\php_web_scrapers\\laravel-examples\\vendor\\symfony\\console\\Application.php(921): Illuminate\\Console\\Command->run(Object(Symfony\\Component\\Console\\Input\\ArgvInput), Object(Symfony\\Component\\Console\\Output\\ConsoleOutput))
#10 C:\\Users\\jerem\\workspaces\\php_web_scrapers\\laravel-examples\\vendor\\symfony\\console\\Application.php(273): Symfony\\Component\\Console\\Application->doRunCommand(Object(App\\Console\\Commands\\RunScraper), Object(Symfony\\Component\\Console\\Input\\ArgvInput), Object(Symfony\\Component\\Console\\Output\\ConsoleOutput))
#11 C:\\Users\\jerem\\workspaces\\php_web_scrapers\\laravel-examples\\vendor\\symfony\\console\\Application.php(149): Symfony\\Component\\Console\\Application->doRun(Object(Symfony\\Component\\Console\\Input\\ArgvInput), Object(Symfony\\Component\\Console\\Output\\ConsoleOutput))
#12 C:\\Users\\jerem\\workspaces\\php_web_scrapers\\laravel-examples\\vendor\\laravel\\framework\\src\\Illuminate\\Console\\Application.php(90): Symfony\\Component\\Console\\Application->run(Object(Symfony\\Component\\Console\\Input\\ArgvInput), Object(Symfony\\Component\\Console\\Output\\ConsoleOutput))
#13 C:\\Users\\jerem\\workspaces\\php_web_scrapers\\laravel-examples\\vendor\\laravel\\framework\\src\\Illuminate\\Foundation\\Console\\Kernel.php(133): Illuminate\\Console\\Application->run(Object(Symfony\\Component\\Console\\Input\\ArgvInput), Object(Symfony\\Component\\Console\\Output\\ConsoleOutput))
#14 C:\\Users\\jerem\\workspaces\\php_web_scrapers\\laravel-examples\\artisan(37): Illuminate\\Foundation\\Console\\Kernel->handle(Object(Symfony\\Component\\Console\\Input\\ArgvInput), Object(Symfony\\Component\\Console\\Output\\ConsoleOutput))
#15 {main}
"} 
[2019-08-03 22:33:53] local.ERROR: syntax error, unexpected '->' (T_OBJECT_OPERATOR) {"exception":"[object] (Symfony\\Component\\Debug\\Exception\\FatalThrowableError(code: 0): syntax error, unexpected '->' (T_OBJECT_OPERATOR) at C:\\Users\\jerem\\workspaces\\php_web_scrapers\\laravel-examples\\app\\Scrapers\\Glassesusa.php:45)
[stacktrace]
#0 C:\\Users\\jerem\\workspaces\\php_web_scrapers\\laravel-examples\\vendor\\composer\\ClassLoader.php(322): Composer\\Autoload\\includeFile('C:\\\\Users\\\\jerem\\\\...')
#1 [internal function]: Composer\\Autoload\\ClassLoader->loadClass('App\\\\Scrapers\\\\Gl...')
#2 C:\\Users\\jerem\\workspaces\\php_web_scrapers\\laravel-examples\\app\\Console\\Commands\\RunScraper.php(24): spl_autoload_call('App\\\\Scrapers\\\\Gl...')
#3 [internal function]: App\\Console\\Commands\\RunScraper->handle()
#4 C:\\Users\\jerem\\workspaces\\php_web_scrapers\\laravel-examples\\vendor\\laravel\\framework\\src\\Illuminate\\Container\\BoundMethod.php(32): call_user_func_array(Array, Array)
#5 C:\\Users\\jerem\\workspaces\\php_web_scrapers\\laravel-examples\\vendor\\laravel\\framework\\src\\Illuminate\\Container\\BoundMethod.php(90): Illuminate\\Container\\BoundMethod::Illuminate\\Container\\{closure}()
#6 C:\\Users\\jerem\\workspaces\\php_web_scrapers\\laravel-examples\\vendor\\laravel\\framework\\src\\Illuminate\\Container\\BoundMethod.php(34): Illuminate\\Container\\BoundMethod::callBoundMethod(Object(Illuminate\\Foundation\\Application), Array, Object(Closure))
#7 C:\\Users\\jerem\\workspaces\\php_web_scrapers\\laravel-examples\\vendor\\laravel\\framework\\src\\Illuminate\\Container\\Container.php(576): Illuminate\\Container\\BoundMethod::call(Object(Illuminate\\Foundation\\Application), Array, Array, NULL)
#8 C:\\Users\\jerem\\workspaces\\php_web_scrapers\\laravel-examples\\vendor\\laravel\\framework\\src\\Illuminate\\Console\\Command.php(183): Illuminate\\Container\\Container->call(Array)
#9 C:\\Users\\jerem\\workspaces\\php_web_scrapers\\laravel-examples\\vendor\\symfony\\console\\Command\\Command.php(255): Illuminate\\Console\\Command->execute(Object(Symfony\\Component\\Console\\Input\\ArgvInput), Object(Illuminate\\Console\\OutputStyle))
#10 C:\\Users\\jerem\\workspaces\\php_web_scrapers\\laravel-examples\\vendor\\laravel\\framework\\src\\Illuminate\\Console\\Command.php(170): Symfony\\Component\\Console\\Command\\Command->run(Object(Symfony\\Component\\Console\\Input\\ArgvInput), Object(Illuminate\\Console\\OutputStyle))
#11 C:\\Users\\jerem\\workspaces\\php_web_scrapers\\laravel-examples\\vendor\\symfony\\console\\Application.php(921): Illuminate\\Console\\Command->run(Object(Symfony\\Component\\Console\\Input\\ArgvInput), Object(Symfony\\Component\\Console\\Output\\ConsoleOutput))
#12 C:\\Users\\jerem\\workspaces\\php_web_scrapers\\laravel-examples\\vendor\\symfony\\console\\Application.php(273): Symfony\\Component\\Console\\Application->doRunCommand(Object(App\\Console\\Commands\\RunScraper), Object(Symfony\\Component\\Console\\Input\\ArgvInput), Object(Symfony\\Component\\Console\\Output\\ConsoleOutput))
#13 C:\\Users\\jerem\\workspaces\\php_web_scrapers\\laravel-examples\\vendor\\symfony\\console\\Application.php(149): Symfony\\Component\\Console\\Application->doRun(Object(Symfony\\Component\\Console\\Input\\ArgvInput), Object(Symfony\\Component\\Console\\Output\\ConsoleOutput))
#14 C:\\Users\\jerem\\workspaces\\php_web_scrapers\\laravel-examples\\vendor\\laravel\\framework\\src\\Illuminate\\Console\\Application.php(90): Symfony\\Component\\Console\\Application->run(Object(Symfony\\Component\\Console\\Input\\ArgvInput), Object(Symfony\\Component\\Console\\Output\\ConsoleOutput))
#15 C:\\Users\\jerem\\workspaces\\php_web_scrapers\\laravel-examples\\vendor\\laravel\\framework\\src\\Illuminate\\Foundation\\Console\\Kernel.php(133): Illuminate\\Console\\Application->run(Object(Symfony\\Component\\Console\\Input\\ArgvInput), Object(Symfony\\Component\\Console\\Output\\ConsoleOutput))
#16 C:\\Users\\jerem\\workspaces\\php_web_scrapers\\laravel-examples\\artisan(37): Illuminate\\Foundation\\Console\\Kernel->handle(Object(Symfony\\Component\\Console\\Input\\ArgvInput), Object(Symfony\\Component\\Console\\Output\\ConsoleOutput))
#17 {main}
"} 
[2019-08-03 22:34:09] local.ERROR: syntax error, unexpected '->' (T_OBJECT_OPERATOR) {"exception":"[object] (Symfony\\Component\\Debug\\Exception\\FatalThrowableError(code: 0): syntax error, unexpected '->' (T_OBJECT_OPERATOR) at C:\\Users\\jerem\\workspaces\\php_web_scrapers\\laravel-examples\\app\\Scrapers\\Glassesusa.php:45)
[stacktrace]
#0 C:\\Users\\jerem\\workspaces\\php_web_scrapers\\laravel-examples\\vendor\\composer\\ClassLoader.php(322): Composer\\Autoload\\includeFile('C:\\\\Users\\\\jerem\\\\...')
#1 [internal function]: Composer\\Autoload\\ClassLoader->loadClass('App\\\\Scrapers\\\\Gl...')
#2 C:\\Users\\jerem\\workspaces\\php_web_scrapers\\laravel-examples\\app\\Console\\Commands\\RunScraper.php(24): spl_autoload_call('App\\\\Scrapers\\\\Gl...')
#3 [internal function]: App\\Console\\Commands\\RunScraper->handle()
#4 C:\\Users\\jerem\\workspaces\\php_web_scrapers\\laravel-examples\\vendor\\laravel\\framework\\src\\Illuminate\\Container\\BoundMethod.php(32): call_user_func_array(Array, Array)
#5 C:\\Users\\jerem\\workspaces\\php_web_scrapers\\laravel-examples\\vendor\\laravel\\framework\\src\\Illuminate\\Container\\BoundMethod.php(90): Illuminate\\Container\\BoundMethod::Illuminate\\Container\\{closure}()
#6 C:\\Users\\jerem\\workspaces\\php_web_scrapers\\laravel-examples\\vendor\\laravel\\framework\\src\\Illuminate\\Container\\BoundMethod.php(34): Illuminate\\Container\\BoundMethod::callBoundMethod(Object(Illuminate\\Foundation\\Application), Array, Object(Closure))
#7 C:\\Users\\jerem\\workspaces\\php_web_scrapers\\laravel-examples\\vendor\\laravel\\framework\\src\\Illuminate\\Container\\Container.php(576): Illuminate\\Container\\BoundMethod::call(Object(Illuminate\\Foundation\\Application), Array, Array, NULL)
#8 C:\\Users\\jerem\\workspaces\\php_web_scrapers\\laravel-examples\\vendor\\laravel\\framework\\src\\Illuminate\\Console\\Command.php(183): Illuminate\\Container\\Container->call(Array)
#9 C:\\Users\\jerem\\workspaces\\php_web_scrapers\\laravel-examples\\vendor\\symfony\\console\\Command\\Command.php(255): Illuminate\\Console\\Command->execute(Object(Symfony\\Component\\Console\\Input\\ArgvInput), Object(Illuminate\\Console\\OutputStyle))
#10 C:\\Users\\jerem\\workspaces\\php_web_scrapers\\laravel-examples\\vendor\\laravel\\framework\\src\\Illuminate\\Console\\Command.php(170): Symfony\\Component\\Console\\Command\\Command->run(Object(Symfony\\Component\\Console\\Input\\ArgvInput), Object(Illuminate\\Console\\OutputStyle))
#11 C:\\Users\\jerem\\workspaces\\php_web_scrapers\\laravel-examples\\vendor\\symfony\\console\\Application.php(921): Illuminate\\Console\\Command->run(Object(Symfony\\Component\\Console\\Input\\ArgvInput), Object(Symfony\\Component\\Console\\Output\\ConsoleOutput))
#12 C:\\Users\\jerem\\workspaces\\php_web_scrapers\\laravel-examples\\vendor\\symfony\\console\\Application.php(273): Symfony\\Component\\Console\\Application->doRunCommand(Object(App\\Console\\Commands\\RunScraper), Object(Symfony\\Component\\Console\\Input\\ArgvInput), Object(Symfony\\Component\\Console\\Output\\ConsoleOutput))
#13 C:\\Users\\jerem\\workspaces\\php_web_scrapers\\laravel-examples\\vendor\\symfony\\console\\Application.php(149): Symfony\\Component\\Console\\Application->doRun(Object(Symfony\\Component\\Console\\Input\\ArgvInput), Object(Symfony\\Component\\Console\\Output\\ConsoleOutput))
#14 C:\\Users\\jerem\\workspaces\\php_web_scrapers\\laravel-examples\\vendor\\laravel\\framework\\src\\Illuminate\\Console\\Application.php(90): Symfony\\Component\\Console\\Application->run(Object(Symfony\\Component\\Console\\Input\\ArgvInput), Object(Symfony\\Component\\Console\\Output\\ConsoleOutput))
#15 C:\\Users\\jerem\\workspaces\\php_web_scrapers\\laravel-examples\\vendor\\laravel\\framework\\src\\Illuminate\\Foundation\\Console\\Kernel.php(133): Illuminate\\Console\\Application->run(Object(Symfony\\Component\\Console\\Input\\ArgvInput), Object(Symfony\\Component\\Console\\Output\\ConsoleOutput))
#16 C:\\Users\\jerem\\workspaces\\php_web_scrapers\\laravel-examples\\artisan(37): Illuminate\\Foundation\\Console\\Kernel->handle(Object(Symfony\\Component\\Console\\Input\\ArgvInput), Object(Symfony\\Component\\Console\\Output\\ConsoleOutput))
#17 {main}
"} 
