[2019-07-31 21:21:32] local.ERROR: SQLSTATE[HY000] [1049] Unknown database 'laravel' (SQL: select * from information_schema.tables where table_schema = laravel and table_name = migrations and table_type = 'BASE TABLE') {"exception":"[object] (Illuminate\\Database\\QueryException(code: 1049): SQLSTATE[HY000] [1049] Unknown database 'laravel' (SQL: select * from information_schema.tables where table_schema = laravel and table_name = migrations and table_type = 'BASE TABLE') at C:\\Users\\jerem\\workspaces\\php_web_scrapers\\laravel-goutte-example\\vendor\\laravel\\framework\\src\\Illuminate\\Database\\Connection.php:664, PDOException(code: 1049): SQLSTATE[HY000] [1049] Unknown database 'laravel' at C:\\Users\\jerem\\workspaces\\php_web_scrapers\\laravel-goutte-example\\vendor\\laravel\\framework\\src\\Illuminate\\Database\\Connectors\\Connector.php:70)
[stacktrace]
#0 C:\\Users\\jerem\\workspaces\\php_web_scrapers\\laravel-goutte-example\\vendor\\laravel\\framework\\src\\Illuminate\\Database\\Connection.php(624): Illuminate\\Database\\Connection->runQueryCallback('select * from i...', Array, Object(Closure))
#1 C:\\Users\\jerem\\workspaces\\php_web_scrapers\\laravel-goutte-example\\vendor\\laravel\\framework\\src\\Illuminate\\Database\\Connection.php(333): Illuminate\\Database\\Connection->run('select * from i...', Array, Object(Closure))
#2 C:\\Users\\jerem\\workspaces\\php_web_scrapers\\laravel-goutte-example\\vendor\\laravel\\framework\\src\\Illuminate\\Database\\Schema\\MySqlBuilder.php(18): Illuminate\\Database\\Connection->select('select * from i...', Array)
#3 C:\\Users\\jerem\\workspaces\\php_web_scrapers\\laravel-goutte-example\\vendor\\laravel\\framework\\src\\Illuminate\\Database\\Migrations\\DatabaseMigrationRepository.php(169): Illuminate\\Database\\Schema\\MySqlBuilder->hasTable('migrations')
#4 C:\\Users\\jerem\\workspaces\\php_web_scrapers\\laravel-goutte-example\\vendor\\laravel\\framework\\src\\Illuminate\\Database\\Migrations\\Migrator.php(585): Illuminate\\Database\\Migrations\\DatabaseMigrationRepository->repositoryExists()
#5 C:\\Users\\jerem\\workspaces\\php_web_scrapers\\laravel-goutte-example\\vendor\\laravel\\framework\\src\\Illuminate\\Database\\Console\\Migrations\\MigrateCommand.php(91): Illuminate\\Database\\Migrations\\Migrator->repositoryExists()
#6 C:\\Users\\jerem\\workspaces\\php_web_scrapers\\laravel-goutte-example\\vendor\\laravel\\framework\\src\\Illuminate\\Database\\Console\\Migrations\\MigrateCommand.php(63): Illuminate\\Database\\Console\\Migrations\\MigrateCommand->prepareDatabase()
#7 [internal function]: Illuminate\\Database\\Console\\Migrations\\MigrateCommand->handle()
#8 C:\\Users\\jerem\\workspaces\\php_web_scrapers\\laravel-goutte-example\\vendor\\laravel\\framework\\src\\Illuminate\\Container\\BoundMethod.php(32): call_user_func_array(Array, Array)
#9 C:\\Users\\jerem\\workspaces\\php_web_scrapers\\laravel-goutte-example\\vendor\\laravel\\framework\\src\\Illuminate\\Container\\BoundMethod.php(90): Illuminate\\Container\\BoundMethod::Illuminate\\Container\\{closure}()
#10 C:\\Users\\jerem\\workspaces\\php_web_scrapers\\laravel-goutte-example\\vendor\\laravel\\framework\\src\\Illuminate\\Container\\BoundMethod.php(34): Illuminate\\Container\\BoundMethod::callBoundMethod(Object(Illuminate\\Foundation\\Application), Array, Object(Closure))
#11 C:\\Users\\jerem\\workspaces\\php_web_scrapers\\laravel-goutte-example\\vendor\\laravel\\framework\\src\\Illuminate\\Container\\Container.php(576): Illuminate\\Container\\BoundMethod::call(Object(Illuminate\\Foundation\\Application), Array, Array, NULL)
#12 C:\\Users\\jerem\\workspaces\\php_web_scrapers\\laravel-goutte-example\\vendor\\laravel\\framework\\src\\Illuminate\\Console\\Command.php(183): Illuminate\\Container\\Container->call(Array)
#13 C:\\Users\\jerem\\workspaces\\php_web_scrapers\\laravel-goutte-example\\vendor\\symfony\\console\\Command\\Command.php(255): Illuminate\\Console\\Command->execute(Object(Symfony\\Component\\Console\\Input\\ArgvInput), Object(Illuminate\\Console\\OutputStyle))
#14 C:\\Users\\jerem\\workspaces\\php_web_scrapers\\laravel-goutte-example\\vendor\\laravel\\framework\\src\\Illuminate\\Console\\Command.php(170): Symfony\\Component\\Console\\Command\\Command->run(Object(Symfony\\Component\\Console\\Input\\ArgvInput), Object(Illuminate\\Console\\OutputStyle))
#15 C:\\Users\\jerem\\workspaces\\php_web_scrapers\\laravel-goutte-example\\vendor\\symfony\\console\\Application.php(921): Illuminate\\Console\\Command->run(Object(Symfony\\Component\\Console\\Input\\ArgvInput), Object(Symfony\\Component\\Console\\Output\\ConsoleOutput))
#16 C:\\Users\\jerem\\workspaces\\php_web_scrapers\\laravel-goutte-example\\vendor\\symfony\\console\\Application.php(273): Symfony\\Component\\Console\\Application->doRunCommand(Object(Illuminate\\Database\\Console\\Migrations\\MigrateCommand), Object(Symfony\\Component\\Console\\Input\\ArgvInput), Object(Symfony\\Component\\Console\\Output\\ConsoleOutput))
#17 C:\\Users\\jerem\\workspaces\\php_web_scrapers\\laravel-goutte-example\\vendor\\symfony\\console\\Application.php(149): Symfony\\Component\\Console\\Application->doRun(Object(Symfony\\Component\\Console\\Input\\ArgvInput), Object(Symfony\\Component\\Console\\Output\\ConsoleOutput))
#18 C:\\Users\\jerem\\workspaces\\php_web_scrapers\\laravel-goutte-example\\vendor\\laravel\\framework\\src\\Illuminate\\Console\\Application.php(90): Symfony\\Component\\Console\\Application->run(Object(Symfony\\Component\\Console\\Input\\ArgvInput), Object(Symfony\\Component\\Console\\Output\\ConsoleOutput))
#19 C:\\Users\\jerem\\workspaces\\php_web_scrapers\\laravel-goutte-example\\vendor\\laravel\\framework\\src\\Illuminate\\Foundation\\Console\\Kernel.php(133): Illuminate\\Console\\Application->run(Object(Symfony\\Component\\Console\\Input\\ArgvInput), Object(Symfony\\Component\\Console\\Output\\ConsoleOutput))
#20 C:\\Users\\jerem\\workspaces\\php_web_scrapers\\laravel-goutte-example\\artisan(37): Illuminate\\Foundation\\Console\\Kernel->handle(Object(Symfony\\Component\\Console\\Input\\ArgvInput), Object(Symfony\\Component\\Console\\Output\\ConsoleOutput))
#21 {main}
"} 
[2019-07-31 21:23:01] local.ERROR: SQLSTATE[HY000] [1049] Unknown database 'laravel' (SQL: select * from information_schema.tables where table_schema = laravel and table_name = migrations and table_type = 'BASE TABLE') {"exception":"[object] (Illuminate\\Database\\QueryException(code: 1049): SQLSTATE[HY000] [1049] Unknown database 'laravel' (SQL: select * from information_schema.tables where table_schema = laravel and table_name = migrations and table_type = 'BASE TABLE') at C:\\Users\\jerem\\workspaces\\php_web_scrapers\\laravel-goutte-example\\vendor\\laravel\\framework\\src\\Illuminate\\Database\\Connection.php:664, PDOException(code: 1049): SQLSTATE[HY000] [1049] Unknown database 'laravel' at C:\\Users\\jerem\\workspaces\\php_web_scrapers\\laravel-goutte-example\\vendor\\laravel\\framework\\src\\Illuminate\\Database\\Connectors\\Connector.php:70)
[stacktrace]
#0 C:\\Users\\jerem\\workspaces\\php_web_scrapers\\laravel-goutte-example\\vendor\\laravel\\framework\\src\\Illuminate\\Database\\Connection.php(624): Illuminate\\Database\\Connection->runQueryCallback('select * from i...', Array, Object(Closure))
#1 C:\\Users\\jerem\\workspaces\\php_web_scrapers\\laravel-goutte-example\\vendor\\laravel\\framework\\src\\Illuminate\\Database\\Connection.php(333): Illuminate\\Database\\Connection->run('select * from i...', Array, Object(Closure))
#2 C:\\Users\\jerem\\workspaces\\php_web_scrapers\\laravel-goutte-example\\vendor\\laravel\\framework\\src\\Illuminate\\Database\\Schema\\MySqlBuilder.php(18): Illuminate\\Database\\Connection->select('select * from i...', Array)
#3 C:\\Users\\jerem\\workspaces\\php_web_scrapers\\laravel-goutte-example\\vendor\\laravel\\framework\\src\\Illuminate\\Database\\Migrations\\DatabaseMigrationRepository.php(169): Illuminate\\Database\\Schema\\MySqlBuilder->hasTable('migrations')
#4 C:\\Users\\jerem\\workspaces\\php_web_scrapers\\laravel-goutte-example\\vendor\\laravel\\framework\\src\\Illuminate\\Database\\Migrations\\Migrator.php(585): Illuminate\\Database\\Migrations\\DatabaseMigrationRepository->repositoryExists()
#5 C:\\Users\\jerem\\workspaces\\php_web_scrapers\\laravel-goutte-example\\vendor\\laravel\\framework\\src\\Illuminate\\Database\\Console\\Migrations\\MigrateCommand.php(91): Illuminate\\Database\\Migrations\\Migrator->repositoryExists()
#6 C:\\Users\\jerem\\workspaces\\php_web_scrapers\\laravel-goutte-example\\vendor\\laravel\\framework\\src\\Illuminate\\Database\\Console\\Migrations\\MigrateCommand.php(63): Illuminate\\Database\\Console\\Migrations\\MigrateCommand->prepareDatabase()
#7 [internal function]: Illuminate\\Database\\Console\\Migrations\\MigrateCommand->handle()
#8 C:\\Users\\jerem\\workspaces\\php_web_scrapers\\laravel-goutte-example\\vendor\\laravel\\framework\\src\\Illuminate\\Container\\BoundMethod.php(32): call_user_func_array(Array, Array)
#9 C:\\Users\\jerem\\workspaces\\php_web_scrapers\\laravel-goutte-example\\vendor\\laravel\\framework\\src\\Illuminate\\Container\\BoundMethod.php(90): Illuminate\\Container\\BoundMethod::Illuminate\\Container\\{closure}()
#10 C:\\Users\\jerem\\workspaces\\php_web_scrapers\\laravel-goutte-example\\vendor\\laravel\\framework\\src\\Illuminate\\Container\\BoundMethod.php(34): Illuminate\\Container\\BoundMethod::callBoundMethod(Object(Illuminate\\Foundation\\Application), Array, Object(Closure))
#11 C:\\Users\\jerem\\workspaces\\php_web_scrapers\\laravel-goutte-example\\vendor\\laravel\\framework\\src\\Illuminate\\Container\\Container.php(576): Illuminate\\Container\\BoundMethod::call(Object(Illuminate\\Foundation\\Application), Array, Array, NULL)
#12 C:\\Users\\jerem\\workspaces\\php_web_scrapers\\laravel-goutte-example\\vendor\\laravel\\framework\\src\\Illuminate\\Console\\Command.php(183): Illuminate\\Container\\Container->call(Array)
#13 C:\\Users\\jerem\\workspaces\\php_web_scrapers\\laravel-goutte-example\\vendor\\symfony\\console\\Command\\Command.php(255): Illuminate\\Console\\Command->execute(Object(Symfony\\Component\\Console\\Input\\ArgvInput), Object(Illuminate\\Console\\OutputStyle))
#14 C:\\Users\\jerem\\workspaces\\php_web_scrapers\\laravel-goutte-example\\vendor\\laravel\\framework\\src\\Illuminate\\Console\\Command.php(170): Symfony\\Component\\Console\\Command\\Command->run(Object(Symfony\\Component\\Console\\Input\\ArgvInput), Object(Illuminate\\Console\\OutputStyle))
#15 C:\\Users\\jerem\\workspaces\\php_web_scrapers\\laravel-goutte-example\\vendor\\symfony\\console\\Application.php(921): Illuminate\\Console\\Command->run(Object(Symfony\\Component\\Console\\Input\\ArgvInput), Object(Symfony\\Component\\Console\\Output\\ConsoleOutput))
#16 C:\\Users\\jerem\\workspaces\\php_web_scrapers\\laravel-goutte-example\\vendor\\symfony\\console\\Application.php(273): Symfony\\Component\\Console\\Application->doRunCommand(Object(Illuminate\\Database\\Console\\Migrations\\MigrateCommand), Object(Symfony\\Component\\Console\\Input\\ArgvInput), Object(Symfony\\Component\\Console\\Output\\ConsoleOutput))
#17 C:\\Users\\jerem\\workspaces\\php_web_scrapers\\laravel-goutte-example\\vendor\\symfony\\console\\Application.php(149): Symfony\\Component\\Console\\Application->doRun(Object(Symfony\\Component\\Console\\Input\\ArgvInput), Object(Symfony\\Component\\Console\\Output\\ConsoleOutput))
#18 C:\\Users\\jerem\\workspaces\\php_web_scrapers\\laravel-goutte-example\\vendor\\laravel\\framework\\src\\Illuminate\\Console\\Application.php(90): Symfony\\Component\\Console\\Application->run(Object(Symfony\\Component\\Console\\Input\\ArgvInput), Object(Symfony\\Component\\Console\\Output\\ConsoleOutput))
#19 C:\\Users\\jerem\\workspaces\\php_web_scrapers\\laravel-goutte-example\\vendor\\laravel\\framework\\src\\Illuminate\\Foundation\\Console\\Kernel.php(133): Illuminate\\Console\\Application->run(Object(Symfony\\Component\\Console\\Input\\ArgvInput), Object(Symfony\\Component\\Console\\Output\\ConsoleOutput))
#20 C:\\Users\\jerem\\workspaces\\php_web_scrapers\\laravel-goutte-example\\artisan(37): Illuminate\\Foundation\\Console\\Kernel->handle(Object(Symfony\\Component\\Console\\Input\\ArgvInput), Object(Symfony\\Component\\Console\\Output\\ConsoleOutput))
#21 {main}
"} 
[2019-07-31 23:29:11] local.ERROR: Class 'App\Console\Commands\EventbriteScraper' not found {"exception":"[object] (Symfony\\Component\\Debug\\Exception\\FatalThrowableError(code: 0): Class 'App\\Console\\Commands\\EventbriteScraper' not found at C:\\Users\\jerem\\workspaces\\php_web_scrapers\\laravel-goutte-example\\app\\Console\\Commands\\RunScraper.php:19)
[stacktrace]
#0 [internal function]: App\\Console\\Commands\\RunScraper->handle()
#1 C:\\Users\\jerem\\workspaces\\php_web_scrapers\\laravel-goutte-example\\vendor\\laravel\\framework\\src\\Illuminate\\Container\\BoundMethod.php(32): call_user_func_array(Array, Array)
#2 C:\\Users\\jerem\\workspaces\\php_web_scrapers\\laravel-goutte-example\\vendor\\laravel\\framework\\src\\Illuminate\\Container\\BoundMethod.php(90): Illuminate\\Container\\BoundMethod::Illuminate\\Container\\{closure}()
#3 C:\\Users\\jerem\\workspaces\\php_web_scrapers\\laravel-goutte-example\\vendor\\laravel\\framework\\src\\Illuminate\\Container\\BoundMethod.php(34): Illuminate\\Container\\BoundMethod::callBoundMethod(Object(Illuminate\\Foundation\\Application), Array, Object(Closure))
#4 C:\\Users\\jerem\\workspaces\\php_web_scrapers\\laravel-goutte-example\\vendor\\laravel\\framework\\src\\Illuminate\\Container\\Container.php(576): Illuminate\\Container\\BoundMethod::call(Object(Illuminate\\Foundation\\Application), Array, Array, NULL)
#5 C:\\Users\\jerem\\workspaces\\php_web_scrapers\\laravel-goutte-example\\vendor\\laravel\\framework\\src\\Illuminate\\Console\\Command.php(183): Illuminate\\Container\\Container->call(Array)
#6 C:\\Users\\jerem\\workspaces\\php_web_scrapers\\laravel-goutte-example\\vendor\\symfony\\console\\Command\\Command.php(255): Illuminate\\Console\\Command->execute(Object(Symfony\\Component\\Console\\Input\\ArgvInput), Object(Illuminate\\Console\\OutputStyle))
#7 C:\\Users\\jerem\\workspaces\\php_web_scrapers\\laravel-goutte-example\\vendor\\laravel\\framework\\src\\Illuminate\\Console\\Command.php(170): Symfony\\Component\\Console\\Command\\Command->run(Object(Symfony\\Component\\Console\\Input\\ArgvInput), Object(Illuminate\\Console\\OutputStyle))
#8 C:\\Users\\jerem\\workspaces\\php_web_scrapers\\laravel-goutte-example\\vendor\\symfony\\console\\Application.php(921): Illuminate\\Console\\Command->run(Object(Symfony\\Component\\Console\\Input\\ArgvInput), Object(Symfony\\Component\\Console\\Output\\ConsoleOutput))
#9 C:\\Users\\jerem\\workspaces\\php_web_scrapers\\laravel-goutte-example\\vendor\\symfony\\console\\Application.php(273): Symfony\\Component\\Console\\Application->doRunCommand(Object(App\\Console\\Commands\\RunScraper), Object(Symfony\\Component\\Console\\Input\\ArgvInput), Object(Symfony\\Component\\Console\\Output\\ConsoleOutput))
#10 C:\\Users\\jerem\\workspaces\\php_web_scrapers\\laravel-goutte-example\\vendor\\symfony\\console\\Application.php(149): Symfony\\Component\\Console\\Application->doRun(Object(Symfony\\Component\\Console\\Input\\ArgvInput), Object(Symfony\\Component\\Console\\Output\\ConsoleOutput))
#11 C:\\Users\\jerem\\workspaces\\php_web_scrapers\\laravel-goutte-example\\vendor\\laravel\\framework\\src\\Illuminate\\Console\\Application.php(90): Symfony\\Component\\Console\\Application->run(Object(Symfony\\Component\\Console\\Input\\ArgvInput), Object(Symfony\\Component\\Console\\Output\\ConsoleOutput))
#12 C:\\Users\\jerem\\workspaces\\php_web_scrapers\\laravel-goutte-example\\vendor\\laravel\\framework\\src\\Illuminate\\Foundation\\Console\\Kernel.php(133): Illuminate\\Console\\Application->run(Object(Symfony\\Component\\Console\\Input\\ArgvInput), Object(Symfony\\Component\\Console\\Output\\ConsoleOutput))
#13 C:\\Users\\jerem\\workspaces\\php_web_scrapers\\laravel-goutte-example\\artisan(37): Illuminate\\Foundation\\Console\\Kernel->handle(Object(Symfony\\Component\\Console\\Input\\ArgvInput), Object(Symfony\\Component\\Console\\Output\\ConsoleOutput))
#14 {main}
"} 
[2019-07-31 23:29:57] local.ERROR: Class 'App\Scrapers\Reddit' not found {"exception":"[object] (Symfony\\Component\\Debug\\Exception\\FatalThrowableError(code: 0): Class 'App\\Scrapers\\Reddit' not found at C:\\Users\\jerem\\workspaces\\php_web_scrapers\\laravel-goutte-example\\app\\Console\\Commands\\RunScraper.php:19)
[stacktrace]
#0 [internal function]: App\\Console\\Commands\\RunScraper->handle()
#1 C:\\Users\\jerem\\workspaces\\php_web_scrapers\\laravel-goutte-example\\vendor\\laravel\\framework\\src\\Illuminate\\Container\\BoundMethod.php(32): call_user_func_array(Array, Array)
#2 C:\\Users\\jerem\\workspaces\\php_web_scrapers\\laravel-goutte-example\\vendor\\laravel\\framework\\src\\Illuminate\\Container\\BoundMethod.php(90): Illuminate\\Container\\BoundMethod::Illuminate\\Container\\{closure}()
#3 C:\\Users\\jerem\\workspaces\\php_web_scrapers\\laravel-goutte-example\\vendor\\laravel\\framework\\src\\Illuminate\\Container\\BoundMethod.php(34): Illuminate\\Container\\BoundMethod::callBoundMethod(Object(Illuminate\\Foundation\\Application), Array, Object(Closure))
#4 C:\\Users\\jerem\\workspaces\\php_web_scrapers\\laravel-goutte-example\\vendor\\laravel\\framework\\src\\Illuminate\\Container\\Container.php(576): Illuminate\\Container\\BoundMethod::call(Object(Illuminate\\Foundation\\Application), Array, Array, NULL)
#5 C:\\Users\\jerem\\workspaces\\php_web_scrapers\\laravel-goutte-example\\vendor\\laravel\\framework\\src\\Illuminate\\Console\\Command.php(183): Illuminate\\Container\\Container->call(Array)
#6 C:\\Users\\jerem\\workspaces\\php_web_scrapers\\laravel-goutte-example\\vendor\\symfony\\console\\Command\\Command.php(255): Illuminate\\Console\\Command->execute(Object(Symfony\\Component\\Console\\Input\\ArgvInput), Object(Illuminate\\Console\\OutputStyle))
#7 C:\\Users\\jerem\\workspaces\\php_web_scrapers\\laravel-goutte-example\\vendor\\laravel\\framework\\src\\Illuminate\\Console\\Command.php(170): Symfony\\Component\\Console\\Command\\Command->run(Object(Symfony\\Component\\Console\\Input\\ArgvInput), Object(Illuminate\\Console\\OutputStyle))
#8 C:\\Users\\jerem\\workspaces\\php_web_scrapers\\laravel-goutte-example\\vendor\\symfony\\console\\Application.php(921): Illuminate\\Console\\Command->run(Object(Symfony\\Component\\Console\\Input\\ArgvInput), Object(Symfony\\Component\\Console\\Output\\ConsoleOutput))
#9 C:\\Users\\jerem\\workspaces\\php_web_scrapers\\laravel-goutte-example\\vendor\\symfony\\console\\Application.php(273): Symfony\\Component\\Console\\Application->doRunCommand(Object(App\\Console\\Commands\\RunScraper), Object(Symfony\\Component\\Console\\Input\\ArgvInput), Object(Symfony\\Component\\Console\\Output\\ConsoleOutput))
#10 C:\\Users\\jerem\\workspaces\\php_web_scrapers\\laravel-goutte-example\\vendor\\symfony\\console\\Application.php(149): Symfony\\Component\\Console\\Application->doRun(Object(Symfony\\Component\\Console\\Input\\ArgvInput), Object(Symfony\\Component\\Console\\Output\\ConsoleOutput))
#11 C:\\Users\\jerem\\workspaces\\php_web_scrapers\\laravel-goutte-example\\vendor\\laravel\\framework\\src\\Illuminate\\Console\\Application.php(90): Symfony\\Component\\Console\\Application->run(Object(Symfony\\Component\\Console\\Input\\ArgvInput), Object(Symfony\\Component\\Console\\Output\\ConsoleOutput))
#12 C:\\Users\\jerem\\workspaces\\php_web_scrapers\\laravel-goutte-example\\vendor\\laravel\\framework\\src\\Illuminate\\Foundation\\Console\\Kernel.php(133): Illuminate\\Console\\Application->run(Object(Symfony\\Component\\Console\\Input\\ArgvInput), Object(Symfony\\Component\\Console\\Output\\ConsoleOutput))
#13 C:\\Users\\jerem\\workspaces\\php_web_scrapers\\laravel-goutte-example\\artisan(37): Illuminate\\Foundation\\Console\\Kernel->handle(Object(Symfony\\Component\\Console\\Input\\ArgvInput), Object(Symfony\\Component\\Console\\Output\\ConsoleOutput))
#14 {main}
"} 
[2019-07-31 23:33:13] local.ERROR: Undefined property: App\Scrapers\Reddit::$state_urls_object {"exception":"[object] (ErrorException(code: 0): Undefined property: App\\Scrapers\\Reddit::$state_urls_object at C:\\Users\\jerem\\workspaces\\php_web_scrapers\\laravel-goutte-example\\app\\Scrapers\\Reddit.php:43)
[stacktrace]
#0 C:\\Users\\jerem\\workspaces\\php_web_scrapers\\laravel-goutte-example\\app\\Scrapers\\Reddit.php(43): Illuminate\\Foundation\\Bootstrap\\HandleExceptions->handleError(8, 'Undefined prope...', 'C:\\\\Users\\\\jerem\\\\...', 43, Array)
#1 C:\\Users\\jerem\\workspaces\\php_web_scrapers\\laravel-goutte-example\\app\\Console\\Commands\\RunScraper.php(26): App\\Scrapers\\Reddit->run()
#2 [internal function]: App\\Console\\Commands\\RunScraper->handle()
#3 C:\\Users\\jerem\\workspaces\\php_web_scrapers\\laravel-goutte-example\\vendor\\laravel\\framework\\src\\Illuminate\\Container\\BoundMethod.php(32): call_user_func_array(Array, Array)
#4 C:\\Users\\jerem\\workspaces\\php_web_scrapers\\laravel-goutte-example\\vendor\\laravel\\framework\\src\\Illuminate\\Container\\BoundMethod.php(90): Illuminate\\Container\\BoundMethod::Illuminate\\Container\\{closure}()
#5 C:\\Users\\jerem\\workspaces\\php_web_scrapers\\laravel-goutte-example\\vendor\\laravel\\framework\\src\\Illuminate\\Container\\BoundMethod.php(34): Illuminate\\Container\\BoundMethod::callBoundMethod(Object(Illuminate\\Foundation\\Application), Array, Object(Closure))
#6 C:\\Users\\jerem\\workspaces\\php_web_scrapers\\laravel-goutte-example\\vendor\\laravel\\framework\\src\\Illuminate\\Container\\Container.php(576): Illuminate\\Container\\BoundMethod::call(Object(Illuminate\\Foundation\\Application), Array, Array, NULL)
#7 C:\\Users\\jerem\\workspaces\\php_web_scrapers\\laravel-goutte-example\\vendor\\laravel\\framework\\src\\Illuminate\\Console\\Command.php(183): Illuminate\\Container\\Container->call(Array)
#8 C:\\Users\\jerem\\workspaces\\php_web_scrapers\\laravel-goutte-example\\vendor\\symfony\\console\\Command\\Command.php(255): Illuminate\\Console\\Command->execute(Object(Symfony\\Component\\Console\\Input\\ArgvInput), Object(Illuminate\\Console\\OutputStyle))
#9 C:\\Users\\jerem\\workspaces\\php_web_scrapers\\laravel-goutte-example\\vendor\\laravel\\framework\\src\\Illuminate\\Console\\Command.php(170): Symfony\\Component\\Console\\Command\\Command->run(Object(Symfony\\Component\\Console\\Input\\ArgvInput), Object(Illuminate\\Console\\OutputStyle))
#10 C:\\Users\\jerem\\workspaces\\php_web_scrapers\\laravel-goutte-example\\vendor\\symfony\\console\\Application.php(921): Illuminate\\Console\\Command->run(Object(Symfony\\Component\\Console\\Input\\ArgvInput), Object(Symfony\\Component\\Console\\Output\\ConsoleOutput))
#11 C:\\Users\\jerem\\workspaces\\php_web_scrapers\\laravel-goutte-example\\vendor\\symfony\\console\\Application.php(273): Symfony\\Component\\Console\\Application->doRunCommand(Object(App\\Console\\Commands\\RunScraper), Object(Symfony\\Component\\Console\\Input\\ArgvInput), Object(Symfony\\Component\\Console\\Output\\ConsoleOutput))
#12 C:\\Users\\jerem\\workspaces\\php_web_scrapers\\laravel-goutte-example\\vendor\\symfony\\console\\Application.php(149): Symfony\\Component\\Console\\Application->doRun(Object(Symfony\\Component\\Console\\Input\\ArgvInput), Object(Symfony\\Component\\Console\\Output\\ConsoleOutput))
#13 C:\\Users\\jerem\\workspaces\\php_web_scrapers\\laravel-goutte-example\\vendor\\laravel\\framework\\src\\Illuminate\\Console\\Application.php(90): Symfony\\Component\\Console\\Application->run(Object(Symfony\\Component\\Console\\Input\\ArgvInput), Object(Symfony\\Component\\Console\\Output\\ConsoleOutput))
#14 C:\\Users\\jerem\\workspaces\\php_web_scrapers\\laravel-goutte-example\\vendor\\laravel\\framework\\src\\Illuminate\\Foundation\\Console\\Kernel.php(133): Illuminate\\Console\\Application->run(Object(Symfony\\Component\\Console\\Input\\ArgvInput), Object(Symfony\\Component\\Console\\Output\\ConsoleOutput))
#15 C:\\Users\\jerem\\workspaces\\php_web_scrapers\\laravel-goutte-example\\artisan(37): Illuminate\\Foundation\\Console\\Kernel->handle(Object(Symfony\\Component\\Console\\Input\\ArgvInput), Object(Symfony\\Component\\Console\\Output\\ConsoleOutput))
#16 {main}
"} 
[2019-07-31 23:34:01] local.ERROR: Call to a member function count() on array {"exception":"[object] (Symfony\\Component\\Debug\\Exception\\FatalThrowableError(code: 0): Call to a member function count() on array at C:\\Users\\jerem\\workspaces\\php_web_scrapers\\laravel-goutte-example\\app\\Scrapers\\Reddit.php:95)
[stacktrace]
#0 C:\\Users\\jerem\\workspaces\\php_web_scrapers\\laravel-goutte-example\\app\\Scrapers\\Reddit.php(45): App\\Scrapers\\Reddit->getPosts()
#1 C:\\Users\\jerem\\workspaces\\php_web_scrapers\\laravel-goutte-example\\app\\Console\\Commands\\RunScraper.php(26): App\\Scrapers\\Reddit->run()
#2 [internal function]: App\\Console\\Commands\\RunScraper->handle()
#3 C:\\Users\\jerem\\workspaces\\php_web_scrapers\\laravel-goutte-example\\vendor\\laravel\\framework\\src\\Illuminate\\Container\\BoundMethod.php(32): call_user_func_array(Array, Array)
#4 C:\\Users\\jerem\\workspaces\\php_web_scrapers\\laravel-goutte-example\\vendor\\laravel\\framework\\src\\Illuminate\\Container\\BoundMethod.php(90): Illuminate\\Container\\BoundMethod::Illuminate\\Container\\{closure}()
#5 C:\\Users\\jerem\\workspaces\\php_web_scrapers\\laravel-goutte-example\\vendor\\laravel\\framework\\src\\Illuminate\\Container\\BoundMethod.php(34): Illuminate\\Container\\BoundMethod::callBoundMethod(Object(Illuminate\\Foundation\\Application), Array, Object(Closure))
#6 C:\\Users\\jerem\\workspaces\\php_web_scrapers\\laravel-goutte-example\\vendor\\laravel\\framework\\src\\Illuminate\\Container\\Container.php(576): Illuminate\\Container\\BoundMethod::call(Object(Illuminate\\Foundation\\Application), Array, Array, NULL)
#7 C:\\Users\\jerem\\workspaces\\php_web_scrapers\\laravel-goutte-example\\vendor\\laravel\\framework\\src\\Illuminate\\Console\\Command.php(183): Illuminate\\Container\\Container->call(Array)
#8 C:\\Users\\jerem\\workspaces\\php_web_scrapers\\laravel-goutte-example\\vendor\\symfony\\console\\Command\\Command.php(255): Illuminate\\Console\\Command->execute(Object(Symfony\\Component\\Console\\Input\\ArgvInput), Object(Illuminate\\Console\\OutputStyle))
#9 C:\\Users\\jerem\\workspaces\\php_web_scrapers\\laravel-goutte-example\\vendor\\laravel\\framework\\src\\Illuminate\\Console\\Command.php(170): Symfony\\Component\\Console\\Command\\Command->run(Object(Symfony\\Component\\Console\\Input\\ArgvInput), Object(Illuminate\\Console\\OutputStyle))
#10 C:\\Users\\jerem\\workspaces\\php_web_scrapers\\laravel-goutte-example\\vendor\\symfony\\console\\Application.php(921): Illuminate\\Console\\Command->run(Object(Symfony\\Component\\Console\\Input\\ArgvInput), Object(Symfony\\Component\\Console\\Output\\ConsoleOutput))
#11 C:\\Users\\jerem\\workspaces\\php_web_scrapers\\laravel-goutte-example\\vendor\\symfony\\console\\Application.php(273): Symfony\\Component\\Console\\Application->doRunCommand(Object(App\\Console\\Commands\\RunScraper), Object(Symfony\\Component\\Console\\Input\\ArgvInput), Object(Symfony\\Component\\Console\\Output\\ConsoleOutput))
#12 C:\\Users\\jerem\\workspaces\\php_web_scrapers\\laravel-goutte-example\\vendor\\symfony\\console\\Application.php(149): Symfony\\Component\\Console\\Application->doRun(Object(Symfony\\Component\\Console\\Input\\ArgvInput), Object(Symfony\\Component\\Console\\Output\\ConsoleOutput))
#13 C:\\Users\\jerem\\workspaces\\php_web_scrapers\\laravel-goutte-example\\vendor\\laravel\\framework\\src\\Illuminate\\Console\\Application.php(90): Symfony\\Component\\Console\\Application->run(Object(Symfony\\Component\\Console\\Input\\ArgvInput), Object(Symfony\\Component\\Console\\Output\\ConsoleOutput))
#14 C:\\Users\\jerem\\workspaces\\php_web_scrapers\\laravel-goutte-example\\vendor\\laravel\\framework\\src\\Illuminate\\Foundation\\Console\\Kernel.php(133): Illuminate\\Console\\Application->run(Object(Symfony\\Component\\Console\\Input\\ArgvInput), Object(Symfony\\Component\\Console\\Output\\ConsoleOutput))
#15 C:\\Users\\jerem\\workspaces\\php_web_scrapers\\laravel-goutte-example\\artisan(37): Illuminate\\Foundation\\Console\\Kernel->handle(Object(Symfony\\Component\\Console\\Input\\ArgvInput), Object(Symfony\\Component\\Console\\Output\\ConsoleOutput))
#16 {main}
"} 
[2019-07-31 23:39:58] local.ERROR: Undefined property: Symfony\Component\DomCrawler\Crawler::$text {"exception":"[object] (ErrorException(code: 0): Undefined property: Symfony\\Component\\DomCrawler\\Crawler::$text at C:\\Users\\jerem\\workspaces\\php_web_scrapers\\laravel-goutte-example\\app\\Scrapers\\Reddit.php:65)
[stacktrace]
#0 C:\\Users\\jerem\\workspaces\\php_web_scrapers\\laravel-goutte-example\\app\\Scrapers\\Reddit.php(65): Illuminate\\Foundation\\Bootstrap\\HandleExceptions->handleError(8, 'Undefined prope...', 'C:\\\\Users\\\\jerem\\\\...', 65, Array)
#1 C:\\Users\\jerem\\workspaces\\php_web_scrapers\\laravel-goutte-example\\app\\Scrapers\\Reddit.php(49): App\\Scrapers\\Reddit->getPosts()
#2 C:\\Users\\jerem\\workspaces\\php_web_scrapers\\laravel-goutte-example\\app\\Console\\Commands\\RunScraper.php(26): App\\Scrapers\\Reddit->run()
#3 [internal function]: App\\Console\\Commands\\RunScraper->handle()
#4 C:\\Users\\jerem\\workspaces\\php_web_scrapers\\laravel-goutte-example\\vendor\\laravel\\framework\\src\\Illuminate\\Container\\BoundMethod.php(32): call_user_func_array(Array, Array)
#5 C:\\Users\\jerem\\workspaces\\php_web_scrapers\\laravel-goutte-example\\vendor\\laravel\\framework\\src\\Illuminate\\Container\\BoundMethod.php(90): Illuminate\\Container\\BoundMethod::Illuminate\\Container\\{closure}()
#6 C:\\Users\\jerem\\workspaces\\php_web_scrapers\\laravel-goutte-example\\vendor\\laravel\\framework\\src\\Illuminate\\Container\\BoundMethod.php(34): Illuminate\\Container\\BoundMethod::callBoundMethod(Object(Illuminate\\Foundation\\Application), Array, Object(Closure))
#7 C:\\Users\\jerem\\workspaces\\php_web_scrapers\\laravel-goutte-example\\vendor\\laravel\\framework\\src\\Illuminate\\Container\\Container.php(576): Illuminate\\Container\\BoundMethod::call(Object(Illuminate\\Foundation\\Application), Array, Array, NULL)
#8 C:\\Users\\jerem\\workspaces\\php_web_scrapers\\laravel-goutte-example\\vendor\\laravel\\framework\\src\\Illuminate\\Console\\Command.php(183): Illuminate\\Container\\Container->call(Array)
#9 C:\\Users\\jerem\\workspaces\\php_web_scrapers\\laravel-goutte-example\\vendor\\symfony\\console\\Command\\Command.php(255): Illuminate\\Console\\Command->execute(Object(Symfony\\Component\\Console\\Input\\ArgvInput), Object(Illuminate\\Console\\OutputStyle))
#10 C:\\Users\\jerem\\workspaces\\php_web_scrapers\\laravel-goutte-example\\vendor\\laravel\\framework\\src\\Illuminate\\Console\\Command.php(170): Symfony\\Component\\Console\\Command\\Command->run(Object(Symfony\\Component\\Console\\Input\\ArgvInput), Object(Illuminate\\Console\\OutputStyle))
#11 C:\\Users\\jerem\\workspaces\\php_web_scrapers\\laravel-goutte-example\\vendor\\symfony\\console\\Application.php(921): Illuminate\\Console\\Command->run(Object(Symfony\\Component\\Console\\Input\\ArgvInput), Object(Symfony\\Component\\Console\\Output\\ConsoleOutput))
#12 C:\\Users\\jerem\\workspaces\\php_web_scrapers\\laravel-goutte-example\\vendor\\symfony\\console\\Application.php(273): Symfony\\Component\\Console\\Application->doRunCommand(Object(App\\Console\\Commands\\RunScraper), Object(Symfony\\Component\\Console\\Input\\ArgvInput), Object(Symfony\\Component\\Console\\Output\\ConsoleOutput))
#13 C:\\Users\\jerem\\workspaces\\php_web_scrapers\\laravel-goutte-example\\vendor\\symfony\\console\\Application.php(149): Symfony\\Component\\Console\\Application->doRun(Object(Symfony\\Component\\Console\\Input\\ArgvInput), Object(Symfony\\Component\\Console\\Output\\ConsoleOutput))
#14 C:\\Users\\jerem\\workspaces\\php_web_scrapers\\laravel-goutte-example\\vendor\\laravel\\framework\\src\\Illuminate\\Console\\Application.php(90): Symfony\\Component\\Console\\Application->run(Object(Symfony\\Component\\Console\\Input\\ArgvInput), Object(Symfony\\Component\\Console\\Output\\ConsoleOutput))
#15 C:\\Users\\jerem\\workspaces\\php_web_scrapers\\laravel-goutte-example\\vendor\\laravel\\framework\\src\\Illuminate\\Foundation\\Console\\Kernel.php(133): Illuminate\\Console\\Application->run(Object(Symfony\\Component\\Console\\Input\\ArgvInput), Object(Symfony\\Component\\Console\\Output\\ConsoleOutput))
#16 C:\\Users\\jerem\\workspaces\\php_web_scrapers\\laravel-goutte-example\\artisan(37): Illuminate\\Foundation\\Console\\Kernel->handle(Object(Symfony\\Component\\Console\\Input\\ArgvInput), Object(Symfony\\Component\\Console\\Output\\ConsoleOutput))
#17 {main}
"} 
[2019-07-31 23:40:16] local.ERROR: syntax error, unexpected ';', expecting ')' {"exception":"[object] (Symfony\\Component\\Debug\\Exception\\FatalThrowableError(code: 0): syntax error, unexpected ';', expecting ')' at C:\\Users\\jerem\\workspaces\\php_web_scrapers\\laravel-goutte-example\\app\\Scrapers\\Reddit.php:65)
[stacktrace]
#0 C:\\Users\\jerem\\workspaces\\php_web_scrapers\\laravel-goutte-example\\vendor\\composer\\ClassLoader.php(322): Composer\\Autoload\\includeFile('C:\\\\Users\\\\jerem\\\\...')
#1 [internal function]: Composer\\Autoload\\ClassLoader->loadClass('App\\\\Scrapers\\\\Re...')
#2 C:\\Users\\jerem\\workspaces\\php_web_scrapers\\laravel-goutte-example\\app\\Console\\Commands\\RunScraper.php(19): spl_autoload_call('App\\\\Scrapers\\\\Re...')
#3 [internal function]: App\\Console\\Commands\\RunScraper->handle()
#4 C:\\Users\\jerem\\workspaces\\php_web_scrapers\\laravel-goutte-example\\vendor\\laravel\\framework\\src\\Illuminate\\Container\\BoundMethod.php(32): call_user_func_array(Array, Array)
#5 C:\\Users\\jerem\\workspaces\\php_web_scrapers\\laravel-goutte-example\\vendor\\laravel\\framework\\src\\Illuminate\\Container\\BoundMethod.php(90): Illuminate\\Container\\BoundMethod::Illuminate\\Container\\{closure}()
#6 C:\\Users\\jerem\\workspaces\\php_web_scrapers\\laravel-goutte-example\\vendor\\laravel\\framework\\src\\Illuminate\\Container\\BoundMethod.php(34): Illuminate\\Container\\BoundMethod::callBoundMethod(Object(Illuminate\\Foundation\\Application), Array, Object(Closure))
#7 C:\\Users\\jerem\\workspaces\\php_web_scrapers\\laravel-goutte-example\\vendor\\laravel\\framework\\src\\Illuminate\\Container\\Container.php(576): Illuminate\\Container\\BoundMethod::call(Object(Illuminate\\Foundation\\Application), Array, Array, NULL)
#8 C:\\Users\\jerem\\workspaces\\php_web_scrapers\\laravel-goutte-example\\vendor\\laravel\\framework\\src\\Illuminate\\Console\\Command.php(183): Illuminate\\Container\\Container->call(Array)
#9 C:\\Users\\jerem\\workspaces\\php_web_scrapers\\laravel-goutte-example\\vendor\\symfony\\console\\Command\\Command.php(255): Illuminate\\Console\\Command->execute(Object(Symfony\\Component\\Console\\Input\\ArgvInput), Object(Illuminate\\Console\\OutputStyle))
#10 C:\\Users\\jerem\\workspaces\\php_web_scrapers\\laravel-goutte-example\\vendor\\laravel\\framework\\src\\Illuminate\\Console\\Command.php(170): Symfony\\Component\\Console\\Command\\Command->run(Object(Symfony\\Component\\Console\\Input\\ArgvInput), Object(Illuminate\\Console\\OutputStyle))
#11 C:\\Users\\jerem\\workspaces\\php_web_scrapers\\laravel-goutte-example\\vendor\\symfony\\console\\Application.php(921): Illuminate\\Console\\Command->run(Object(Symfony\\Component\\Console\\Input\\ArgvInput), Object(Symfony\\Component\\Console\\Output\\ConsoleOutput))
#12 C:\\Users\\jerem\\workspaces\\php_web_scrapers\\laravel-goutte-example\\vendor\\symfony\\console\\Application.php(273): Symfony\\Component\\Console\\Application->doRunCommand(Object(App\\Console\\Commands\\RunScraper), Object(Symfony\\Component\\Console\\Input\\ArgvInput), Object(Symfony\\Component\\Console\\Output\\ConsoleOutput))
#13 C:\\Users\\jerem\\workspaces\\php_web_scrapers\\laravel-goutte-example\\vendor\\symfony\\console\\Application.php(149): Symfony\\Component\\Console\\Application->doRun(Object(Symfony\\Component\\Console\\Input\\ArgvInput), Object(Symfony\\Component\\Console\\Output\\ConsoleOutput))
#14 C:\\Users\\jerem\\workspaces\\php_web_scrapers\\laravel-goutte-example\\vendor\\laravel\\framework\\src\\Illuminate\\Console\\Application.php(90): Symfony\\Component\\Console\\Application->run(Object(Symfony\\Component\\Console\\Input\\ArgvInput), Object(Symfony\\Component\\Console\\Output\\ConsoleOutput))
#15 C:\\Users\\jerem\\workspaces\\php_web_scrapers\\laravel-goutte-example\\vendor\\laravel\\framework\\src\\Illuminate\\Foundation\\Console\\Kernel.php(133): Illuminate\\Console\\Application->run(Object(Symfony\\Component\\Console\\Input\\ArgvInput), Object(Symfony\\Component\\Console\\Output\\ConsoleOutput))
#16 C:\\Users\\jerem\\workspaces\\php_web_scrapers\\laravel-goutte-example\\artisan(37): Illuminate\\Foundation\\Console\\Kernel->handle(Object(Symfony\\Component\\Console\\Input\\ArgvInput), Object(Symfony\\Component\\Console\\Output\\ConsoleOutput))
#17 {main}
"} 
[2019-07-31 23:41:01] local.ERROR: The current node list is empty. {"exception":"[object] (InvalidArgumentException(code: 0): The current node list is empty. at C:\\Users\\jerem\\workspaces\\php_web_scrapers\\laravel-goutte-example\\vendor\\symfony\\dom-crawler\\Crawler.php:572)
[stacktrace]
#0 C:\\Users\\jerem\\workspaces\\php_web_scrapers\\laravel-goutte-example\\app\\Scrapers\\Reddit.php(65): Symfony\\Component\\DomCrawler\\Crawler->text()
#1 C:\\Users\\jerem\\workspaces\\php_web_scrapers\\laravel-goutte-example\\app\\Scrapers\\Reddit.php(49): App\\Scrapers\\Reddit->getPosts()
#2 C:\\Users\\jerem\\workspaces\\php_web_scrapers\\laravel-goutte-example\\app\\Console\\Commands\\RunScraper.php(26): App\\Scrapers\\Reddit->run()
#3 [internal function]: App\\Console\\Commands\\RunScraper->handle()
#4 C:\\Users\\jerem\\workspaces\\php_web_scrapers\\laravel-goutte-example\\vendor\\laravel\\framework\\src\\Illuminate\\Container\\BoundMethod.php(32): call_user_func_array(Array, Array)
#5 C:\\Users\\jerem\\workspaces\\php_web_scrapers\\laravel-goutte-example\\vendor\\laravel\\framework\\src\\Illuminate\\Container\\BoundMethod.php(90): Illuminate\\Container\\BoundMethod::Illuminate\\Container\\{closure}()
#6 C:\\Users\\jerem\\workspaces\\php_web_scrapers\\laravel-goutte-example\\vendor\\laravel\\framework\\src\\Illuminate\\Container\\BoundMethod.php(34): Illuminate\\Container\\BoundMethod::callBoundMethod(Object(Illuminate\\Foundation\\Application), Array, Object(Closure))
#7 C:\\Users\\jerem\\workspaces\\php_web_scrapers\\laravel-goutte-example\\vendor\\laravel\\framework\\src\\Illuminate\\Container\\Container.php(576): Illuminate\\Container\\BoundMethod::call(Object(Illuminate\\Foundation\\Application), Array, Array, NULL)
#8 C:\\Users\\jerem\\workspaces\\php_web_scrapers\\laravel-goutte-example\\vendor\\laravel\\framework\\src\\Illuminate\\Console\\Command.php(183): Illuminate\\Container\\Container->call(Array)
#9 C:\\Users\\jerem\\workspaces\\php_web_scrapers\\laravel-goutte-example\\vendor\\symfony\\console\\Command\\Command.php(255): Illuminate\\Console\\Command->execute(Object(Symfony\\Component\\Console\\Input\\ArgvInput), Object(Illuminate\\Console\\OutputStyle))
#10 C:\\Users\\jerem\\workspaces\\php_web_scrapers\\laravel-goutte-example\\vendor\\laravel\\framework\\src\\Illuminate\\Console\\Command.php(170): Symfony\\Component\\Console\\Command\\Command->run(Object(Symfony\\Component\\Console\\Input\\ArgvInput), Object(Illuminate\\Console\\OutputStyle))
#11 C:\\Users\\jerem\\workspaces\\php_web_scrapers\\laravel-goutte-example\\vendor\\symfony\\console\\Application.php(921): Illuminate\\Console\\Command->run(Object(Symfony\\Component\\Console\\Input\\ArgvInput), Object(Symfony\\Component\\Console\\Output\\ConsoleOutput))
#12 C:\\Users\\jerem\\workspaces\\php_web_scrapers\\laravel-goutte-example\\vendor\\symfony\\console\\Application.php(273): Symfony\\Component\\Console\\Application->doRunCommand(Object(App\\Console\\Commands\\RunScraper), Object(Symfony\\Component\\Console\\Input\\ArgvInput), Object(Symfony\\Component\\Console\\Output\\ConsoleOutput))
#13 C:\\Users\\jerem\\workspaces\\php_web_scrapers\\laravel-goutte-example\\vendor\\symfony\\console\\Application.php(149): Symfony\\Component\\Console\\Application->doRun(Object(Symfony\\Component\\Console\\Input\\ArgvInput), Object(Symfony\\Component\\Console\\Output\\ConsoleOutput))
#14 C:\\Users\\jerem\\workspaces\\php_web_scrapers\\laravel-goutte-example\\vendor\\laravel\\framework\\src\\Illuminate\\Console\\Application.php(90): Symfony\\Component\\Console\\Application->run(Object(Symfony\\Component\\Console\\Input\\ArgvInput), Object(Symfony\\Component\\Console\\Output\\ConsoleOutput))
#15 C:\\Users\\jerem\\workspaces\\php_web_scrapers\\laravel-goutte-example\\vendor\\laravel\\framework\\src\\Illuminate\\Foundation\\Console\\Kernel.php(133): Illuminate\\Console\\Application->run(Object(Symfony\\Component\\Console\\Input\\ArgvInput), Object(Symfony\\Component\\Console\\Output\\ConsoleOutput))
#16 C:\\Users\\jerem\\workspaces\\php_web_scrapers\\laravel-goutte-example\\artisan(37): Illuminate\\Foundation\\Console\\Kernel->handle(Object(Symfony\\Component\\Console\\Input\\ArgvInput), Object(Symfony\\Component\\Console\\Output\\ConsoleOutput))
#17 {main}
"} 
